156773853
250421561
103076965
68759773
1967396
68759773
1967396
1949882
107340218
3012848
158216561
498913255
443856041
401405113
380889227
221478417
548534149
6744368
74550194
165347033
171674169
73159418
171674169
36619392
202823217
293078745
103076965
476285053
68759773
233960459
103076965
453551173
74550194
401405113
453551173
38544944
171674169
68759773
862114
134707691
6744368
453551173
498913255
443856041
18854144
73159418
498913255
77672628
250421561
156773853
156773853
862114
51817332
36619392
60474862
158216561
28529578
221478417
378473977
6744368
301198649
443856041
68759773
156773853
20149304
272652977
103076965
401405113
443856041
301198649
28529578
21929096
18854144
165347033
572612799
1967396
28529578
156773853
202823217
38544944
387527813
38544944
171674169
548534149
156773853
401405113
38544944
301198649
36619392
134707691
134707691
156773853
165347033
165347033
498913255
20149304
33423717
1967396
453551173
272652977
