12652587614
2756035651
103707533
4760840540
54756656
4952518620
1035131090
2392648055
837100217
60653579
4554297801
15190845010
1060619689
252535941
563013451
5821588995
1127804038
1498409571
24444701090
12235728658
4904148567
513217594
25370800922
7434423863
16074426189
8280471176
1980861969
1344189293
3749236600
2420490675
91957700
5771053266
3819620691
11897985285
304333444
11516801261
8994984224
103707533
157697753
6437415243
436584167
23439793059
5997851951
121878307
20000806620
1580675788
2272945
23462962728
192587471
3049460231
