9177797664
14364840884
3820306860
5580669181
7594002859
27179358211
303453137
7377909848
2716924414
1523222732
3828655124
1970976559
5432060828
423691428
194378483
4410525513
3314662964
1836540491
2956160034
25416907937
6409921481
15438684534
1049832798
23067087986
3497951310
12925484391
4089169433
6626928608
3524971604
276655755
2362203858
13620644290
9269988120
22632239
6055033992
9118323
3300514002
13307854094
1900924753
14521942345
3615543273
7113583815
2718363784
1370237772
26616835274
8972913328
904393582
4839545560
3363770772
2222961296
15385674232
2362203858
2422464165
1602791451
16940585981
19234705122
3036520806
6917820
782556760
18204338433
26171710496
547253596
23064736554
9686957799
9017131600
2424143370
101219821
19851233640
6713424933
1246893346
3799034484
19559604343
1489243551
1597803366
2675252465
12125078626
182760288
16624224794
17078855059
6570562348
155788057
775850224
5705487576
15357537252
2263130117
6417460835
612199805
833482483
1622769601
595956430
