11798881043
852336078
9783306714
24326282140
24303597048
24616058860
1453382558
1723617158
12504936771
27926176085
8969554636
21637019329
908652690
27059239293
3450198436
25928279081
6484498262
12746080
6382769489
466484235
32000812272
872132627
127348678
1303536
2648683480
95740207
11777736859
7697982156
10971347876
6390731768
8013522460
1335640309
4490212623
5000354266
64423345
8067164714
960404472
4503692014
502317223
17092247
22062200
17478889223
3299089594
2689082037
671293353
608303392
637337322
1746326514
5977655063
6225011435
37498029199
2890711547
8148830648
5157829995
9760841291
14897470376
1187226138
9102785031
3328828761
4250071112
11912662103
1034361340
35818465267
300726578
96223452
7757001144
48358416
6828882877
30701569
36175009
9382634318
5314947114
28881235483
19157267086
2830389404
3103121807
6807382224
24076569188
4358556041
41031640967
16168285374
1442070537
6259578281
1945613942
1040818727
2693603646
230371855
340924233
25377821320
19123491340
198413154
7054109230
383586951
9828452278
2065981441
12055733687
7996423200
432380042
9084826074
1888645427
