8185432
27562360
9419967
4642320
9655840
1415890
2618228
3654194
10103784
22271250
2865408
6095333
3145338
4132178
4926069
4985595
19663866
775440
20977726
5540640
4647135
34737318
4822254
14641250
7883274
1952501
10296007
25210750
32660760
1558350
25315902
4256556
20679546
3718522
34578366
12385818
169795
2765716
5045238
35632536
1277132
26492571
8215480
25842480
10917412
3718522
8366832
8021058
3131791
17208000
31096736
21668560
29845200
10830240
3920931
40995125
301530
2575170
29289923
9387358
18192164
26698287
16906752
8579922
7384630
1828134
16094986
7126776
21751290
27427602
14097702
14484204
36090806
14737366
20067586
27910290
9271888
8409730
11572836
9745227
16333020
20875426
18150720
14400750
2311422
19391024
1103750
9790200
623480
26142640
12381920
34190604
11646738
1976137
18319060
2194292
8933955
1582134
4647135
24418870
584480
12572820
24291680
2637250
10371360
3306399
16616304
23322920
19611839
2152120
7577772
41175876
1558350
9790200
26315184
8825960
1870701
1843380
19230417
1470846
42196
331040
37889838
4180372
4044894
2209002
15540525
18293371
7831270
1382076
15594168
2946915
6914340
9662686
4590240
22003080
9413698
19800240
8519800
9239296
7712004
17382511
2614608
31152737
14889008
16889007
6076815
4297568
9752874
4228952
22789317
11300322
7392564
42379350
7030639
16602520
36078273
30327440
9790200
31930578
504340
11193847
41485420
21904077
2087082
140125
719180
2957845
7531128
4077450
19066725
4657375
15919400
29436008
33443089
11039472
5747484
2303040
5627644
1746654
9485950
102080
3188068
23078592
10048520
2155944
18869235
5627644
6889212
4314934
21944571
10668960
5348520
6461088
12420608
982218
1990443
3538710
13315404
32131853
