63617503
38755951
47530692
86177267
33100140
46071981
37315539
88341161
34557851
66373153
62717594
116644379
21963290
53296645
88281896
65363520
14785029
50674514
34905915
47513606
101808776
110062701
34971932
59143230
79654130
142613712
68951759
39073616
89406005
91154992
125240766
60528949
41687543
46071981
80233883
49954758
54673127
77484568
139949174
34933413
47530692
138767753
91062869
59862068
53994041
52885935
39003054
67073382
51329507
110062701
64281964
60528949
62369919
71813816
61040711
125240766
26061083
60528949
36373363
66373153
132967880
55508436
110809514
10394171
63421056
142613712
88341161
67630070
68920099
60609246
120747179
171954624
17451817
93094849
15418199
48289465
50027217
55508436
70492056
47209313
43732221
14785029
40226551
184027532
53321035
172927028
91062869
79013186
117766263
45681341
69832043
61217991
58485753
54673127
68951759
30866734
31210109
117766263
89406005
73377662
26061083
69282644
53417574
153620969
67144476
49312745
17662004
51246362
31076611
62369919
48889706
69282644
36327953
111752144
171954624
57831488
41448251
58485753
64281964
33204341
52684844
172927028
66212559
51246362
106824932
111752144
91062869
71902765
58089254
14212274
120747179
53417574
62717594
33204341
36773819
15245579
89406005
101808776
91154992
78412387
39003054
35297045
60759440
142613712
106824932
69101106
142812376
48344703
104567312
36373363
67144476
142812376
97517669
34933413
63617503
71813816
103054395
94087915
33842593
53799567
48289465
70492056
17069927
63623588
36327953
53655126
49954758
61267195
26674822
50674514
6955991
83140059
49312745
34933413
53073241
33842593
28793932
139949174
51392196
81646747
153620969
63623588
90009515
46071981
125240766
103501846
88341161
56165585
69282644
54673127
9160006
82948367
113189904
38754015
64781186
33842593
70492056
34933413
36327953
12800049
61040711
58485753
71813816
80233883
110809514
82948367
67073382
73377662
52278338
52885935
63421056
96897529
139047518
48289465
73377662
14785029
58485753
106824932
103054395
82434684
45681341
142613712
50027217
60424417
36327953
97517669
172927028
88089399
35669816
41378944
24809391
66212559
48400324
73377662
28673004
171954624
59800985
184027532
90009515
34971932
6202022
48289465
60424417
20043495
74369324
120747179
60759440
28987300
53417574
103501846
31836192
52191933
26674822
14785029
51246362
64281964
41378944
28793932
59862068
85224892
33842593
116644379
44451819
79013186
94660657
48289465
78412387
35297045
68920099
40598156
63421056
153620969
61040711
109494299
53321035
28793932
36620579
50557397
18817766
70492056
40665587
64517285
75888307
60609246
20720871
71813816
111752144
47377740
75888307
89804987
48889706
56432347
17069927
60424417
20043495
57831488
91154992
79654130
7037501
35669816
104567312
31553951
96241595
70492056
113189904
150341846
36773819
20043495
35772103
19495963
92917622
20043495
60050207
17980719
34933413
83140059
63421056
85224892
23978556
52191933
94660657
101808776
46071981
28793932
45681341
60424417
33204341
80017522
17746802
55508436
61267195
67630070
67418736
59143230
52587749
171954624
64781186
26687138
22898123
31553951
31210109
34905915
63623588
53321035
40226551
59800985
34360121
51392196
15082241
111752144
106824932
47513606
80017522
47530692
19813040
68951759
93094849
38754015
68140181
57831488
34905915
77316143
28673004
17189555
26695543
46271513
65447387
59862068
43732221
54673127
53994041
88281896
80017522
15418199
74031396
61267195
86177267
37315539
58485753
20043495
27562808
45681341
145474079
51978877
124702388
113189904
51618669
23673375
80017522
32822711
43732221
15082241
63617503
33016821
92917622
67630070
39003054
23559399
34905915
27439409
51329507
31210109
20043495
111752144
55508436
33145861
103054395
77316143
36981812
125240766
34557851
31210109
63623588
90009515
94660657
37061717
101808776
33145861
58485753
27439409
14785029
72392744
94660657
103054395
53321035
60424417
65852750
77484568
142812376
96897529
150341846
83140059
51329507
23166919
39003054
73450371
111752144
51392196
47377740
84039095
50052854
62369919
65447387
80233883
49312745
59800985
94660657
94660657
68140181
45681341
109494299
23673375
82948367
68920099
36327953
57831488
67630070
19381134
86177267
104567312
66957873
36373363
66373153
33145861
131004638
69101106
132967880
59143230
117766263
74396288
101516535
82948367
50027217
71902765
145474079
46271513
36373363
17088649
52885935
61040711
75888307
85224892
69282644
101516535
74031396
47513606
62369919
96241595
40226551
113131939
29019998
45681341
104567312
97517669
96897529
61040711
103501846
30794493
90009515
40598156
50027217
59800985
59862068
90104847
13918751
72392744
33816649
37061717
81646747
58089254
15082241
111752144
106204982
34905915
72001669
31210109
63623588
15418199
41448251
48344703
50027217
74396288
88281896
55372194
49312745
79654130
53296645
101808776
46071981
31836192
40655336
33842593
72639467
20045701
138767753
46071981
68951759
20043495
103501846
125240766
91154992
172927028
51618669
28682154
33842593
120747179
101808776
68140181
47530692
41378944
74396288
37754867
51392196
90104847
38755951
31836192
22898123
72001669
29872153
125240766
139047518
106204982
36773819
23673375
37754867
83140059
38755951
139047518
15375471
59143230
52587749
48344703
28673004
88089399
55372194
85224892
71813816
79013186
41378944
74396288
36373363
88089399
111752144
55508436
33145861
101808776
53799567
24809391
139047518
61267195
51978877
51618669
53296645
72639467
17088649
51392196
53655126
74396288
17746802
125240766
46071981
50557397
94087915
78412387
27439409
79654130
33842593
28682154
36620579
54881194
84039095
24994356
54417494
58089254
59143230
101516535
42027012
17746802
57831488
124702388
81646747
69282644
59143230
37315539
66957873
106824932
91062869
36373363
116644379
31553951
103501846
74031396
28673004
26334056
30794493
104567312
46071981
88089399
131004638
81646747
53994041
35669816
33145861
15418199
55508436
65447387
20045701
104567312
51618669
1705358
53073241
110062701
47209313
57831488
68140181
17139090
48344703
61267195
88341161
96897529
31836192
78412387
79013186
33145861
55372194
52885935
71813816
89406005
75888307
51392196
17069927
52885935
106204982
15418199
66957873
29019998
86177267
120747179
52278338
111752144
53799567
26061083
64281964
46469651
104567312
79013186
36327953
17451817
44451819
20045701
59304533
41378944
62717594
53655126
110809514
101808776
77484568
59143230
33842593
54582659
34360121
63617503
142613712
52191933
75888307
139949174
80017522
68951759
89804987
61040711
73450371
71813816
106824932
50557397
53321035
66212559
59862068
89804987
142812376
53296645
50557397
71902765
75888307
34933413
153620969
38755951
45681341
17746802
60226138
171954624
33100140
78412387
38754015
22898123
117766263
9086181
57831488
49312745
72392744
30794493
52191933
89804987
51392196
34360121
72392744
40655336
51618669
84039095
34360121
80017522
79654130
150341846
17069927
171954624
142812376
64517285
15002539
28673004
109494299
21963290
103501846
94660657
34360121
84039095
96897529
31836192
67073382
55508436
72001669
113564102
89406005
53321035
53321035
96897529
72392744
51618669
66212559
96241595
35669816
16286304
88281896
68920099
16286304
110062701
88089399
26687138
69282644
71902765
60759440
54417494
48289465
15082241
38754015
73450371
150341846
83140059
38754015
40665587
58089254
41448251
49573395
33145861
132967880
17088649
24809391
34557851
50027217
26687138
109494299
129033239
40665587
22898123
113564102
60759440
28793932
55508436
71813816
37061717
36773819
17069927
145474079
113131939
37315539
6842639
51618669
64517285
72001669
60424417
31210109
150341846
88089399
53296645
46469651
61267195
150341846
60759440
36981812
88341161
97517669
52587749
54673127
86177267
34933413
6202022
28682154
22554242
110062701
109494299
64281964
51246362
66957873
49954758
49954758
60759440
32005512
33204341
63623588
90009515
60609246
83140059
77316143
71813816
43732221
63617503
150341846
28236609
88341161
62369919
52587749
47209313
62369919
111752144
20043495
97517669
110518204
88341161
50674514
101808776
113131939
18968324
39073616
53321035
71902765
20720871
61040711
29019998
66957873
49954758
116644379
51329507
52278338
48400324
90104847
33204341
63421056
110809514
74369324
61040711
51246362
184027532
80017522
153620969
29019998
90104847
74031396
15418199
17451817
50052854
47209313
93094849
50027217
66212559
28673004
88089399
26061083
14785029
22898123
36773819
31210109
66373153
65447387
153620969
86177267
153620969
68920099
42154172
75888307
37061717
51246362
46071981
50052854
30866734
72639467
30794493
92917622
64281964
67144476
150341846
37061717
64517285
43732221
93094849
150341846
53994041
46469651
63421056
66212559
54881194
66212559
120747179
55508436
59862068
172927028
53417574
26061083
51246362
15418199
20043495
111752144
61267195
73450371
62717594
150341846
37754867
72001669
46271513
47209313
41378944
94660657
104567312
24663038
53321035
54417494
110809514
78412387
50785964
53073241
125240766
94660657
96897529
43678776
88281896
20045701
51618669
104567312
17746802
70492056
59143230
111752144
20045701
34933413
51978877
110518204
19054500
142812376
53417574
60528949
75888307
73450371
36620579
50027217
68951759
48344703
58485753
67630070
37061717
53994041
79013186
54634815
94087915
38754015
109494299
19926832
34905915
77484568
72639467
52191933
63421056
16592196
96241595
64517285
27470887
9629049
142613712
22898123
63617503
36620579
63421056
65721240
74369324
26687138
31210109
77484568
44451819
68920099
63623588
75888307
31553951
80233883
40226551
51392196
89804987
40598156
70492056
75888307
103054395
33816649
70492056
53417574
34971932
145474079
54673127
106824932
90009515
75888307
37315539
77316143
38754015
17069927
184027532
172927028
110062701
52278338
31210109
53296645
41448251
31553951
38999411
36773819
41378944
51978877
184027532
23293164
97986417
113564102
88089399
34933413
68951759
63617503
31210109
49954758
53994041
57831488
110809514
17069927
52191933
59800985
44451819
46469651
20045701
69282644
35772103
110518204
66212559
64517285
43732221
142812376
58485753
30794493
15053793
33204341
20372091
89804987
31210109
129033239
97986417
74396288
139047518
46271513
36373363
50027217
83140059
66373153
88089399
41448251
96897529
59862068
69282644
43732221
36327953
47530692
60528949
28793932
36620579
85224892
172927028
47513606
142812376
64281964
172927028
37315539
116644379
23673375
72392744
26687138
94660657
17746802
54417494
23116613
46071981
65363520
34905915
58089254
39003054
103054395
66957873
68920099
35014418
97986417
45681341
50027217
66373153
72001669
41448251
35669816
59143230
23673375
63421056
113131939
66957873
90009515
54881194
51329507
53321035
88341161
47513606
28793932
59304533
20043495
67630070
64781186
12800049
142613712
47209313
6955991
81646747
34360121
101808776
96897529
34971932
52191933
110809514
172927028
59143230
48344703
77484568
52885935
63421056
17069927
19926832
54673127
38755951
71902765
89406005
83140059
64517285
37315539
66373153
62717594
22898123
110809514
31210109
172927028
56165585
48344703
68140181
74031396
40226551
139949174
40598156
42027012
28987300
79654130
15418199
83140059
22554242
24746751
60424417
34557851
52885935
32822711
91062869
120747179
60424417
172927028
54673127
53321035
34905915
51246362
59800985
36373363
74396288
68951759
46469651
125240766
82948367
60609246
80017522
75888307
145474079
82948367
62369919
42027012
88341161
33145861
106204982
88089399
101516535
89804987
85224892
37315539
34557851
35669816
101516535
35669816
106204982
74031396
17088649
40226551
88341161
74396288
47209313
53994041
113189904
110518204
69282644
26687138
36620579
36620579
113131939
47209313
31553951
28682154
101808776
80017522
184027532
66212559
96897529
47530692
51246362
53321035
31836192
60609246
15375471
67630070
47513606
77316143
34933413
110518204
14308901
17746802
31836192
51329507
34360121
31169264
71902765
40598156
17088649
67144476
171954624
72001669
34557851
31210109
74369324
113564102
142613712
109494299
43732221
67073382
82948367
93094849
47513606
153620969
171954624
36651855
97986417
14785029
34360121
55508436
33204341
67630070
34557851
90104847
110809514
142613712
53417574
36327953
59800985
17069927
68140181
110809514
96897529
75888307
120747179
40665587
49573395
45681341
32822711
34933413
67630070
36981812
41378944
47209313
62369919
15082241
63617503
50027217
53321035
16286304
113564102
106204982
46271513
34360121
54673127
88341161
37315539
88089399
51392196
184027532
125240766
60609246
91062869
20043495
51329507
52587749
54634815
110518204
46071981
92917622
36620579
54673127
71813816
37754867
43796564
142812376
79013186
90009515
89406005
84039095
13486707
74396288
113131939
55508436
34905915
53073241
125240766
111752144
15082241
51392196
113564102
59143230
33145861
68920099
50557397
67073382
113564102
77316143
48344703
83140059
60226138
110809514
52587749
50557397
145474079
27439409
28682154
26061083
80017522
52191933
150341846
110809514
74369324
52191933
47880179
54881194
81646747
21327499
120747179
111752144
47530692
106824932
40226551
94087915
52885935
46071981
91062869
31553951
28682154
92917622
81646747
60528949
28673004
49312745
111752144
81646747
104567312
47530692
110062701
78978207
113131939
110062701
33816649
145474079
106824932
17746802
71902765
46071981
88281896
60528949
89804987
51246362
72001669
60226138
67073382
48400324
172927028
43732221
35669816
23673375
16631128
91154992
66373153
69282644
33842593
15053793
68140181
23673375
139949174
40226551
36773819
67073382
60424417
64781186
61267195
52885935
184027532
64517285
34557851
53321035
36620579
89406005
28673004
67630070
44451819
53655126
171954624
20043495
23391208
37754867
15418199
79654130
53417574
94087915
66373153
37315539
120747179
103501846
89406005
33816649
53994041
113564102
31836192
28793932
26061083
50674514
89406005
113564102
62369919
72639467
50674514
93094849
24994356
37061717
26061083
65363520
53073241
113189904
73450371
52191933
66373153
15082241
54634815
28682154
33204341
40226551
80017522
40598156
26061083
79013186
110809514
15418199
69282644
33204341
97986417
80233883
51392196
79013186
55372194
80233883
103054395
72001669
28682154
40226551
142613712
69282644
51329507
91154992
80017522
15082241
53994041
32822711
120747179
53417574
33842593
106204982
34557851
58499023
50674514
97986417
40665587
59143230
53296645
35669816
83140059
51392196
73450371
82948367
26061083
92917622
66957873
51246362
66212559
34933413
33816649
47513606
23293164
62717594
48289465
55508436
90009515
60759440
36934492
28682154
68920099
68140181
172927028
124702388
68951759
24746751
52885935
55508436
113131939
35169367
96241595
27562808
17088649
52278338
34360121
64781186
64281964
41448251
67144476
15418199
49954758
39492942
41448251
53417574
48400324
51246362
46071981
43732221
82948367
66212559
11071474
171954624
38438876
52587749
110809514
88089399
94087915
116644379
150341846
113131939
60424417
72639467
15082241
63617503
15082241
36773819
109494299
71813816
46071981
46271513
90104847
51392196
14785029
55372194
46469651
45681341
2317424
89406005
101516535
68140181
60528949
116644379
55372194
79013186
94087915
45681341
110518204
15375471
51978877
50674514
47530692
23673375
53994041
37061717
124702388
37315539
111752144
49312745
74805320
53799567
64281964
36981812
43732221
53655126
46271513
62369919
54393320
17069927
59304533
35297045
77484568
50027217
34360121
36327953
15053793
153620969
60759440
150341846
59304533
71902765
20043495
53321035
172927028
54673127
69282644
124702388
80233883
88341161
53994041
73450371
53073241
150341846
45681341
51246362
91062869
72639467
51329507
58485753
54417494
66373153
50064729
120747179
36327953
39003054
48344703
72001669
139949174
54634815
113564102
28793932
28673004
142613712
48400324
28236609
63617503
38755951
20043495
58485753
19926832
50027217
113131939
26687138
46469651
75888307
96241595
60759440
172927028
51329507
66957873
54417494
103054395
103501846
68140181
27439409
132967880
48344703
101516535
88281896
91062869
60759440
131004638
72639467
5903425
34557851
50557397
71813816
47530692
65363520
74031396
106824932
14785029
45681341
16081173
86177267
23038554
53655126
17088649
69282644
60759440
46271513
36327953
17088649
74396288
68140181
71902765
83140059
51978877
53994041
67630070
96241595
90104847
48289465
64281964
38754015
131004638
142613712
82948367
103501846
96897529
101516535
153620969
80233883
50052854
64781186
38755951
28793932
81646747
110062701
53073241
104567312
51329507
75888307
61040711
61040711
52885935
58089254
34557851
61040711
34933413
54881194
120747179
17746802
51329507
60226138
65363520
142812376
36773819
47513606
88341161
94660657
142613712
26061083
58089254
58089254
17069927
44451819
43732221
101516535
59143230
80017522
59800985
53799567
88089399
54881194
31836192
46271513
52278338
65447387
47513606
28673004
50674514
53073241
59800985
40226551
104567312
60759440
92917622
59143230
94660657
69282644
51329507
35014418
74369324
80233883
88089399
53321035
113189904
89804987
14785029
28673004
94087915
23293164
35669816
73377662
61040711
150341846
49312745
50027217
41448251
101808776
109494299
60528949
65721240
75888307
49312745
34933413
129033239
77484568
111752144
42027012
60424417
59862068
53321035
120747179
65363520
138767753
129033239
15082241
153620969
75888307
26496335
20045701
101808776
101516535
59304533
55508436
67073382
23038554
139047518
184027532
110062701
34933413
67073382
63623588
60609246
90009515
101808776
57831488
68951759
61040711
110062701
58089254
74396288
66212559
75888307
171954624
27562808
47209313
70492056
34971932
113131939
49312745
52885935
40598156
49954758
13918751
30794493
84039095
91062869
69282644
50027217
33842593
88341161
110809514
89406005
63623588
38754015
60609246
42027012
110518204
111752144
27533189
145474079
93094849
38207052
68951759
34470236
50674514
17139090
38755951
78412387
54634815
65447387
53655126
65447387
59143230
43796564
48344703
40665587
43732221
27470887
74031396
28793932
63617503
23673375
117766263
36981812
37315539
53994041
34557851
53417574
132967880
23391208
150341846
51246362
41448251
103501846
110809514
79013186
16081173
124702388
54673127
184027532
48289465
20045701
110518204
113189904
125240766
46071981
113564102
51329507
110518204
72628622
72392744
28682154
139949174
110809514
131004638
68951759
74396288
47513606
113131939
36981812
28673004
61040711
90009515
52684844
41448251
7112171
111752144
92917622
44451819
110518204
19990391
79013186
129033239
139949174
58089254
85224892
28793932
138767753
124702388
51978877
96897529
66212559
34971932
96241595
85224892
32822711
15418199
41448251
113189904
50557397
53073241
41378944
139949174
62717594
79013186
90009515
64281964
20045701
53655126
110518204
59862068
59143230
84039095
15082241
61711966
33816649
17088649
40226551
53799567
113189904
88281896
53073241
55372194
70492056
36651855
120747179
106824932
53417574
58485753
23673375
88281896
36373363
91154992
53799567
55508436
42027012
79013186
52587749
20043495
74369324
117766263
103054395
20045701
60528949
72392744
20045701
38755951
17684075
51329507
48344703
79654130
46071981
60050207
74369324
28987300
72001669
117766263
172927028
59304533
44451819
15082241
125240766
89804987
49954758
48344703
92917622
47513606
61267195
59143230
70492056
59862068
31553951
49954758
42027012
80017522
90009515
101808776
59862068
60609246
69282644
34933413
113189904
104567312
117766263
61040711
138767753
73377662
41448251
59862068
88089399
66373153
72639467
41448251
94087915
93094849
53073241
113189904
91062869
15082241
54634815
27439409
104567312
63421056
90009515
103501846
79013186
60609246
124702388
30794493
80233883
73377662
142613712
34557851
47880179
53994041
103054395
113564102
45681341
36981812
88281896
67630070
73450371
34905915
34557851
60226138
50027217
47513606
34658034
90104847
46071981
28236609
77484568
58089254
55372194
77316143
139047518
129033239
55508436
63623588
53296645
73450371
67073382
73377662
61040711
64517285
109494299
46071981
49954758
38755951
106204982
28682154
34905915
54634815
84039095
33204341
59862068
68140181
29019998
15418199
138767753
79654130
66957873
54673127
32005512
54881194
60424417
56165585
60759440
89406005
47209313
73377662
42154172
20045701
43732221
63623588
113189904
63617503
131004638
113131939
94087915
34557851
117766263
30794493
17451817
72639467
36327953
49954758
89406005
53799567
41448251
53994041
94087915
117766263
66170651
20045701
34971932
88341161
138767753
38755951
34360121
27439409
63421056
36327953
74031396
65363520
79013186
80017522
47209313
34360121
79654130
47513606
3565784
139047518
39073616
38272892
20045701
58485753
65447387
48400324
22898123
81646747
94087915
64281964
28673004
97986417
38754015
50027217
65363520
36773819
82434684
103501846
142812376
74396288
37315539
63623588
49954758
34658034
74369324
47513606
42027012
35669816
53799567
80233883
68951759
145474079
6842639
88341161
41378944
32865710
35669816
60528949
22898123
90009515
74396288
88281896
35489727
28793932
68920099
79013186
31210109
103054395
51618669
28682154
36773819
66212559
110518204
60226138
47209313
41448251
125240766
110518204
36773819
117766263
55372194
61040711
66957873
65721240
172927028
68951759
31210109
31210109
113189904
44451819
72001669
91062869
52587749
47513606
40655336
116644379
78412387
125240766
22536900
53417574
24303484
74369324
71902765
153620969
131004638
47530692
64517285
61217991
42027012
59304533
37061717
58485753
78412387
36373363
71813816
28793932
72392744
33145861
82948367
68951759
14170649
78412387
39003054
37315539
36773819
15957770
30794493
131004638
63617503
27439409
52191933
74031396
54673127
59862068
32822711
35927694
20043495
63617503
61040711
54673127
72001669
142812376
31210109
38755951
72639467
17088649
91154992
20043495
97517669
88281896
34971932
120747179
33145861
101516535
20389274
171954624
40598156
36327953
142613712
68951759
38999411
32822711
50674514
117766263
71813816
8514329
153620969
53417574
70492056
24746751
101516535
55372194
51978877
106824932
171954624
33816649
46071981
33145861
59862068
15418199
96897529
37315539
88281896
91062869
106824932
78412387
93094849
28793932
47209313
50027217
103501846
40226551
72392744
34360121
138767753
33816649
73450371
59800985
109494299
35297045
138767753
17088649
34360121
34360121
101516535
59628464
37754867
53321035
109494299
63623588
91154992
54634815
49954758
72639467
72001669
110809514
129033239
17697751
52885935
45681341
139047518
37315539
145474079
53655126
110809514
32822711
106824932
64517285
7112171
84039095
139949174
54673127
104567312
39073616
55508436
50674514
86177267
77316143
79654130
184027532
88341161
34557851
36327953
36773819
96897529
88341161
50557397
64517285
83140059
68951759
63617503
90009515
14785029
60759440
101808776
38721954
26496335
61267195
28682154
93094849
26687138
60424417
36373363
37754867
34557851
35297045
113189904
25950632
52278338
106204982
64517285
28793932
66957873
58485753
109494299
74396288
36620579
116644379
171954624
35669816
138767753
54634815
51978877
68920099
35297045
51392196
109494299
103054395
88089399
51329507
62717594
91062869
22898123
67144476
37315539
71902765
88281896
26687138
79654130
53296645
184027532
53296645
37315539
50557397
52885935
106824932
43732221
23673375
116644379
113189904
83140059
35669816
67144476
53417574
69282644
24994356
110062701
31942665
67630070
28682154
51246362
80233883
90009515
17069927
65363520
85224892
92917622
43796564
17088649
53073241
59304533
96897529
150341846
52885935
49312745
37061717
37061717
41378944
62717594
33842593
32822711
97517669
63421056
69282644
74031396
104567312
103501846
139047518
67073382
94660657
38754015
89406005
50674514
53296645
61040711
53073241
53073241
29872153
35297045
62369919
49954758
38754015
75888307
93094849
51618669
15082241
28793932
51392196
53417574
40598156
17088649
59800985
53799567
103054395
32822711
20043495
91062869
73450371
47530692
47209313
110062701
116644379
32822711
61267195
46071981
28682154
15418199
73450371
66212559
110518204
53321035
59800985
85224892
31210109
51329507
53799567
53417574
96897529
56432347
101516535
74396288
67073382
23559399
69282644
47209313
110062701
88281896
61267195
59143230
48344703
53296645
53994041
24663038
72639467
75888307
46271513
117766263
38754015
40665587
51329507
48344703
82948367
65363520
15418199
17069927
46071981
74396288
33842593
89406005
69282644
57831488
101808776
53417574
37315539
153620969
28793932
68140181
51618669
34905915
26687138
55372194
11332000
27439409
113189904
77484568
84039095
46071981
88281896
47513606
59304533
88341161
51978877
88341161
36373363
153620969
101516535
52191933
15082241
49312745
68951759
36327953
184027532
54673127
125240766
104567312
74369324
66373153
129033239
40598156
19054500
93094849
111752144
40665587
97517669
52278338
71902765
113189904
106204982
84039095
17746802
63421056
12800049
32822711
97986417
113131939
88341161
83140059
96897529
53321035
33816649
125240766
23559399
36981812
61267195
138767753
61267195
64281964
117766263
67073382
34933413
68951759
62717594
14785029
88281896
63421056
33842593
74396288
35669816
28793932
35669816
51246362
60050207
75888307
42027012
72392744
68920099
62369919
65363520
88281896
103054395
88341161
32005512
93094849
36373363
48400324
58089254
45701947
60609246
34360121
53655126
43732221
51246362
92917622
53417574
56432347
124702388
28682154
84729058
52278338
40226551
60759440
80233883
110062701
60528949
31553951
129033239
33145861
113131939
39003054
34557851
26687138
82268365
79013186
67418736
110062701
113564102
35297045
14785029
92917622
142812376
138767753
51978877
14785029
49954758
153620969
17088649
73450371
33145861
53296645
36773819
89406005
69832043
51392196
17088649
101808776
22898123
66212559
23673375
59143230
53799567
31836192
70492056
94660657
84729058
85224892
79654130
47513606
63617503
48289465
104567312
30794493
120747179
77316143
69282644
60609246
153620969
54673127
26687138
19495963
30794493
92917622
53073241
34557851
86177267
52885935
50027217
145474079
36620579
64781186
65363520
88281896
38438876
31210109
28987300
74396288
67144476
20045701
113131939
34557851
54673127
84039095
60528949
59628464
36981812
18968324
73377662
63421056
88341161
42027012
52191933
85224892
53994041
85224892
63421056
81646747
53994041
70492056
106824932
9086181
33842593
48289465
67144476
116644379
80233883
27562808
39003054
37754867
57831488
20043495
6955991
61267195
83140059
63623588
48344703
34971932
96897529
94660657
51978877
94660657
53994041
101516535
70492056
110518204
39003054
18371812
35669816
34933413
56165585
55508436
61267195
37754867
94087915
55508436
20043495
22898123
63617503
36373363
116644379
93094849
36373363
69282644
52587749
113189904
43732221
17746802
37061717
139047518
17697751
30794493
56432347
19310519
96241595
26695543
55372194
53994041
26862039
27533189
125240766
30794493
94660657
184027532
17562240
172927028
31836192
51329507
85224892
91062869
145474079
103501846
36620579
33145861
66170651
33145861
64781186
90009515
14785029
47209313
59862068
59800985
6955991
61040711
78412387
80233883
120747179
63421056
103054395
47513606
20043495
61040711
73450371
90104847
49312745
74396288
17746802
139949174
73450371
97986417
103501846
15418199
53296645
51392196
31210109
34360121
64517285
94660657
38754015
17139090
110809514
43732221
73450371
72001669
42027012
132967880
129033239
65721240
138767753
5503950
60424417
110062701
91154992
131004638
59800985
142812376
48289465
138767753
68920099
81646747
52191933
64281964
120747179
96241595
103501846
74031396
17088649
40226551
53655126
101808776
109494299
110518204
66212559
88281896
