36968045
57012593
106922227
55514146
51298741
107348001
67061455
114008707
64221808
60682062
93245177
67036939
8323373
50492150
52310709
185522215
59597447
59502999
116859303
106921734
13747691
128482391
53272681
72286303
137830896
105158150
23574991
57167497
53761813
12491890
50623429
191908529
24897538
72179204
25248401
180143909
26901891
107903946
74259875
25641864
85023078
26790741
129615105
107651106
55563399
71787071
28034090
81701123
150604019
72020953
35458472
67161075
70691097
160513601
119344402
105177507
108322354
15297407
58069145
10012271
24869102
44743066
45925930
26272465
157030929
77150488
43022139
60603543
101681447
75180250
36391221
69162047
46421900
92858536
51257087
73652789
33101973
58791521
31280981
71575893
126617477
41965598
124400039
32722659
64924241
10198167
105244881
103542961
191698685
67036939
22280679
68127759
36968045
144449464
105350909
21638379
102933473
81040322
28522047
93151267
59850977
78559701
75669752
83035892
63493977
49369063
136189829
43445971
122948761
38038433
57734171
97476325
53783267
139040222
118785711
115146000
30018225
53713115
38120023
106099775
73000049
27648285
65050979
64364069
15786400
28569017
113479562
53111688
43047149
43291682
51616333
23850027
144788869
40272985
59850977
72020953
29304409
67042059
48414879
23376161
47897277
45338912
46232403
46693914
96269847
130577130
75501383
105058346
50313787
49841247
83739807
122700008
31850957
106139179
120323061
13640759
14602753
71210209
68337383
92883972
31210260
88399069
59989727
39554854
91474560
108435132
35495939
98042993
26001108
33928372
32609152
109294641
73404005
82771750
95868459
32179584
42075286
13811686
85752083
35004729
58855425
92141761
122565814
44963657
106139179
49685289
14216195
18180591
43524243
31172325
118373877
61901901
42762387
58881008
59978079
37571144
43266537
15878803
53357679
147421803
104814590
34377004
72664376
10886669
74370668
97270694
41091816
105058346
45925930
14761386
77070023
52127257
88816916
122602067
110226155
173752321
36143167
46548549
81083237
47342921
43929853
96824096
91703637
45407702
121609434
83502926
43093708
65440412
36843298
44053619
48533823
102266308
35138818
113811483
130521638
43616931
79953468
224780997
83560140
28035743
27853657
87567350
40918777
126470933
58795685
47306454
51321592
106459893
30943982
126085495
33208659
112428288
28035743
92939801
53923139
43047149
31850957
19413483
62885319
85655276
43752185
67515266
44406772
109798925
8887709
21334981
103571488
54180876
48674531
114343564
106250857
18648184
50935901
87119940
122108195
32250703
38120023
32250703
10886669
76979687
70309894
124651463
63400464
27085129
73259209
7059744
43266537
98096981
81460501
95215562
197906059
41044073
18173995
51985904
23903967
83859399
125610911
81040322
130521638
19770591
129545975
65548861
97579767
21699343
69532567
114528741
42455269
124383626
26472983
80051465
70869018
23381170
197906059
73663836
90553991
125127272
12851917
56804567
119434248
85898508
80129648
205192983
6777500
143585187
114847139
49581476
90751361
118266896
25195242
39466169
32110499
46434716
39299472
22882959
132874377
46305511
106686776
18208263
129727321
76133376
75259779
61507668
90852471
148004498
50392433
29558922
89250726
29292673
47013081
70539872
12559090
83689123
63202140
83672414
53521493
54519817
17005181
44270471
83035892
67423629
43707125
205192983
9251003
65905735
68127759
37527853
37767462
41966069
99903248
105740933
77168490
46609755
47946035
97040448
65377683
105513801
96884981
25395388
50265809
37544587
46961681
41737614
58881008
125572500
91293767
36240577
55952167
64433306
35138921
65567385
32734455
172492385
41030967
60501123
74492111
26976716
64820487
20475743
205390691
77756849
47446031
36661487
66976658
42030735
95762334
90303364
101994506
9561281
92858536
15000624
86096796
22032887
181226393
69706493
126499748
75223053
77452231
108500849
89805269
53183543
91749363
41260377
10928427
62643698
44936596
69423009
33052714
256538871
50290961
35449552
186647380
45571208
44758028
48143291
45571208
111111997
91723751
97104294
101757278
79114432
68069012
69284208
67452069
85790683
81561982
30404156
77580581
39299472
90303364
37061364
53419412
24302463
181226393
81471485
33743481
38023992
29476740
57301995
12388418
70380324
76983676
57970371
75223053
67865572
57908215
56128403
84554156
45970977
17737736
80599157
42553730
21149688
47946035
50727849
53159995
60247078
39548816
202794413
29266089
109294641
33208659
34717169
70113763
67955717
45490835
50444395
15366457
93002075
42450114
36962072
78113917
51303195
95743893
22654553
23470503
39222099
46074628
65296331
66976658
13788593
127795588
74128211
51509017
91737241
82826796
40346610
66638749
70364336
120800167
75161196
40961439
25689057
15056511
81471485
107115693
29101451
78268589
32583620
13688024
68556981
63100235
37132451
42541385
39409775
67045978
65050979
75447095
59003225
71302257
67788362
71551393
56696785
63468117
31195866
134682742
87968615
102041021
72664376
71026007
21646559
15032720
53751116
29266089
114619659
28376029
64728451
103717152
70309894
79229537
72706243
125660367
68418165
75306906
111170691
49656299
70693749
140871104
62643698
95045169
53826668
93002075
2902604
61446243
103959467
16641014
48170349
95388628
45188675
31172325
18150285
22898147
37544587
124400039
39004135
84985803
29954538
96493842
108980525
93590135
39784875
125445071
41725997
11098859
64364069
106300320
103045495
33114603
42660819
31658437
31562552
43047149
92875877
37880995
35128701
97500297
98609075
129524103
77580581
207003911
119220198
49241965
51616333
22177141
125572500
79973778
26534914
70729284
156945363
81696299
104347814
60843671
101008796
94548342
44545131
55903604
42473564
63231017
24897538
49285338
70223031
185814216
52550786
9671743
57588953
55903604
62973371
37053860
38081453
69587895
44150690
29490861
92785811
34928273
15455939
114891211
40406144
29954705
29422995
84416292
15106889
112366988
50070033
81006303
75464558
12049030
58190831
96493842
29474943
59973850
77767761
51371224
12778743
69706493
83497793
26901891
17170791
41652999
67180946
11091932
85721624
130532221
96884981
33266388
30456528
59502999
118645876
35485263
84360513
53815477
32668439
105244881
57518918
132806731
22280679
91731560
45110316
106315929
101681447
103541861
68556981
114647292
119281052
205192983
95732151
52568792
26567528
78127877
71998623
45970977
84205861
79229537
180809293
8433964
96493842
69408473
109058669
28509393
71551393
41733959
13496392
36333667
52971246
8159830
108728689
121537865
36457487
105931316
63184799
78246509
58222319
25248401
31979811
41965598
31850957
87731087
29463389
88399069
30185592
87730939
54036284
71575893
101922266
60741679
32263949
10365086
68405675
42082444
95094761
91749363
143824964
29422995
192840535
87771984
38702206
26748989
193981288
51460823
94056853
89154087
69706493
71812193
112810322
120262061
125660367
42450114
41186808
67706123
25759040
51624620
161919017
71259559
13788593
139114541
120536885
19575432
22032887
12765188
80712611
44293444
49259237
22454685
86141083
95156415
11091932
45140496
93124619
89065503
93590135
119448124
158304471
40916438
82819107
93548099
69638659
53682173
221383374
99380395
117394568
96280583
63800400
45498688
10845595
18173995
90801011
47213096
41725997
78418779
115718917
62948241
31652604
75478838
73390200
85643164
16261969
40873131
90553991
41894556
55934601
35046863
58598546
74776225
90306332
30207701
106686776
35249801
60589696
142190411
34545794
111413339
116161865
56973129
45404315
125987094
55514146
8905725
182355863
36819324
80028498
67788362
85790683
202794413
79976124
23797867
10688204
37899551
77769992
12716603
168666055
105944652
10694330
92024643
152329673
166232689
24907688
86075108
75306906
118648779
99152231
68337383
84416292
194766854
58598546
22241713
48151169
36952604
131358769
158689756
31181786
29653435
10817016
75501383
150604019
93972696
30018225
15786400
65392136
29088728
41420678
54799981
69638659
10023903
6473649
53872452
77580581
38300608
7357776
37492390
35138921
106921734
48731999
154769254
8430799
82733189
47172403
37767462
19184364
29201999
74679315
90553991
93866841
23381170
92755398
108408867
30653749
95762334
57602294
53575967
111258741
26886322
79400329
61979033
44758028
76509896
80712611
67724532
78593872
29954538
32722659
48731999
50760462
34973012
120536885
67495785
14431725
102266308
36193097
50713873
145481803
31198931
17005181
21646559
88399069
65296331
89480306
83250596
8161763
45131357
71652203
13152689
26001108
92358069
62696654
46131947
44406772
49070878
50129643
102773711
18916185
43241235
72993779
144590695
41860127
63231017
39466169
65769197
134084574
178625377
89802868
12112137
76185374
61675517
27836162
52628876
8597679
189303791
43707125
60816407
157030929
147421803
64780930
37571144
81225896
67781999
7938737
93617987
66279859
158689756
3953123
78400601
41757471
22300451
168666055
65050979
17808461
158033753
68639993
20168243
65015347
64221808
44121098
56638440
45188675
62799488
112185869
24907688
10012271
127980055
65707924
54246958
156677257
93972696
84985803
92786217
36819324
197148761
34928273
54899402
189471351
35203378
66048759
36739533
84134367
31181786
44260301
44199651
46644905
61712103
14633429
21638379
46961681
194950071
118373877
18280142
13925886
25354236
96108947
78435939
76509896
128115072
35464587
51321592
142379160
67691801
84762551
131657239
92429113
97579767
50070033
44428510
63518223
65714514
52874327
43616931
53581429
226280003
90947137
63163314
165568161
25782496
72520913
21805297
19906079
64238246
42624389
73663836
83859399
1522137
28880219
86075108
23419532
29474943
39299472
29152313
26516976
165568161
101886740
118196714
47448455
44789653
93688143
34928273
8981292
26376512
38042135
56696785
131657239
85752083
53837853
48221487
7441732
63876431
88787476
33876245
129545975
32593167
138913956
134084574
49608794
259892008
34285247
96779301
29400489
161919017
169290857
63818221
88039057
98080075
89327395
119482269
6920100
83407224
150459125
44504471
60603543
81471485
101995964
23643923
91737241
54059469
70205443
56254139
29310874
39885179
44336777
49006748
57605794
96257127
80028498
74192493
89511711
113869324
58243078
27588803
92429113
46004761
21316952
112644939
67423629
81958075
48671781
55130393
81006303
53461538
63468117
82747325
9126661
49484869
113032379
41965598
7202320
134927386
58813476
67654452
26361105
126065223
26790741
70411091
41287312
172380935
78437534
46439121
58855425
30795069
42096531
116383599
150604019
75417347
46131947
90852471
128482391
66980771
27292304
29152313
70309894
65281226
44104557
100357015
26516976
124177772
85172251
36143167
32961267
78400601
11768292
116383599
21661787
219251900
48584141
78522155
3509254
43669039
49259237
119730572
79232523
18032476
114528741
160111776
76938313
27134429
25699375
89224385
36143167
75304311
116859303
19456305
61679375
71787071
65494029
3679666
71560500
65555714
29909916
32624321
56379373
20086983
133430194
38696035
30621807
37591061
67865572
38244073
63547964
42652669
24390973
34093347
24842809
64890371
105734741
28569017
102041021
79354125
104113432
36962072
36103070
12219227
58486817
86842359
71908408
47478312
18775065
120159161
142626564
79551599
59337733
85726743
39955536
107807727
169290857
54380400
34077410
118634489
115718917
101995964
74792115
58453847
69532567
84360682
84706691
91557629
101757278
105200343
41522786
57564658
31652604
58786709
9126661
91776311
73636794
83137713
41965598
78768044
32133684
65494029
74187359
46232403
45188675
36842957
84360682
81175627
105056357
57689132
41860127
44957177
26534914
117004124
89608205
114904889
115718917
162228125
75180250
81040322
112810322
24907688
96824096
37686158
86796764
134682742
12407633
15441545
181004388
91988261
148573287
52971246
56429870
145481803
35249297
106516874
28374736
32961267
38465812
94958420
89391385
58795685
15313000
33857635
65714514
50265809
89069419
88787476
48170349
24513078
104087031
125883555
25025119
27391225
15313000
46837724
28035743
199915043
91988261
38664301
112366988
89802868
41287312
23850027
34382767
28562559
28035743
86299598
37554237
27731758
100847546
42309248
34545794
28569017
22300451
79438151
172044133
78268589
16433669
110109788
194950071
57190832
121130993
85956355
77866835
124183451
48059753
29867792
99111950
18601847
98467402
75783324
67221653
121950947
50918240
122860607
94744611
30050416
29490861
55486276
62235296
28522047
18459560
190504604
168410992
85080428
26943150
106099775
51624620
88586669
60700566
141588476
8161763
93264607
48671781
72717671
103717152
38659435
69394011
48013589
92939801
41737614
56294516
140808727
232096403
104188659
31264183
169948116
53150553
41662782
74370668
224731943
108728689
53807884
44700041
63785729
147629519
72739799
73928020
15329166
55701837
10688204
80484398
60121331
85495035
15883081
70352445
94292313
80712611
42161074
57053487
90788581
68766058
90306332
67161075
106315929
59850977
79354125
34324460
22098051
29211401
63738233
116859303
20474118
29132577
33359973
114626927
68164655
101681447
39415344
8837739
6473649
58044233
133430194
98574866
29671467
44504471
28376029
70352445
188087744
56386323
69729451
81147317
51823359
55519206
31850497
87291324
74573803
23095976
16801963
64221808
50767106
64217545
119475769
97270694
48151169
101088099
51624620
74370668
25120577
68978527
171005135
164304967
136399776
50727849
73992713
52874327
82876367
65977397
46609755
85148066
61769584
110880541
63493977
56804567
19469015
7043648
28848482
30321500
148720215
95668999
49308231
7943664
68582604
43222569
7357776
29767351
75962837
86075108
25120577
48731999
108965345
48896636
59732177
37281495
144590695
90788581
169948116
60818779
3583717
51861105
44300675
42470942
55709480
110195577
51748259
85643164
97040448
156844679
44504471
44150690
23042116
12407633
46820235
28812831
44293444
84863597
28689381
21713300
42734807
119220198
23702205
83407224
12982707
129810077
59502999
57974372
56294516
30228491
34077410
156001005
8374957
29422995
92429113
59554301
51786381
74128211
21882484
16525134
32446284
57588953
102971683
28522047
143585187
103647501
10012271
156557155
66943584
47492125
81083237
134777144
88991455
36234328
71585976
31195866
217359987
85528604
9818060
75478838
10197137
12219227
72994125
122602067
144631608
96108947
89918442
85830777
15298934
91749363
45671984
103541861
140347985
56283715
102351665
46074628
51786381
18916185
160513601
91248763
92755398
49378949
55952167
136575679
136575679
88552229
26242359
106306720
93866841
86487209
18208263
52895423
83186693
78746326
26146856
29303362
46548549
80104887
84706691
7064984
45830427
42082444
35832703
4446459
110291397
127980055
70638573
32722659
34970956
55701837
113811483
39784875
37358383
105086336
138815042
144713708
105056357
151028503
69364700
103422105
135920696
114891211
131607996
75897947
64610771
130865697
133837599
110372864
78522155
150459125
53513506
82747325
85528604
106099775
35874582
80382897
138749600
29422995
33403485
48902244
86299598
92280417
31586261
75962837
158304471
80307340
132820203
26901891
114343564
19424930
50619443
48527799
67654452
19413483
28933468
42015135
5792769
8981292
9915975
66296921
22294568
50119365
129810077
82594643
29868845
66711017
10226651
80873177
106315929
34345773
81006303
62833366
48511410
32612458
34356736
86818806
58791521
84769427
57167497
35046863
41071933
84410350
31979811
88077077
53246543
39056664
53660493
19546478
99121176
84391607
111258741
110109788
47077453
9671743
81560696
48584141
114453373
149805512
67638570
125931717
13540284
17963621
90657445
88789230
119714575
47891297
28432700
64238246
72471273
107651106
33629453
83596427
82468661
42266958
97040448
11372366
30185592
86352491
60121331
126340917
67865572
9882312
77762192
179552235
35046863
20475743
55267605
217359987
131657239
16361823
59502999
36103070
15845631
48755719
109294641
32127905
148940783
135962573
24235307
58528540
106922227
104710519
38036951
80177757
55709480
52568792
37766492
2743323
29761040
64780930
174196189
63601105
56730470
126470933
110446180
276287222
24537481
119301899
9045080
105244881
103647501
71026007
64728451
108141209
62696654
31586261
38664301
5132240
116803273
142840682
112185869
22795208
155032679
5688413
144713708
90356391
192840535
15313000
69550552
56512698
64969550
23407794
96624149
81312284
66976658
112293494
142379160
32229027
120452951
39863137
22709625
7237701
88886966
99863205
44758028
3248388
92128247
17265197
129810077
47161412
47383732
44423016
60766104
41193016
89039609
14003207
61901901
35224560
75962837
128833706
43106633
103541861
52235299
225694613
88991455
27221141
58455469
95215562
6473649
68211795
41682557
40756911
95182951
37716993
68043609
60259583
65189638
148872265
92585505
47268501
114390011
78719283
28522047
23716355
65905735
90306332
50625493
91293767
60816407
93002075
16261969
148573287
48527799
100695822
25880564
28113413
67891783
59497700
23797867
37880995
29422995
4291832
53521493
53183543
95762334
64969550
70352445
95423120
62518407
60437544
6895875
44054955
255629085
35123943
65206649
72378977
18302079
42473564
53807884
55709480
133867671
232383811
30737372
130865697
232383811
52874327
34740890
46058254
114008707
35363158
85460151
51130428
130616916
75635892
46184831
107649854
81450083
89551082
68236499
35169879
53246413
230950179
62624383
30018225
14375499
147629519
34904346
3506652
36143167
35458472
153251829
119714575
128505793
151028503
71935460
65293523
138749600
13496392
31754459
99048519
88715848
17888747
72608024
34077410
39405653
129615105
106459893
70869018
68556981
58006346
31562552
70352445
46421900
21121595
50070033
42652669
113479562
65494029
42493899
105056357
73115300
23885878
5592951
111282396
99863205
82771750
51310469
37323775
54061906
61276164
145916079
80104887
103556907
73259209
40346610
69902234
73547599
35768411
85460151
30083499
45404315
90788581
68043609
105058346
57190832
112185869
23103405
41682557
28865627
91776311
34415912
28569017
148322196
47860172
41420678
57588953
41193885
90947137
88885441
45863727
63818221
121898389
51496181
62759219
155032679
95388628
25743338
145005732
72608024
76960367
125822419
48059753
62595161
154239685
68452041
21699343
26733489
45898445
71619836
48170349
73265706
25375115
35743282
259892008
72020953
24133190
71354257
40873131
29937425
125127272
140347985
150326844
130006836
41193885
65411124
60603543
92852985
111599455
137102225
84383667
29848444
202794413
111203163
51070968
145330319
171990663
64545794
28831931
5533956
94206171
96280583
77014806
51310469
137178671
53871435
22191257
62877208
22926838
73683361
168073683
156557155
51823359
138245045
34928273
46131947
19424930
28776812
151533148
63017471
124966484
36123195
80602415
116746389
69162047
64917629
186088658
42936302
19183464
34183931
54519817
105196658
60252569
84134367
3506652
66556691
164304967
96612961
18150285
39863137
82522589
68859339
18668767
194506485
31524812
27369994
73404005
47643745
51616333
47532355
24635161
36079272
24818144
83584692
113982318
112810322
14431725
34970956
40443138
45041519
50047409
80595833
54036284
182270051
62464828
137023020
14818687
62235296
142379160
76509896
28263311
60603543
66943584
64328189
21733740
22644684
95668999
124177772
45516798
71175553
53783267
58562636
36193097
51984893
167580057
80104887
69274335
61276164
70102611
65863547
184331287
23130729
70869018
63395943
46305511
19256069
92655313
33552443
30018225
94994709
47779125
16381563
77720513
89837004
156557155
24742251
93925593
34081581
148322196
56205997
120308798
27393611
57908215
123394371
101605626
102891975
35874582
89589323
77769992
36739533
172380935
41071933
35249801
159352636
85956355
101088099
19423676
84022273
130739423
70385673
92875877
69528821
99152231
59236088
84985803
29867792
37686158
179675828
28880219
53681834
59337733
58301168
69902234
137178671
205192983
202794413
12851917
85233367
85495035
23042116
55903604
23643923
25689057
11051451
44752445
130521638
162671319
36861284
50392433
22644684
51616333
83886133
26886322
134512106
8824971
13788593
28605047
86146649
47220447
67781999
55519206
37449808
120536885
67558697
141051744
102971683
90788581
54004589
150604019
31524812
67781999
161750412
75537396
25248401
19456305
66318849
114453373
62595161
111703768
76931742
80648816
37323074
83732444
10023903
57569819
17770642
68507453
130739423
13496392
13933979
79741544
118765837
19222811
58992960
88495086
129545975
35728172
41965598
117750375
54799981
21363048
24113985
37053860
20202551
32133684
23371267
60954512
24018570
26184242
56973129
152329673
37281495
11051451
173031411
30795069
16278872
68582604
34077410
130577130
105056357
65930078
40443138
39755693
69662744
63231017
47643745
53020397
34802156
99048519
150192225
36457487
94056853
44634413
114738141
33937934
11289032
83771824
86057931
37492390
76718263
10247390
36738181
34415912
67638570
118846458
54180876
21334981
90932710
42096531
131351548
78559701
53183543
82747325
110446180
89837004
133700009
33447741
7628047
36268488
109294641
30228491
21638379
79110582
45528614
111568269
40535267
35880435
76356221
32250703
98249528
112366988
82381311
62643698
54742421
63785729
168666055
137565692
49685289
135345158
162228125
22976308
115146000
175169568
53872452
25627036
134512106
21137760
66941097
67865572
39466169
42484937
43241235
97500297
30960969
49685289
113811483
40406144
37007409
36193097
62885319
112343031
106250857
26065185
42450114
38702206
73908915
99152231
34605063
91988261
134750142
34164240
31431529
25025119
20646532
86487209
25766912
75618723
135962573
6920100
126340917
88098679
110716812
84985803
46644905
95868459
114390011
27021032
29474943
20474118
76322753
83689123
52127257
46388466
17005181
134487587
51020497
71619836
94744611
153912838
101225528
63493977
33638027
89608205
205192983
15914949
29161856
56379373
35083139
83024154
39838404
50780495
145005732
11091932
134133939
55514146
96624149
75796701
93972696
65092721
52404726
53581429
20973527
12792542
136399776
121130993
15517685
23937471
30890856
92358069
84819043
15845631
57264773
135345158
69607713
67042059
55689955
82301948
99246952
111693437
34285247
39422783
121613626
61090958
71619836
37716993
76960367
41071933
81560696
59281125
128260872
143192004
9383777
114847139
72020953
140808727
90303364
134682742
71323723
32734455
69124472
103717152
172380935
40033320
89262317
26899876
15712529
80484398
55605438
27221141
39400850
24869102
31548357
83310072
42335997
156521958
155556784
84134367
24113985
26448479
55264850
83076604
21758003
26472983
181226393
26901891
40393329
67720013
44957177
106139179
30083499
144449464
41508899
111568269
78191255
23411563
18007831
45892437
30737372
41492529
62643698
126723229
13496392
51509017
43878248
97196202
13861037
6292755
56696785
61854501
113869324
69977495
33310226
95762334
64950350
66711017
63738233
57074291
129615105
161919017
13302913
115259297
97196202
53297858
59289380
111599455
63467148
60740027
6609879
40430564
86969344
90480695
33310226
44331981
158304471
58216991
172791847
117995062
84134367
53807801
50113458
64370885
101008796
15728326
126470933
85148066
76554739
101088099
65069519
68639993
10844673
92576267
62014797
15194903
66638749
72114341
35639543
84667021
41362579
105056357
18292117
39400850
84985803
219251900
74523333
83354143
23606657
110109788
28880219
108408867
34970956
112707077
20168243
114724765
107348001
30594484
49808195
68728324
178396881
36507845
97282957
64668998
83853952
134750142
156551666
75669752
67724532
79393168
31979811
33876245
90657445
31524812
53761813
81880488
37733879
34356736
56386323
48307113
12183069
87033792
24897538
26976716
30691113
27036993
118645876
75817704
29982098
48986155
87291324
65448764
64950350
64917629
43752185
28668779
149805512
52630521
141588476
154234105
69587895
81348675
91248763
33857635
21638379
48584141
28083025
47059745
28090165
66943584
51959246
61712103
97400366
46830435
78559701
76185374
89327395
108435132
45846992
59753087
112185869
37554237
5322490
113811483
54668639
95743893
40780653
33359973
105050968
131657239
87856594
47306454
58044233
33357227
75304311
62284881
89104550
73142049
84912579
217359987
121523654
37554237
143034048
63738233
173691452
36843298
203998244
37549199
27221141
70842310
59117159
75573872
55339517
57518918
159352636
37323775
74226738
112959016
82771750
37576601
51959246
89918442
18280142
28312872
26272465
22113349
69432023
2950586
86096796
58992960
28924349
69332573
7535016
8905725
48731999
141801201
10845595
89327395
69614167
43222569
53833690
23643923
43543029
132706313
12716603
48511410
13594566
108322354
66527172
89837004
39885179
9818060
78768044
84769427
98467402
45294836
12991103
37733879
96046674
30018225
39222099
105931316
54059469
45338912
86763315
71575893
19222811
106306720
78418779
26045165
95094761
29152313
68258940
59978079
83186693
90891687
13347150
155074381
54668431
10023903
73409689
28035743
21645448
24113985
127795588
33272340
37416505
82747325
125572500
95333084
106922227
52235299
29516165
67691801
19575905
51706210
117750375
15059501
62833366
116498497
19906079
84391607
38641146
36734537
143578989
68337383
66946359
85515865
91723751
60437544
120159161
32753507
18519389
107148308
28535775
66980771
34970956
69941799
6812537
50094285
31595699
90932710
47946035
91208107
75962837
95003296
88409090
105244881
56254139
75306906
85790683
87033792
13075163
8410019
17770642
121980814
11943347
82886276
106241606
91989590
185814216
4291832
49986829
128446863
85849488
41662782
49241965
6828516
92024643
11943347
112750642
17444357
160409141
153912838
90932710
43415086
25689057
13640759
62948241
112428288
156001005
31210260
69284208
148940783
37358383
45671984
63943001
31172325
52568792
20474118
21316952
46572279
70869018
126880767
81312284
85830777
97998343
34345773
61680165
37080044
92755398
66608129
112569069
36240577
19424930
25248401
80060489
35705568
33586691
119434248
109364266
17094632
83354143
34951022
105350909
168666055
75796701
26805555
147759358
120159161
6386810
169290857
86842359
36962072
14191760
44097423
122948761
16433669
126470933
26567528
182355863
49006748
13594566
42315056
43719151
122108195
67180946
130577130
49657596
75916031
59554301
45110316
41652485
31280981
52606224
71323723
53105105
25022144
119730572
89989694
11974464
53140796
75141200
128482391
42315056
91731560
42473564
81006303
122797205
130616916
112386522
62235296
241747924
75180250
48375344
14633429
67221101
9305434
17480307
78042166
181004388
34898976
65411124
126880767
161440086
26986059
28034090
70223031
112707077
20555360
10820387
53807884
56973129
56909939
30597440
5582787
10368267
64545794
76399883
94285106
92130137
36843298
46232403
37492390
2004044
89918442
51321592
37733879
104453889
29422995
34015469
62518407
34405788
71652203
18150285
85643164
34617818
39955536
53513506
52568792
118765837
107148308
17212269
87567350
65322767
106686776
19788130
44428510
94206171
106405284
68639993
65496893
42816144
43106633
63601105
53807884
106200059
69614167
56457747
191698685
106464662
17005181
93688143
136189829
66879881
92655313
115746521
32400771
94994709
114390011
82876367
56183386
86096796
88885441
111534711
65905735
121980814
25699375
68753325
35705568
22300451
134750142
79400329
40115042
58153685
124183451
41733959
80028498
85655276
46131947
119434248
138815042
59973850
129890456
87265989
62759219
141801201
189303791
55486276
63738233
54570155
37686158
46894227
69284208
78247669
83076604
101831066
34992433
143824964
19238284
9818060
45925930
116803273
114343564
48414879
84391607
35249801
32734455
61129616
65411124
99246952
51321592
66556691
34450024
6920100
44300675
91574691
63518223
27603511
98249528
59753087
36097610
125883555
95423120
36653325
79307915
52977673
67654452
25372659
42015135
185837329
31850957
94604316
