75293413
53133771
34195300
204584747
90827397
61006688
59898626
88544129
160728016
59166858
81401323
68182136
111296878
9730988
45887099
98014381
113940927
58152455
35179959
50075390
131794429
90608823
57996187
58756032
93789504
59898626
95380229
133680806
109457840
78908691
113750439
36926513
164849926
3360089
63723816
229475539
71568179
64205468
60922226
5480111
6388667
54857397
33430667
113444573
134553920
49234389
64032860
128795439
5361334
68999391
53949731
73017071
50739539
50739539
109311827
144770123
90134547
179019805
18553431
64205468
37849108
61943238
72239273
151504013
14711639
59928956
107555125
80375981
131847956
127421917
42276018
23832821
32688169
90546229
55807959
37571423
39750995
53137345
94900439
43130152
100636964
68394932
29850959
52828713
87649519
52858921
17603056
23025589
54882283
8598318
91260950
100076763
18083092
85106558
69158953
4938267
23155676
41087940
95662989
117637529
95002734
96479459
89203441
160399190
67599334
70737395
19068087
137773319
131903042
92988776
55993979
19366274
67872907
67136601
145810668
123654226
78784957
58928859
22669585
33997213
59166858
125972768
1706075
83595254
72245777
95130121
57245793
130025541
130284692
111755845
65464773
103408226
23215277
88016140
78534911
38682769
102035863
65199052
70079984
78249311
28806242
54538713
67827587
42394579
75577293
41292055
87734228
49908608
78682367
170689306
57443864
65059679
98005296
74706011
96415611
33027324
75362026
16677039
75596013
152472568
47232573
72138893
79439277
5875007
129412042
42464396
64673761
54481458
33309140
113914781
115283268
135392555
157586123
138522753
23232600
52528219
27325891
61253967
38049220
124566467
158780793
4270224
39302389
106921043
45132001
110034867
5751736
33087738
36982813
111892112
42390687
54202416
64087963
75037029
58126754
4689168
20625203
78286604
78186770
33526826
20976720
107152419
117102185
86885836
14215960
38479771
155066655
23998863
104392005
104194349
42891551
108728903
72980988
25434488
25866905
49074288
16853638
47921187
30346608
57449388
12202815
96280871
145901221
68850420
26797585
114745605
139617242
126434153
49152057
57378708
59923632
24352585
180245591
15580134
32524910
67338190
41070113
61878356
50166288
193129694
128689356
80122488
53329738
49234389
151559764
46943664
58005431
72928274
89424711
34034789
83800840
31606829
41684868
151555370
42230363
45432977
126611353
105657857
53984580
60851036
92981886
79174791
10162644
78390323
34202555
59899648
58394637
36133559
61546782
138321802
12202815
99421043
96315741
143978640
42276018
98683940
85045863
116539169
155805749
105094915
49169723
46236112
57069185
48005001
50731972
71273323
86610721
75129659
63585417
131884153
33430667
66118349
68294540
13504441
124631966
19837565
95250294
36923810
76055473
50723824
85590821
33450287
12765651
23503697
27460210
73598699
84780461
30568689
77876660
80231502
40893331
129492692
33596605
7143360
14858224
27477495
57727243
67115786
73385841
15116276
16598521
95296965
82855262
63265679
1434928
72245777
2322018
150318344
51449199
20256617
41087940
82697513
59831249
68868348
12765651
2063393
57726571
91394188
6933810
28202493
4231269
34114147
123091173
32320827
48056651
27835944
45271249
95224841
75129659
111892112
98880544
103327152
109983405
52295189
30670411
82430587
124763537
151776416
3399671
13594469
41660916
104194349
79893532
66777768
42949254
136284278
42788234
63627763
51727377
24992609
153010579
85407153
35809412
140187003
67811539
37435941
88637663
4524265
47447678
134458610
37849108
34885145
60806516
113251672
53472933
123573517
54556359
33430667
132144419
58867163
133560732
67018955
46411043
76806141
147243540
177389618
14514002
47402439
44905719
163210954
35982060
24890079
53291124
2955086
167420372
160363550
238562869
118597275
11899425
11262455
60022074
34217876
13444877
47290205
16782859
25484999
43661752
80434709
23660431
25350731
129170644
98540318
52861280
30960245
64151443
97617299
117085743
107985338
54599201
139784629
52503648
6646772
83316638
10827540
10099943
50193752
21391563
34902756
54272066
3255626
45494508
86952006
97945820
51164207
36587448
72383899
148799747
63835704
15284640
49062911
22669585
67123062
76558829
37371641
68984737
81483678
114544916
16171530
44751329
59473786
42682453
93437501
88760594
21056613
106520089
113974757
130653455
36240562
43640809
27039038
64600873
31330521
146993946
31036171
30105770
82191944
109414653
137960585
68595371
29538856
27325891
8498398
30417089
95224841
48320274
83697567
86864319
43585622
156852213
59525657
118462344
43352242
119353097
141712241
13835124
87649519
95224841
42800612
75020413
54538713
99837179
108728903
9762938
6606725
14281205
27727925
82532862
90875633
59405941
36540933
50723824
145603962
57245793
57102662
30175712
85357460
91257134
81717549
10802720
121928009
23964419
88026185
13258088
100076763
6380619
45377880
99236172
54041599
107455950
127942373
25434488
47975009
70626607
74687845
24353252
14215960
69225933
89780288
122406404
149231274
34214368
69773640
103106367
47729856
62708622
36202166
156852213
102819150
40392337
67136601
78580229
36668173
89926680
43352242
139784629
126611353
55312677
55825133
46411043
56419367
51756017
119774823
77400851
42032648
126841017
4825694
92016993
17080265
47768483
39135303
53770430
18203723
36202166
113914781
46546364
63358241
85284623
200893728
33005981
126386192
83186696
83567952
65470983
97555961
78752247
46546364
53689086
24329728
101310705
95309304
58819685
109342188
56992551
95320338
84724778
27659981
22571410
48765668
124416375
59405941
57894176
51449199
50628518
89926680
56188727
76055473
34124171
52789772
49591263
97656095
36540933
94404704
23664827
12795216
90567254
138402989
78682367
179731669
131884153
50628518
160702052
104293505
69544812
111755845
101571549
38348336
60465147
67560092
192627126
158050415
68209495
58486290
75154132
129432714
117085743
71040809
46546364
128397261
54481458
36502739
78790314
121357583
124375597
134449238
109574324
92988776
28548213
119978282
73781785
72263057
59831249
89480395
3719775
83449647
90827397
181839341
130047720
48005001
89925737
80928767
104194349
18389210
22024457
47575409
37444140
16281302
57582459
90566892
132875556
56685977
102129759
39232028
24646969
118604649
37537261
53472933
13508915
75037029
75596013
119900189
66796719
195634640
7346967
40520553
51983746
52858921
35487243
36535313
56357849
39472128
124566467
50048025
66882207
65537393
37612439
59440531
43527680
48626331
43526698
111224100
120420219
131716489
34423947
27659981
50739539
20181524
31017839
21479923
27388208
67974755
48626331
64921821
25325836
11762132
63627763
76558256
231161769
100599447
13350890
46231351
75148251
58023120
137847474
141712241
75111027
107279691
55273579
125693819
76992225
150146708
83481827
3095381
74332755
23005235
132532204
57928056
64032860
62093747
89925737
86885836
31228317
162426979
33914033
94404704
83567952
17580277
57443864
135178261
128376398
94980741
80399637
121506447
21870887
83186696
94196657
30415251
60922226
95257479
145810668
91849826
81204389
75129659
133777659
101699239
10802720
67136601
98014381
69484652
156587267
75966292
91318341
68997752
41477831
81739629
24765044
43998720
36240562
104221791
90271363
16711742
95980909
101027849
77400851
96643057
126796917
61546782
46813091
44477456
66777768
78170583
101645570
171635469
159910773
25019891
99779723
43215261
35304695
40893331
71415711
22513292
76894676
47921187
26583986
91766870
43870463
155922819
47416067
162487324
58394637
84061974
88620912
39247031
28384285
87778437
16657674
201591491
32160689
167992275
42584239
82430587
77599497
79899589
94682117
81678642
84860493
69156585
25421730
53798414
41087940
59752740
11763342
50443857
132566421
84552506
15890613
31479727
90166013
30742604
143427133
43571032
88306286
51094558
80764833
60021615
19324828
41103489
9522881
135392555
46160665
57218769
92017863
71921046
12559502
34202555
93789504
30105770
44260724
1966119
89780288
77657143
67624739
76445333
23964419
97380014
103103733
80660384
83030820
79099326
41991120
112084745
108976064
103896123
29008977
66624194
63358241
38617425
149231274
52858921
76595286
75362026
90546229
7523358
45871054
61703621
47921187
84659567
43130152
114243000
50075390
217366821
75248274
7924934
51294778
7087004
66177983
79694228
67265296
23998863
47921187
32658273
74976603
115198463
25952759
102819150
116539169
59899648
85413535
115198277
62175984
49480133
68029331
67135254
88483515
77527268
40926014
123703333
148031063
9311066
229475539
50723824
82664946
30619652
33822509
137302449
81621927
41263377
36240562
74612535
78787005
116890907
67943825
123037281
51881612
62787205
36151626
19122205
78729206
155922819
121824829
194134624
44199755
131903042
22575068
94239235
47340848
67811539
95902029
111892112
123569000
20193777
36393708
66006826
89916179
98486111
76970284
14630164
39130094
29771200
52074979
59990594
70974864
107223424
39302389
25225706
204584747
94900439
32015445
120330464
63728727
88305368
94239235
117317270
39738667
45414238
72245777
66845883
103438179
94980741
35789147
76400453
150019964
151776416
53575492
79131419
31819783
37831951
99274301
64478422
11762132
27965966
52074979
59278823
94354482
52431579
55807959
113981260
39506408
31958002
10229189
53538407
117085743
54481458
15765069
9792000
114858593
76866846
128541172
82755449
62868977
57582459
28820941
60460914
101677283
63358241
38285136
48794143
54738581
3360089
85652612
98419331
82100063
79956959
27846053
37070828
80158765
27388208
24646969
143163618
61809144
49316544
10162644
31035188
151303235
76229563
18925496
21855478
84173946
2685866
70044536
43158542
28213845
103191644
35885498
53965965
71944680
91438521
82694288
138522753
61703621
111428582
56281739
123901124
47975009
123654226
117317270
52503648
76798435
92890469
18389210
76806141
83270201
38698189
43914799
40902558
41202917
120848256
147314869
61253967
19620107
60460914
90567254
117410552
100860497
70306675
80575866
4524265
102469742
102211365
33822509
54402292
95380229
117421488
42390687
101699239
11436135
74411421
85268495
53133771
57245793
90714951
40902558
82396312
24352585
63057755
45887099
6457338
113086160
95309304
10348480
39138191
65099971
39398544
6931890
40392337
59580447
92890469
85586672
66999731
24552498
112933527
81555854
50449935
59958363
19434492
28976139
57142494
35775355
96333454
49266734
4524265
113688393
31097622
33530007
173087669
116882483
114710423
25031179
46885766
3941921
207088997
136284278
134449238
68738703
78729206
62403285
63568300
83697567
44927133
22207388
69611112
71273323
123514658
56975651
83316638
102302631
67265296
16281302
30493275
90124323
180421917
61615052
21869190
167934844
87440676
29893298
54226977
22677359
33406179
102469742
21790618
76970284
53386735
50628518
195634640
35954575
91394188
6388667
123514658
53043125
52909073
82964270
118604649
160364218
83270201
100810718
80375981
44692863
69225933
30075485
83905714
101893791
102334829
41684868
49480133
94239235
160363550
66624194
114858593
128743574
28318721
66117577
131903042
45887099
76229563
80048437
14711639
59166858
35035453
15362369
91637889
80916389
24040322
119900189
128769419
10570160
24716730
14380968
4689168
160399190
135692030
69695941
74612456
109664985
58337913
96144093
36943218
2079641
20191288
130207048
65350774
20763738
109024727
120885447
107116480
44236619
65367167
88743758
105727044
104101477
43130152
75124417
154241650
30153555
35484855
89038108
41251036
82384396
72131705
78186770
26074828
94239235
82087695
135178261
149823961
83481827
40520553
131835630
108553568
71751430
124331697
22400303
63057755
68625387
43317626
120330464
98683940
93789504
47513864
60749233
116882483
155805749
80579402
144047665
160702052
92214096
17843507
34423947
32791779
43897493
48320274
11954850
56992551
171502066
20688575
8111499
28213845
99534999
40381299
37678147
6380619
55463246
120476525
89916179
69484652
88544129
115591310
62442754
30493275
103971888
94899779
36240562
52213386
61084598
5767529
15614149
10846171
137773319
49152057
38461786
46666439
65232355
145901221
126137573
69156585
62189161
57179249
10431671
63776600
30415251
5480111
33430667
59930306
117195800
231161769
79956959
122329145
125972768
49833185
97555961
26269764
14317103
53855519
56171666
101915944
33579986
85972277
43725578
37678147
11040694
38850105
69876114
27442991
49908608
39775235
161796032
34202555
62015598
83481827
39771743
34230961
75639460
14215960
32287823
61291170
80122488
151504013
117102185
144360563
33164726
54664241
59086482
15082219
130744352
90118721
2063393
45271249
51741455
2954745
66588164
77189948
93945539
77487566
40392337
23832821
94333573
53881286
46610831
79099326
15876921
41948484
14924278
31009252
14350587
30722649
101915944
23503697
30960140
129412042
67441565
55438459
170438976
23291235
95380229
105967167
65350774
36661307
21241596
46335776
153722821
6993168
19864347
61155444
28757293
82571637
46813091
97811042
59676989
28213845
89074055
7566191
124459091
59663497
14431854
59052267
170034434
106464744
76894676
187105842
57069185
117009233
133082073
57179249
48745071
82571637
61765292
37347667
36540933
30493275
88620912
123101945
27874432
231161769
89345084
41103489
58974135
66247553
69082809
79099488
22733786
55438459
30833390
93437501
102129759
109437636
100196424
120699146
59928956
41391632
81926940
122758195
41684868
22575068
88880083
86885836
52830134
82396312
61615052
61167079
3360089
86952006
87672192
133680806
34885145
66404562
50540234
54020821
34896066
140758242
31445264
63224819
131835630
154241650
108330884
87778437
84020627
19864347
129640617
19837565
129432714
88676595
32940473
97617299
171635469
36465650
97812983
138321802
31882403
121738938
52322304
53123721
54226977
67338190
45887099
33781375
46999107
63923888
27199500
14924278
110034867
68999391
83124911
12391024
164865403
123703333
26791845
82694288
74084182
59243577
128795439
113940927
57894176
91849826
26269764
30613509
79099488
76992225
31330190
117746609
40902558
81464743
54298023
149144193
54041599
66720487
209767657
155066655
53575492
99931323
18083092
177572217
72275879
65470983
59828660
62484394
89424711
101027849
18789531
117637529
117391251
63240973
62093747
72383899
100406166
67597931
67900311
111903612
113241990
18292272
41167953
68234989
128331966
22442585
104221791
29893298
25284301
78462068
96934733
48991716
67315041
10425121
41382854
193129694
82100063
42584239
197435603
109630097
70079984
63789799
77523596
3125963
68202782
82073837
17580277
44477456
10846791
43450577
66077965
34830585
40517079
22970339
85407153
200893728
13640397
52162609
13609853
67265296
77260324
91318341
4231269
123647363
113444573
63358241
30288080
52460162
55037154
62816307
10802720
95296965
82100063
134822429
59278823
39866050
78127988
92214096
104021897
42584239
54272066
83481827
146241338
99003243
27113812
164849926
121738938
103191644
137106058
145921940
109024727
102445487
23964419
85586672
60922226
77657143
62597507
81519632
27804479
17868254
85407153
21855478
106900831
78736580
97811042
106921043
144288687
92750001
132144419
42317711
40893331
60977441
108330884
43964863
113914781
16782859
28297677
81155709
63265679
59525657
49529395
62310257
15619979
41880859
49121810
47416067
15838401
37347667
56710982
96643057
21902716
24646969
22863969
24216079
5173447
112414026
126796917
32710284
26791845
49838720
81204508
46697583
111428582
147938541
141071285
54327785
64614491
143331567
72275879
26017371
38513102
74086637
58152455
67703480
68868348
16598521
52503648
149823961
63533178
89867884
11262455
62060673
8696789
26199150
47250993
50423436
33703541
98207145
151555370
29850959
137106058
43450577
66077965
55142565
107278483
64923191
114243000
116539169
124416375
37120256
110396279
17104583
16281302
128376398
155805749
117637529
72980988
102421634
136701811
37324619
17080265
127709952
70909235
37207400
35568136
60460914
95163443
38864573
73334477
64205468
36440382
93184999
133082073
40485796
39286377
66001819
53881286
162426979
98540919
41880859
32496538
49833185
10520897
131056169
58486290
14941536
49478958
14994183
36502739
28318721
109457840
74059692
22808638
91986447
18692330
84904139
8498398
79400019
141933156
14647571
132144419
65760092
25759727
12610480
220354121
71751468
8622033
93118473
53474843
87080963
13360657
94044795
69695941
42318245
90160359
64569589
92635303
15835935
56357849
60977441
44991084
96586412
115735912
58894107
151559764
96299113
45363717
13426668
70861560
77137595
134128619
44620727
75066107
46236112
180143422
197435603
68183901
57378708
12559502
53790183
48189696
77487566
52295189
33476563
92635303
43897493
23005235
113086160
53291124
40392337
128541172
86577000
86906461
19719231
19780866
106018262
9064667
35304695
96742059
10351303
33709151
13549281
27644378
131056169
71818491
96103218
51189519
17327990
59525657
66515469
14234461
52558179
48299165
67550090
23603294
95139803
6646772
35346231
67831878
65780284
51784523
121738938
80573063
42400482
3255626
102788173
34318580
77985245
34195397
43130152
31670588
94333573
68182136
56732631
35625069
51294778
54649966
124829199
137847474
44477456
60806516
61107559
19708575
67900311
121493151
65537393
31628147
123764678
48299165
230821101
95884691
99648724
67624739
55691832
107226411
13082969
36587448
42584239
98585849
43291902
16116211
100339128
56357849
47921187
70923757
79893532
78675328
43461887
17000766
161580319
43158542
43215261
30153555
83316638
109070984
54649966
143610524
46943664
56759356
29384140
98419331
84083650
78249311
30537914
86181272
134458610
54298023
74669748
36587448
53043125
46949034
15362369
100354912
111125208
55781067
15887702
137106058
85649321
46400892
79846353
48299165
127942373
41766829
43291902
23889101
53291124
44751329
71828491
41756695
67860680
117195800
19520630
49073057
54784403
22970339
89086937
111658197
162487324
71523035
166384544
107926050
65350774
111862687
62194445
44897907
134822429
131071746
68037850
69664904
107947287
107837824
64973647
170034434
24381501
100432783
95361791
121824829
60221087
50166288
93653113
72009684
98660964
40606308
124617573
61615052
42682453
80048437
132973188
14937203
67450800
29699603
57857551
159910773
48608344
71523035
84552506
40893331
146865569
88979374
41382854
104129385
43220897
28548213
37435941
33586193
170264505
28202493
92981886
20990481
24352585
12621951
34114147
80575866
19703631
71909645
75143972
68466901
44829095
124566467
112140441
134482841
107152419
22207388
47340848
24120203
38773247
59473786
167855128
14890463
10352866
30175712
82755449
39960066
45363717
50703677
128795439
118444449
5783699
20268632
75993851
47227062
45271249
46119612
88017023
37435941
77211421
10802720
117317270
15073175
25067236
219993491
26371261
40926014
28543319
29619208
62403285
35834769
80333394
120435876
180245591
173460471
80375981
25757676
134128619
68721065
36146516
90124323
57449388
50543966
36433989
52441644
185093713
68984737
80064479
30762578
89867884
7644971
69773640
90549201
43571032
71523035
107226411
10372424
162487324
5501276
51944876
59050957
81903740
78961280
105554841
19316758
118604649
68738703
65733380
53949731
62093747
75378965
33406179
30105770
45015633
82697513
59525657
230821101
36087999
66117577
179019805
68394932
169706235
53019353
46943664
118444449
87672192
30187803
34588923
107555125
25973693
84312553
98486111
40392337
58194743
53407223
65470983
98660964
4281629
73254899
13973105
69374737
28806242
60508091
63789799
27559595
75066107
54985934
59923293
66129178
69762329
156587267
59052267
23005235
80579402
85960739
88149072
123415788
84860493
159737960
41766829
29750858
61084598
49480133
128743574
108179714
138522753
81785364
101310705
133085515
35801803
175622877
92750001
101292995
29845532
88898349
58143444
86610721
101915944
71736713
46179760
75143972
49936067
70735772
46219121
38106734
10103940
16116819
22733786
18202515
41612166
33027324
122758195
37859120
3360089
35370187
85045863
59898626
126434153
17629403
46411043
143172689
71273323
72510936
37349289
75362931
98962987
68037850
67263224
133560732
36087999
77599497
76238565
50731972
28004201
61713733
43746012
82697513
59339268
72274001
115357256
78784957
99274301
53735018
48486894
77189948
29294395
8719328
20162166
114710423
18084385
72383899
57102662
70044536
27028126
70735772
61833003
43291902
15725981
172187849
191864461
31154527
82388007
47865513
63455140
154241650
81678642
129170644
87080963
91818824
47479268
4065398
95380229
53881286
36948525
103408226
44177132
19202138
25232383
38092272
76798435
30960245
37837662
33020533
92890469
23249735
37594491
105022765
137313113
10846791
95662989
59923293
23950865
220354121
158050415
65165400
79150554
61703621
63265679
171635469
6383716
30937026
5501543
32015445
12478920
94866259
104525751
140758242
62310257
75388232
22216461
42394579
72138893
79694228
25588652
41715253
74687845
32721906
52861280
76712549
96864357
95309304
91818824
28687816
38954399
187105842
84780461
68209495
77985245
30931029
90977789
38060501
88880083
204584747
75272954
81204508
62194445
94827459
14937203
106900831
93789504
72274001
6388667
22216461
68999391
51449199
27915641
84061974
120699146
13645269
201658673
16307743
126469811
16622477
19292321
65367167
78787005
72628467
24972042
89237330
53133771
38513102
66999731
90977789
43450577
73385841
71180475
126469811
57104711
195634640
19579806
26380485
128880608
77657143
25185747
90656201
170438976
138705079
54649966
129844280
57999408
116262176
113444573
73616329
68625387
55224853
46231351
138402989
123037281
116419515
36982813
24542504
59053979
30914597
36587448
75362026
32524910
51763607
29825223
19366274
8318330
104021897
91318341
45376695
143331567
78908691
107947287
123901124
98540318
93789504
34202555
128853080
78534911
11762132
15876921
31907697
88787873
56761871
90239246
25769501
95443169
24373905
66118349
46531839
116419515
36151626
100098713
24242684
130399609
29458044
24216079
106921043
65780284
82379554
52441644
89086937
125730069
169631612
45107123
36465650
12912248
68209495
59752740
76866846
53689086
124261713
92620016
88017023
10299257
162348973
131616673
107926050
84083650
79498241
60806516
124459091
30613509
110129021
65771527
141712241
144288687
51881612
65771527
130284692
22654114
23693391
55037154
50423436
131056169
98486111
160702052
82964270
81926940
97326006
50193752
77523596
19122205
80333394
124459091
18719016
98585849
75595871
211293736
3095381
117204640
21282689
148191480
116890907
91766870
107921447
62708622
50048025
67493646
72989587
141414360
28213845
66275681
39771743
39398544
196743738
36985641
45363032
95224841
101199337
85758179
24365501
59502684
47363942
71550916
106649073
92620016
89387159
11762132
75129659
72540881
50048025
7866242
160399190
12795216
69866808
45945589
92579699
36797586
48132755
33476563
66624035
44470193
46735183
137773319
54643067
78517124
89525051
109983405
73334477
73616329
51918404
95541690
21034583
86767458
109830776
4291589
88068947
104238165
30415251
123654226
93437501
58136579
102293728
132079229
2955086
64545671
67599334
113241990
144778771
51103941
101677283
60851036
87440676
24992609
25952759
15960346
124416375
123463753
81785364
107252344
126469811
37642267
20114972
23964419
83270201
100196424
61253967
30175712
117997044
48265206
55139453
103896123
152050985
101047017
16622477
105959901
122971843
47815594
39750995
167490636
21420524
100972295
131835630
62484394
30415251
89231117
93118473
56281739
69146648
36668173
97945820
40736421
25242881
99150484
28202493
103819984
201658673
35346231
92016993
62118089
20835303
114540480
131967940
83288239
15082219
39472128
159822241
48179704
49074288
82408656
191603580
32842743
105867632
14417479
120848256
90729876
51983746
80906599
103103733
158780793
25079919
46569303
36535313
33476563
36350768
75062594
137847474
58136579
73322079
193129694
83608186
74844280
107116480
134449238
60460914
57449388
50443857
88418777
88743758
69205902
73111181
41070113
59111888
52431579
26427180
50216107
100599447
21790618
23298146
38404168
62330987
43725578
75595871
47910266
80158765
25306930
144047665
33005981
25185747
43215261
95569583
26427180
41083051
43467072
30168626
72836241
4281629
11005661
58126754
43317626
67502020
22873317
86071607
37571423
94682117
74612456
88676595
96315741
74325779
25350731
141712241
22571410
62093747
19583336
25474613
22878574
61703621
96280871
15849680
64978245
111755845
30833390
92818205
78435926
121695404
64109445
151504013
141414360
113697611
13339327
123654226
137106058
88922049
17887051
44173852
72667690
28561896
102030404
66624035
26017371
52558179
16782859
170689306
41881769
75162764
85268495
87294095
62667752
125895788
80928767
78236921
24754837
98432012
123415788
35068616
90549201
44184134
74332755
51632881
4938267
72279605
126568172
63533178
69631118
78682367
50952822
113750439
19122205
51961668
67789529
67475153
25225706
3487301
76713274
93847670
29750858
117516204
112140441
6646772
81204389
24646969
14997671
82073837
81483678
98029250
1911119
57110581
75272954
49053353
34720819
34899435
105287364
101645570
32496538
70974864
43342473
76992225
65900668
62403285
130207048
86906461
12559502
138321802
48416289
4524265
64614491
66850029
13540199
46236112
104238165
163423036
149231274
100636964
133509172
58636889
52055992
3767613
19864347
52365092
25185747
124991550
82388007
185093713
235288918
36060173
39985371
42230363
101915944
2206240
66796719
55397944
35885498
16327280
67560092
30175712
104234465
43130152
35801803
30175712
88637663
94767816
73762260
78435926
30960245
155066655
56210749
33005981
25769501
27083903
49632701
31907697
36540933
128541172
122971843
8284805
62194445
48346763
69146648
104293505
107921447
11436357
67493646
78431451
121506447
92897149
130047720
8975294
67067113
91849826
92386859
66936768
126796917
31479727
17501091
67531845
185956892
25772035
15104600
38917015
36825665
11523588
24890079
49632701
47416067
3719775
70553876
119237674
77659273
62698346
27794240
64545671
13444142
154545984
50540234
39560571
125637200
44470193
84388013
113241990
80052154
157909514
13258088
119978282
89525051
48579559
48765668
95296965
60508091
38513102
50844823
58126754
8985165
40520553
44218844
164723543
33027324
79721876
84860493
14496245
51425075
14350587
31445264
90827397
43914799
22221568
21860045
132144419
52858921
29001970
48579559
187385105
50193752
59278823
146993946
17580277
74612535
68538591
24429873
82002048
10802720
89961324
5827509
24216079
95541690
31961188
58525940
48801272
83800840
66247553
97555961
69664904
40520553
95163443
58126754
35304695
82855262
66607419
87649519
6931890
86578598
63057755
47292122
158780793
68721065
66625829
55987778
53472933
169751783
38954399
79846353
89086937
61085148
76992225
46482907
24542504
50731972
10582576
31017839
112316280
85972277
25066439
51117560
129045140
92981886
61681041
41070113
42464396
74655469
112140441
150638483
57245793
44184134
60465147
109664985
29034728
81621927
36389245
139968914
64614491
29741573
19887923
69191278
113750439
