32739740
68134160
104569233
150158359
2966260
103579878
13239893
6232526
63308129
95859593
157418895
159126275
55218363
51757819
19496804
95643254
15053174
164118281
125202569
34430322
155885601
34076760
12079253
80119779
37333409
115625737
65450153
12333670
17354777
33347249
12092346
8501739
45431000
79342674
49547921
95997960
38116349
102887417
20564526
23752415
124641657
53234587
29325530
95308460
144585956
18951927
37231579
51560595
68020500
171358835
20471955
4600676
46831343
78814935
62379498
51889211
39831116
100802321
27497876
65301437
145139303
69382447
77618252
14074554
69933235
43349036
92879780
69094792
103158388
76735467
27907541
108838589
84048125
68644572
31449336
27559289
9185818
154586943
28342779
43821267
55936586
208759344
57789918
16977467
93741524
77233717
29583533
91297841
58491255
27571193
101866914
102135536
115001615
79712352
54667903
63784895
118657439
77067404
128088560
90176489
116013414
165868108
4817007
55854899
36401491
28234504
64724989
96760053
99712206
15457943
169118914
7168514
151486503
52723164
101181761
42717597
56950063
12396793
76392802
84927650
110079305
27257757
14122933
75822096
72914597
65463835
82071788
104851005
95308460
147296911
57271637
70841717
41664526
218901890
11354284
62962653
8736638
105974423
40033214
146460413
61405285
57555871
95955991
22497431
28095179
97608572
120244976
8707414
108252176
66074784
132849959
34116280
33057638
146234083
37231579
91500182
91238615
34161940
90176489
69837747
157076151
82144916
28560142
144440111
64444602
26844104
123539325
89559369
105157043
28234481
75523334
45945991
139550921
96584785
50982303
44933003
33347249
57242831
110362812
12079253
41589764
37674113
65077055
26898133
78288843
30380453
129655851
76034247
56432510
133535359
29659803
94714773
14396575
55408977
56206930
104453692
19580339
15330240
895356
78042939
32998908
38249402
96584785
112878846
82199497
84874347
57599122
118657439
30226631
49981854
69784601
22879289
31662124
97639940
36335746
79792201
154101512
41425780
83082649
30497519
206580759
8736638
46098936
189787196
28091642
53462355
152316833
51920107
22210839
28113072
35311389
57768768
71650721
108528533
94113626
29918428
80689336
55058679
26994683
77516632
215105555
101316447
97760942
51816045
141957447
105974423
86582645
26898133
62579045
120140243
31384236
55382365
93483740
48099989
33432997
135006596
40017558
144293437
31286472
68044649
17097758
88784837
75870100
88315986
64929948
56298372
37333409
177888116
160806916
83528352
104252853
99977103
31762680
19328559
115187883
41463207
43886801
70089872
57714773
27665959
208759344
68440634
88672454
29158269
17402479
109739288
51334451
73829936
41835356
12396793
42541983
88533031
23859193
89552955
129480732
17354777
52063347
24430423
26070948
48182654
14043624
53189890
19760354
83261487
157187052
21118455
72056161
52341045
92874948
68073661
30163185
33888803
70942436
24426996
68644572
21143559
114783575
16534271
67818884
70942436
34115001
113210927
146727137
62769926
5031129
24294047
110071185
62579045
109739288
102413551
33432997
135409745
106541619
129098519
34261625
83730249
30969743
35902894
67452282
207024080
62579045
114616998
119181795
104631716
20303216
180498324
71480976
28812149
84973396
14043624
143061513
102993825
92682911
26359900
39916306
205369586
86057138
158877968
100474764
152927615
75722607
14533076
40136343
16183577
24025952
92226905
69094792
44392545
45040854
52366203
27497876
109465719
76631380
50062919
50570707
15216084
9305381
25343777
23251880
123039793
7381046
66527499
8940032
100371636
23623231
37974713
54492185
17311187
67550251
124641657
5704422
24501498
126781547
64018965
114101074
34348023
78587904
59556486
20986721
72056567
107171735
6217509
47520653
84109559
20426333
106568512
100747454
51555305
90583088
40623708
46527481
50381153
45877187
125597814
123170544
69933235
27037836
100074737
92455231
39607334
31791141
124360158
40241039
92226905
79981290
6444591
2841187
56540677
61317309
20288454
88391858
37099739
108023677
28256363
146452855
36302033
14396575
63024809
44527944
74285909
73991245
22204457
68044225
21319844
105282291
63455951
41625360
74167485
104696561
33987049
101089925
89541981
18235895
78260514
73082236
117726332
96833658
171358835
57050024
84226173
22362092
21143559
57250844
133724939
25142013
42160466
84061603
41699093
51123480
42126115
6691775
80226144
6444591
21003378
19057673
85399659
77541338
126120488
62865119
33597473
61722527
33258311
101151062
53861237
110811763
72056567
17777601
71085254
79342674
85728239
74670246
27343559
11800556
156577090
136730113
104024861
117851283
67935857
89266092
150190586
27914003
11336747
32596188
27341215
98565908
39642232
6073046
23771952
110363285
46384555
74680557
28997161
46228595
92547189
24294047
74179340
18907857
51330083
88614963
9259521
755288
100928551
33813027
2749788
83139026
60998529
59027440
129409369
87345583
8907915
75680381
141324920
13491717
40260407
57053527
41054324
37391243
46400447
215105555
25978916
4605713
104259233
54135288
183042200
26690249
105722825
76672454
112644326
14575001
165867873
109418477
131137837
46062613
87758034
19057673
38249402
15360343
60241856
21117495
110100968
65937704
213406739
73423099
99645651
87745288
56761395
83459636
129409369
50121693
32637383
33057638
72524525
54135288
50371951
24805657
127298401
85399659
36378677
34383507
84007433
39831116
54046739
37421413
87745288
15871052
29451588
61921311
121280721
75402872
14712110
105722825
28611581
84011056
61317309
69237196
23541903
20476010
112321270
45040854
20496749
11595366
80544325
67993613
38227494
107252329
57065304
74402333
5530681
124026734
61033959
58927479
77883680
80841531
22426263
135129283
113564812
32714777
151867657
177928134
53234587
5239034
107322319
113564812
69598411
7841174
97693137
20321637
25349311
74134119
48596134
30226631
35913760
100785061
53694897
136730113
28583185
180498324
16479753
108252176
63026547
68067216
93741524
120140243
66572577
89849913
32660400
170965664
172569637
8672035
8267606
20623024
101089925
9668825
15871052
55230100
45482549
41263280
46540648
76633637
107106997
77374802
104631716
113772400
12098199
113236732
104386025
65150528
63784895
68155479
62865119
139198509
62667942
154032831
52167655
106930098
138213292
36640085
2532686
63784895
131078455
47864439
18968220
47867500
24344852
159020773
80261153
65937704
17584925
56380155
85170066
21902780
79120779
46540648
47139313
36655182
39856931
40113749
100468866
107300404
55464836
180498324
22504926
57910390
54101549
16679419
65981780
19519274
33057638
24514743
30779568
42998384
25988699
18907857
109049150
54518991
54046739
42897217
74630303
15871052
52723164
155742944
39604054
17280254
93497199
42577857
44361579
115927684
146234083
131790960
28987014
51931055
67982289
92884260
109049150
44567216
69446391
32066603
135006596
113521681
198469367
65843638
38469136
146452855
71085254
40978815
32036867
26897663
105782112
69446391
90677604
83187437
49350937
19898033
37687324
26571308
45372372
181004843
100153716
18242148
22877354
147076417
2094477
82317213
43442176
19898033
42126115
108652835
94787569
73961959
72056567
13221699
41839109
46264059
17367589
79382652
52167655
37974713
46049739
22841579
37771179
40033214
20768103
27922298
29918428
33616580
79607994
86939526
62179538
125690463
33204618
58491255
19165155
144293437
80289731
69375508
64939933
102874944
194752460
43997169
27922298
79171151
197252605
36287619
20206777
13707155
34673943
31745354
82831854
15918839
44322791
106514188
15296852
55731156
104991369
62872803
11851169
73800243
196736808
89552955
128035417
107285932
125609302
41463207
46919877
30032907
100621455
78665700
38237137
15059847
27761175
228276477
104589527
96064387
19792090
32714777
93741524
44008053
32696261
40033214
67432084
110079305
13221699
40011803
12079253
28906721
69656946
106726695
136000339
57349506
36655182
75469759
51930502
27497876
43930052
117294159
51888976
97042099
34546703
68463143
72027475
119181795
33943767
87175335
28613027
208759344
84179051
81977627
12872747
17354777
15073655
10165796
163792977
53880665
15545886
51667451
86508863
39231146
163983849
68928386
101829974
71110383
57037116
101146511
221331853
66043348
58331644
53444148
41597915
63349171
60758946
49156001
95881401
134024348
32520083
52961457
138828836
120538281
22605569
68392148
83068369
64404230
48079981
36005517
131114775
55095584
32131850
26994683
57065304
1885769
109418477
121014994
36263227
35868357
79260224
38274228
14746422
11597254
37930331
56761395
103181215
16479397
68644572
37099739
61500662
128686667
37128935
66550421
8015785
207024080
39851001
132097610
28885531
53128153
18759596
67226012
67281803
30538050
74402333
61195751
41666817
46647953
40596052
121014994
38890052
46950538
79411524
84976415
87049864
101922883
80914204
73991245
46527481
16907149
66074784
42467380
89018347
75111749
86330361
18951927
142905043
43349036
126235440
114174869
24033683
97960336
118253683
32925723
85543332
142690204
47686866
48483296
126940831
57555871
26445593
51773976
79607994
116013414
46384555
73526397
152215415
119546345
71841144
50334046
20389598
39118721
20015109
205624447
78920129
49740239
132823700
122038692
75722607
37680215
30531873
72195740
84589888
51295547
94483418
72646612
120140243
127190954
37099739
117851283
100063963
140984015
67291479
78546698
104453692
109269098
29033537
159251051
35868357
46483194
64018965
52409297
51889211
55466693
102094413
78587904
27555105
60916329
52877151
32310737
52961457
75036167
104631716
56086087
152312389
159494205
52160243
29227295
73281254
9603173
27665959
34259507
138297021
44978873
40017558
27478544
83381007
128707205
95526953
78814935
117043117
110071185
34417079
55312937
123039793
77380962
33987049
136730113
13626799
31425523
49913427
22504926
160737131
62223539
33597473
150278243
53119646
152312389
21328127
12079253
92283960
106089399
51773976
111721827
14242294
23233685
39989159
30653854
117043117
10531431
41666817
93896179
56865458
119605884
18951927
133245956
93042135
23416947
155624823
84439139
208680079
51958081
52779215
147296911
76874418
80844794
33888803
28992447
27092288
61548702
102874944
124360158
56176522
45695843
17457289
44978873
89832299
144115603
38501792
76975892
126646551
8343843
106758228
106514188
36717023
48655793
84757896
115489097
153235987
80914204
75870100
20880374
44978873
51389796
65522581
8736638
32505581
51889211
152081128
62647554
40984359
83681539
80914204
125047851
117173520
113564812
49203980
56436076
143445363
84281729
131219147
156594155
77883680
138170315
171232940
53471335
108838589
45561895
115927684
155288576
67432084
7461155
76539735
69598411
20768103
33925818
26026113
24956301
7661870
41883814
116119981
115001615
91238615
23193776
109335496
165867873
52877151
143303241
64461949
35356766
141220469
118792725
37221960
109430139
17833957
27632144
1875293
20426333
54613462
64750650
64724989
51622444
74721695
56837324
148182417
55249195
37221960
110408972
42467380
21915791
118273301
32293941
75657439
81230938
80631479
42373451
73081859
18951927
105308223
13570362
132823700
91570871
44494415
110450095
78814935
46078973
13631025
31791962
156531208
43588877
92916981
112188951
64532568
77036054
101476326
161762961
119167162
110450095
49243467
77841872
107965730
23674781
115489097
22753064
56301721
8352467
115625737
69123695
107515634
44527944
86508863
93512510
89253591
24592358
43547325
130653168
52810255
82762895
51425449
50888946
23468435
68044225
10011614
97960336
46303439
99645651
112644326
6024260
132609444
27559289
101146511
24430423
58359620
104386025
107835708
37972630
49913427
38501792
118141217
87630749
109739288
31803009
63040933
49762503
139809636
142761053
75469759
101733468
87324367
84589888
109465719
50277779
74710941
74269229
25329991
150133904
126599771
155624823
139809636
38931536
42735154
64160545
35356766
93967188
92743168
20466746
127428255
23233685
19193177
60765530
119757626
42537423
1875293
80119779
58445052
8529459
39802515
32856261
58445052
65077055
69809997
57907440
78015449
52300947
180498324
88957250
101733468
15918839
174877141
85575007
43588877
81668418
47696511
67993613
31788337
47870876
12977360
18932183
67982289
72195740
86057138
97608572
151459487
54833914
29056049
104386025
129288937
126120488
22314555
153696035
52312128
74076623
34401549
76843279
78042939
65368969
30360213
30171135
64238910
66113330
150158359
43277175
112890470
46624349
56298372
49638126
73845429
36544551
7561484
27092576
107832135
98371065
62179538
107347883
44494415
85350308
112644326
26994683
43565644
45826824
90775477
32507956
173553057
98413870
57907440
115187883
76069578
114229607
4033996
46487324
129098519
97596870
58127480
22225951
94238403
32741861
70891255
15776055
56540677
41802119
67872559
93457095
79456588
41263280
15776055
34151897
75632707
45063777
106930098
67374808
75580485
12035279
135647222
39456496
31791141
74474964
28108553
84401598
7135616
75111749
82831854
35588999
10011614
22754231
28812149
29546254
173553057
47090917
129098519
179731505
15582789
122756507
39690644
71683829
97596870
72056161
62223539
62479783
99960036
28227321
170965664
97639940
44322791
34602928
134753324
83681137
126011431
94113626
21902780
150336999
57714773
33926335
75680381
32832240
56673510
61368308
25586725
105672983
90419225
68067216
21583260
73378036
137457197
6468207
105722825
52779215
116699758
32066603
20466746
29333018
15892341
166616425
45826824
51087414
39078924
113521681
31799151
30384830
91864712
16705179
26206763
57768768
26542523
133715519
28812149
75398084
22885489
56782968
46384555
104453692
76874418
28274123
71650721
105625864
29719695
107957244
104589527
24592358
20443185
35356766
178699443
119605884
9259521
207147537
132543491
69483461
37333409
113210927
36550577
25921366
86322890
17938451
26892182
106541619
84973396
31799151
27037836
44495988
63366581
93886017
130653168
84110517
45945991
109572445
68261319
78158138
11447253
12506933
138170315
47385533
57875870
131790960
123039793
23971287
114014271
31250759
18516753
150158359
92382302
14746422
94411731
57050024
24827531
68644572
39231146
39247387
109325953
166616425
7493244
59513611
39471906
127097954
25041243
32998908
63966159
40241039
22580673
28906721
72195740
77560933
134024348
59416878
198469367
8707414
79067522
96418799
86602651
104569233
24864263
87345583
56655927
133204583
60842326
2500341
91182339
37333409
56234094
29007631
121269039
80844794
77400536
33538434
92042423
2784033
102773714
102031164
17945448
65077055
58445052
131114775
18550203
55258883
11836842
161814935
98967207
15296852
29056049
82144916
84095808
68044225
31555236
17323306
108258296
14180804
128902947
31555236
139071681
4121759
71841144
82903516
41666817
118125731
14746422
152741783
125958575
52003857
65301437
80689336
90371944
162146111
73996427
72056567
89253591
103579878
100491026
27555105
91708787
56540677
30278467
75580485
62872803
56605619
29385638
101733468
54492185
60393063
28992447
84755727
66355977
40336578
159057835
53342915
59647458
64461949
110408972
61978804
47655243
34161940
16920559
20470982
14043624
139198509
57207682
105206295
8553401
126235440
143303241
69933235
38344542
66350745
65519558
68849667
14242294
75694099
40139182
66355977
120866087
69885603
24592358
107322319
61195751
31286472
32942799
112768373
95997960
66935846
20623024
90844241
23971287
38777825
65290047
44494415
50861500
28928586
27568267
52178111
97620961
26901511
92874948
80261153
84757896
24800831
50135659
36378677
62479783
54874529
28630749
95308460
65522581
39856931
165486180
13924532
106544109
46852613
47050187
40260407
16239460
79198471
6076818
108837107
85543332
23502941
24711585
55559241
70089872
83419183
5405084
87962031
35311389
196154051
28168259
27189532
33404500
64910095
169559765
60098147
79089249
128265301
18655254
28392372
87340087
64018965
52366203
37687324
62914957
231556793
54506819
11354284
30360213
97760942
69227087
30949517
24827531
120244976
95997960
115518017
24811969
45372372
80491974
93200354
84401598
30190829
62331207
33432997
84544149
36237987
22505965
39008189
49156001
95201976
24294047
10931546
104851005
88588122
79631996
18080929
35311389
39831116
24033683
73800243
10871480
174877141
84185246
33771116
126944459
70713812
88614963
112878846
64918122
138109559
91864712
70535076
97532810
7072278
61548702
107300404
79134544
90713195
100266569
61921311
93296717
69507863
19774296
154101512
144115603
73081859
34238117
44513225
84439139
132097610
80544325
46530212
114478685
42052973
7135616
38634391
97142183
94756858
80289731
50888946
100153716
14712110
103579878
57752121
16920559
37771179
163740941
169118914
116578463
114285570
113989642
122169221
164218084
95977697
45040854
141220469
56964391
88092964
102135536
152312389
31745354
48321106
38469136
18907857
40228267
60137937
164109111
74167485
67481612
31250759
81222337
13027197
117294159
30823237
11360868
71851757
38275783
93889799
41031508
87049864
82520519
206580759
111070028
39882111
27037836
100474764
55152579
140250389
136880556
75133896
63822807
69675408
74076623
106091621
63039521
47090917
78812993
77467287
108501653
52063347
88967891
53800268
197252605
56879615
51295547
67374808
77467287
157567329
40033214
85575007
138828836
66793772
74474964
115927684
53103643
92688392
120311425
151486503
55573881
43821267
51069399
33024693
63237664
70228776
88379369
69200873
40838759
85399659
132823700
11609955
36640085
12079253
64738190
50978139
124535066
56164451
76261837
36335746
81501611
46049739
26897663
126960084
115536843
82144916
42897217
123448481
46647953
111759717
64313328
23674781
142939292
68463143
97620961
16919495
28108553
182494760
18832881
21583260
17336713
50982303
20476010
68475189
94113626
10273600
62331207
40350360
13499447
23193776
106877301
25586725
6213472
50334046
70533821
30214327
107201922
131078455
48210581
49638126
62803096
110956599
90775477
89309006
119181795
106008656
46687406
50188500
5382996
32505581
145536697
56432510
171232940
64404230
86602651
44226737
40336578
76584391
32741861
96496569
123039793
83563575
25186659
122172679
59425254
113521681
132609444
23326541
104658131
73112291
16919495
33770395
65836333
25534687
89559369
26484892
38783670
15115933
124523109
99712206
83044919
117851283
136880556
40305587
15073655
179654197
44010199
13707155
13914260
70255467
17323306
54917228
75536809
68928386
83381007
153235987
98967207
24827531
151891180
73300220
68729803
33927072
33616580
21130895
23685666
93311004
91708787
85399659
19179463
73987647
24037426
50062919
61243155
24426996
65077055
118752816
136606172
28762700
98510157
48467892
20692887
68462291
30384830
154654166
77036054
42373451
67226012
29645913
15977541
80849871
66113330
18683885
26521959
69446391
76874418
23121860
53342915
68766329
120240544
51992816
146234083
57752121
9185818
51560595
161762961
147296911
49225557
64453118
126011431
58615511
5734295
51344447
45695843
115622775
51330083
24130185
45711819
71882439
75469759
69446391
29939596
177546676
143776652
137528022
30380453
51930502
93661459
86057138
27086601
133719616
34348023
98219841
11336747
138297021
96609413
120995880
182266376
156531208
18655254
100141328
21727200
97256672
32832240
15443294
79089249
67432084
57686675
69784601
76996697
76392802
89345343
61368308
72914597
48210581
80261153
37864867
132823700
110362812
102883739
26165099
135409745
180432077
31730815
160391877
50121693
14043624
69675408
120866087
127097375
26897663
60137937
34602928
152312389
3386244
57555871
28660232
16607619
60998529
51888976
75822096
45372372
115046259
45048824
56139798
47425283
47908460
27555105
91708787
49981854
76392802
10777844
24042842
55515550
34711570
28113072
16261813
193181301
24314186
131463691
40260407
65023428
43987140
24618895
71675528
29583533
41666817
97256672
70315454
193223541
73165223
35467504
142690204
88784837
60337465
47696419
88210208
141220469
126599771
15115933
7135616
93889799
76086456
69837747
123170544
135129283
71181911
117294159
36260121
29089234
11447253
118683299
15072641
29583533
39034055
177650061
13203944
45467612
80835059
130599951
111038483
114896246
84017147
55423475
196736808
95478997
107053267
107344399
46566467
31788337
101476326
146234083
156594155
83284496
41086476
39882111
37461963
113844939
20470982
62363579
61753532
54957396
18922755
78586861
135129283
60137937
61619267
70805195
127298401
57037116
107053267
58229603
36260121
57752121
33657650
59589041
100474764
159319328
45372372
40353124
144115603
144440111
50135659
166616425
27475091
73192079
51330083
104441285
38902260
63622340
85504652
81561038
46950538
2500341
67332254
55152579
208680079
115594131
10166737
42897217
172057720
1809408
92455231
61864285
21142497
141324920
25082231
82437198
127521248
107106997
153235987
84919611
174329680
145224866
63784895
32918424
59479415
27866549
1809408
100074737
18376524
55423475
49361076
61342395
65123469
95955991
27419599
65274659
205369586
17936069
46578308
104441285
114574381
7246951
56487052
106505654
44322791
50981619
107719560
101146511
77205912
130945050
60765530
79937758
62667942
70207983
65274659
59416878
20476010
141229628
38344542
26026113
73081859
139599537
71508700
45842065
215105555
19141004
138466540
96496569
32571740
78587904
27704125
6076818
74447273
100802321
104776896
23193348
111070028
73285570
101352864
30969743
44613274
63627905
42788384
52312128
133245956
5142742
103492383
29939596
63026547
175342214
76542940
51483420
78812993
17336713
59787449
96496569
101058037
55842274
79558379
80147215
5776040
52859396
43678588
56519140
85307814
33888803
58927479
80970932
91853066
48571585
124641491
151630332
119181795
17459851
52022043
32915804
25334794
175342214
84179051
51406552
62363579
108358797
26445593
44631564
97042099
147141026
30497519
134403953
29607172
101134987
41616575
31250759
72027475
69582123
38783670
202754151
43678014
126781547
32856261
165486180
86547077
118657439
128536224
111070028
46852613
27472862
56298372
112301969
51484413
56432510
108549615
66147518
79059080
195282404
80970932
142905043
159057835
122658578
136000339
67033793
26841393
7710157
64640456
147355341
80841531
120538281
43877655
151459487
103476844
82076003
117469540
97475721
39607334
30652484
23326541
84401598
72056161
117534284
37029855
27092288
27066205
36005517
39802515
177650061
85517325
127190447
46852613
97140862
159057835
21459620
14225633
37515839
6468207
179654197
64299196
31486455
17687103
69675408
21142497
99712206
154309653
110362812
106758228
65925414
30190829
93741524
127097375
36302033
25343777
51816045
59905825
96971039
98259417
105308223
50937782
27764078
121743674
107719560
32607677
167081741
123539325
120240544
139071681
117621703
91853066
92743168
87758034
207147537
88092964
25339112
61619267
117517150
42897217
75478272
84017147
77454468
37397739
145644750
69837747
9313187
63589385
66580812
41876144
39831116
109418477
53462355
57599122
34802817
25041243
69675408
24566847
101829974
84048125
84017147
36550577
39230060
16350111
56176522
150133904
32235881
54554147
101708860
115046259
119757626
40775828
133245956
90176489
101089925
69732622
45030706
133724939
122445565
52859396
8713712
89552955
54105311
114783575
24886498
15609694
40017558
41883814
64160545
93457095
116923130
49913427
116721055
86630341
38890052
40623708
41589764
35588999
36602888
38237137
10166737
93497199
197000591
75478272
197252605
91500182
13239893
36528046
87708350
40862055
44933003
43565644
83681137
114616998
60137937
50683479
91570871
31974361
77467287
89309006
101476326
5809219
98219841
103741436
9259521
100947776
34364477
112040378
53103643
162549432
45695843
54046739
55842274
109396409
89253591
83381829
52967477
146720877
69969349
15957254
207461498
26564218
56519140
76735467
40336578
159494205
115489097
51920107
32998908
108802197
107515634
87303125
171499052
73165223
46950538
18335984
19898033
46624349
81668418
140984015
30823237
108802197
66174919
60392803
6397745
158086113
143782257
36302033
20443185
51425449
26542523
50978139
38275783
166546343
91550603
47908460
128603891
61368308
15053174
17966360
136880556
109049150
71191550
88476232
77181605
128035417
11069900
19846544
27559289
78022684
20389598
147355341
157187052
126235440
50844829
69552192
66682764
46566467
36287619
36234519
87303125
50683479
1310351
34816571
141220469
45711819
80289731
11447253
22497431
87698090
65001467
51165086
28660232
163792977
191123751
111721827
83681137
96305499
54105311
95788775
41876144
40305587
109739288
28274123
137098875
110071185
89253591
59161931
5674444
11851169
6397745
18260112
82620038
89552955
25343777
61831647
24544718
31250759
23752415
30171135
92283960
32918424
95977697
63461647
112768373
80844794
43532114
21459620
82692035
74658065
128088560
48035289
20206777
38634391
111824742
57207682
26359900
53506371
26690249
22841579
44360607
43117511
27341215
47385533
45791325
39549524
53659553
149059454
43547325
80284949
68232899
52167655
9964488
64929948
70841717
102094413
87250672
42735154
98259417
27037836
86958791
31555236
103181215
127635684
49638126
91238615
15314957
56188124
72115223
39247387
89309006
122445565
105688475
164109111
159286307
30969743
21010163
145224866
100474764
228276477
89345343
107334482
6537689
21806421
176153811
73961959
69732622
44388458
46343237
15184055
77618252
79134544
95881401
67818884
27230135
29281760
118683299
44982570
119012432
81230938
57411184
20399882
48321106
36260121
142171506
87962031
87698090
36134963
128686667
47611811
49601625
75023141
159057835
44704092
55042941
36743300
102883739
58453513
92916981
67419393
38501792
177888116
143061513
133719616
52961457
37299132
64559510
170104337
164717373
127428255
5677998
16221407
156201621
69981938
43455671
12465509
20242027
30190829
121628159
110014379
154586943
35588999
150158359
34620023
38128772
102031164
28342779
155189119
61579441
11800556
145932381
30873184
79611056
23525411
141247257
63338276
60605844
26897663
127714965
93512510
19510331
16920559
23193348
168466760
67033793
101385811
71471575
46554367
92743168
11033586
10011614
16261813
39615017
20476010
96305499
24827531
75946356
135006596
79134544
66580812
37461963
37655968
29336337
36263227
51920107
72115223
61921311
114229607
180498324
125708097
83284496
39063779
25295960
44433827
86289174
127298401
34238117
62089014
67513485
49197033
62979680
28583185
12988905
26228993
29158269
100947776
125202569
31662124
77618252
82144916
34987068
87175335
25329991
7168514
91853066
104592852
5239034
63338276
112768373
20482422
46950538
33024693
27609213
131792839
21459620
213216369
36937215
106726695
20716275
76996697
21251585
30531873
37821965
17280254
73829936
26006154
179731505
13924532
118253909
61511541
27475091
39979242
91708787
95201976
51930502
57053527
17676969
91550603
10807559
7552930
82620038
42735154
62667942
93483740
103304636
46806972
63296683
90358467
111721827
70315454
92879780
40113749
23525411
42834965
107252329
101733468
14122933
138492123
81501611
176153811
40596052
68747479
3992066
65001467
11041721
49631863
120092615
23506056
194752460
67481612
91708787
132823700
120240544
89266092
60334235
62914957
184303432
23944539
44570727
23685666
92007051
77164511
96975476
49479774
145536697
19510331
103158388
93156250
94787569
94714773
78586861
95523936
177672831
114822573
92475394
29939596
64414967
90047777
104752181
30126883
26243961
80226144
90268668
81539760
16052348
71052117
104024861
151867657
66550421
31745354
37771179
82395803
21806421
93661459
83139026
171678047
155288576
41089955
207024080
110180529
16479397
60393063
6073046
107285932
45634772
48079981
97800320
115187883
69446391
18146159
21806421
50928682
36602888
5809219
95977697
62509619
28630749
40940989
64404230
22444835
108838589
46199984
92547189
76408170
77163590
126011431
146234083
126235440
20735747
30681514
55174264
77400536
63237664
39642232
156201621
29141044
194752460
110686712
61978804
113989642
23251880
179403746
55312937
97620961
134024348
