5617066449519
31215926339561
31139418890895
24474657090913
1609305325181
2633900447201
3004247386897
2138297553828
17848772833460
9340776072775
2756937218755
2405548401140
23020696491961
10126434746810
4553377092254
2050589880203
27175157078091
1287808941470
30919282933768
20627493787301
875625004075
3117318447614
6328785416478
1919969901167
1383900226178
3967055187280
6435963189802
9094366422
35317192858769
3456616593691
6534582003894
362942234
30580069861779
2321701122353
19978439525377
8211055486611
13626806172430
18168935
5077921440794
309753947527
434128708597
42249914409910
27690403740193
7771266910792
43975959080
12316745721338
17015691834588
5931120042028
13856837940056
492963894493
23485574858607
7413849000645
56051054477
10697555175464
7877878791382
22892837973905
23633668968522
47282230705519
3319666603104
8339848498233
6978907160381
26209878032274
13321900495135
725259439440
2350615403586
32585820722457
21798554007925
16100098769089
17437210760478
104159662500
745099435283
22637365049194
5101894598913
46443528462895
491632141929
530760085206
32566347564502
13312346984027
16070050416256
3496847809840
113563857212
58749332626964
11742253781201
37730894747313
29094481844248
34404875111
11704328454907
10442700949938
12205048135858
12329737684676
4899814361965
47805927093302
673942519163
10742216355617
558883313052
184315543704
2420777431068
40667897509553
11249407582250
1647277000148
5116340856
10826725565
30796145855312
39862089026151
6853080210886
33896519699250
1294225456334
25659107660429
774623386534
11500868008569
5163330541114
40041502121390
528891172006
3918444931196
61084549306
9145092008788
7605285149643
804983854782
5251488273262
37371437191
2156364647812
35517419198885
6490045194979
24584092190985
1093742113351
31664347564249
736673469352
5526008484171
9724520151093
4698537563478
7926478235174
881226285154
10758865699362
2976871094184
1353866204909
13467249309631
19975649836
13866698469042
1481432445873
1220425026594
2706802213551
43806833450132
28451214938417
20561213767410
14400141715585
166957035915
5691004948277
6137626903549
521509858999
7225918587
720180163837
29519926417280
4177280214257
37373756007901
10434512006779
408036999525
1165549829076
6722368512464
884149094253
280261968367
33559014023863
4059961867452
1565562844613
1049584473425
403976745168
9272286525515
35325106058483
39435051406
5170844515754
559831234
5613241901858
5187319313813
11030890417865
10675128150738
7443772787428
1198187945474
1000320841027
8740673826834
58417605422007
21559038580236
3665015496758
1397764463909
6812720476905
14984093143561
22771358788848
7805424802089
44153633045516
1366304797714
7250149319927
265999451790
8568847993960
3057070171750
2947167330435
46120509215578
554221695607
6143733785348
26082610596020
11671051514725
31001820700590
45074047605449
16496510902006
34678398286447
4885028167331
129277765117
14349395351
1253035119943
5193318176580
569584559086
2418736961765
1441112809885
5613200134650
5278027049066
6631409780671
35471713179200
21317628911719
9270786487009
44937964392535
11377356563520
37053672067362
4764762675
28823867234734
3356629604053
173143535863
53461518039451
39258825830858
36703718412697
33115440086155
45987292448985
570340141510
1976410903743
10191198550045
14087078531883
31793788486170
893656574116
1498871527917
700599296049
14923693009284
18616077051433
12002574370327
47217518832344
4131951566691
14432039567841
3045520707490
2909549095151
5055586517459
73139715227955
14418854815067
22823396524530
3243081731384
14865656272060
1938302408219
34441992600168
34476677233092
57949311740011
7103128693340
19639389741405
5224388088513
9490606149071
30184920282257
247438741508
18098629338845
6825818271121
27654702378788
4426604618801
2909643432582
25761892536763
5509142607110
175402819243
3357514362355
95315013769
5908700755816
32812237116649
94474653
12976708001701
9124190103850
20357979163366
10986936866322
761731833858
5595790327702
13688044583924
2429484373449
19734475403275
9955461836558
10357043025034
1773883891605
45706870741935
26391146004507
3294107778101
7186831305110
30186628171567
8218389479887
2191387807088
1309677388461
230512562003
27335541476985
4275407880974
21264901713046
40214091706
9730212844427
30410098096454
610152496358
60473434665524
5997510920811
27398036265656
685070206920
13809730759908
47374171644717
386964603403
155015861618
666755568434
442296927813
11135747021626
42238306975646
2310465125529
23685405510874
18738681427
1815884643184
6403359118805
753816614845
332585295115
6572573507466
6226755303515
3778442768217
9719901196832
702885668388
1656925557
8130346133324
51226158299827
11649805995987
692341296722
26257433674729
3074303745751
40388628195902
16045051457757
9274081867932
4687077269580
4350356116144
4763027163409
54111131580
15263599214644
10037248729227
14224709993689
1932383035891
27825262813482
22109714015545
47867330604990
20830691683307
11062460087566
1754109833851
17776374470
581664919612
107883744001
1435923901884
41439198000864
52128188000534
31577273172732
81248138615
16075224300
17310510463411
3770001628298
17285582024062
42787492472041
27170331851867
38216244211848
194018426138
76297751100
32168350764449
11451965078989
27802488638636
7942834326611
26649234470164
2072946719645
7119513003160
35419488502012
403278851953
2426433613365
29296540519848
9352932037341
3203986476413
1949233899826
3206974345249
14558167878525
20194155793018
55732173516350
2085875274065
3816315148072
13479105597821
3968299468347
64673555530
621831594493
15126337892518
14691120019469
15429959178128
9506680077317
1900195283772
28140923713830
4379061691789
36179024412397
3745198235362
6924834764981
21531305250729
6626775921949
41746110663241
6652829735926
12056581963670
8688983914408
37421583102
562582029427
2343333917860
1847509785271
622073917088
1954386262841
2712915544937
3674350191153
416325817666
424860933649
435877066683
27641636371511
189831601821
43408504289
24498182346661
6297256350260
4330122112584
438435336588
7728845720399
32939947354972
13429834602999
3077573428211
4015552550956
2072982171431
9393438147507
744944979535
571868702551
8409075422570
20518159312968
36429353834129
11973915345197
506795883892
26858846553
12422604631565
29196231874
110094149341
4642445707119
43971527209474
21109714285669
14996071812656
24463560972685
19836632557658
37878136116485
17207685948142
6795479846274
468929786687
24403802139939
2699922929609
1751049066942
61413264149
6222492597807
504016459706
13902684600346
1971313930201
1350814377693
41652619455762
92221826032
7345748008142
11123529105488
15842866049738
16258228340712
1447532664696
12140045361595
1524668127804
2469997465293
120264286950
3979368368482
4928962978057
38201122868700
8319237797
2371402019666
12953848980935
28632040782270
9556269964523
55798370850820
19456466643832
7171593948196
5840996068952
14616491026329
6124603492305
2503450122176
44160531705581
52251367522
22502833229
44911114254300
11704675215484
9188003506841
65511055294
3082320612556
2865862120861
29844199481601
157124482452
1003496829216
11031244538
1822547896580
12371090436420
16102997781004
22431415884
143469471833
4985132717075
9190198923860
7447969211197
5738479253360
23171544299234
15013660367464
17064133963268
19082830363212
6485089871916
351868591831
37505517957635
1211692446922
15368307677764
10009212220034
17575187876295
33357555098
22930019325786
3924256413355
13119459356566
30181525095118
8350089683589
409829657417
43877429134150
963667803849
23258099487412
13166280711740
18059716160757
5938164275475
888497474250
2841760565338
22725769843856
11896405129327
1333521242269
45212859419566
6799156258066
68409920749955
45092932030322
6420319408111
21821849810634
8202929392486
17240932415624
1891976501275
2268622195794
268524198319
9229403843019
5345677477253
3266438688277
1196388777675
6295100839911
16664825812306
964066025
43571054136596
1163420126966
10148757829258
18381854484782
888675345445
1432099968389
57975793420487
29904161230720
8665751085967
7683067356965
878126658712
13083182775819
34749707148470
16858186935624
4188327340231
11548492285382
355437804380
42927603458508
1992053669687
1990830956866
14221323116560
99383722708
14376988146996
47219978686422
30205321082
18896394697119
86235801639
7006149971680
1481063489859
20081746944136
522048244822
1451076958498
28069769636401
15439830251672
18692231472946
9198409655050
23155845513
30812989048384
4198716673414
10967255410682
31992715904305
9178350448709
16119702271318
203413146080
31212841532600
6483139610815
10228184691151
3082759813925
2642931368039
7664006252026
3251940282559
10981566380823
4253059052518
2581135831769
18811673437
55364964070214
121639655047
86374128424
14931307975521
44097423845138
3824131825772
3539937723034
8425520202523
361442355480
26630910881519
3438412446216
751501381346
439659450886
158332734132
37599765435582
35946659979415
859142901755
16773006641176
306959622418
1895107986628
2915934161093
22135252495201
64701491612731
172731384871
1087203625831
24512874978178
146284949298
10583848575499
2340750857384
78142053197
1499113277
953258250893
12886819444521
48010041842126
2316431983970
128874124533
70434726783
4702350835500
14764087390311
3456559354857
32977521976232
16113606795933
84708532561
3584259022738
20987816796593
6782761641631
599546590362
222097068809
25323695274905
4341999469438
609079344154
10990368757246
4867312003991
2302981231569
143017861592
22491834029181
5477959124942
41487902690878
9802305142201
5626604061709
1878150236787
61895966717142
9576937620919
16411951662797
2927736095182
2067233537905
6227395856664
7902301768965
131857777814
8042271958141
15059414162939
58690934767
14102585921669
14136062572636
5144270825193
442999524839
37105542011255
70666982897475
96503844937
11336657230385
18658289967170
47953774158545
4905076909028
18068100851668
12157559537517
11350746497594
51020688379574
40191741060259
5667848270458
38093267454268
10681678252507
620802919092
38608437294277
25062520965217
6773854181662
102660473481
6401861939981
6619940289965
32488152793487
31168236784004
31181270210053
4305724514551
1151344885409
51710167611
5420470160667
45813838850005
1952474597310
2411171664956
30856136461810
268904208319
32348416339120
4458402631960
19151585711705
42905212139208
3599221791704
30178656149741
8871424418538
18202458453093
13303289904016
8550169107437
9856324363191
91458180126
24070133983163
32493630883848
205076348896
4406142639183
59870060225
3112273978733
42975933825319
10121565332717
2195371150244
3384390387388
4408555154636
23619983666731
2710647505083
2696706099
2026957553647
1800850670093
229608441178
37723723733547
743459869328
11070433471774
11905537433527
9350380947753
206399240291
10551473472029
122283742023
6936135107691
43114318333480
32547108619885
3996168597310
2045789611882
6590507325527
4921169710899
11688646443278
21998964709705
43857058364737
3660836160003
19513043874691
666078281013
13267871690436
786687961340
52227589815086
4832230903288
11273435341585
16269784943775
7043786960569
25145899285417
4122895308647
19119012003071
5137372861292
189435233025
9759561578530
6569373397617
6897762144968
1390535819566
8509241007883
19434708546759
50121559600396
129626965462
54466747905628
20755302889137
4843727123775
11510370062730
4509768062115
3107937514521
9717968788024
10071125146557
6474089879391
2083509350589
16689737837016
26883972597169
776113771201
17955175095915
5484605822906
296282960127
2337751659052
14363264426095
42819937808948
3095100536149
45803406991751
6056298843805
549888550372
876056427979
281783995279
3420044251069
12286026612518
1134794299623
6217445022908
55540244476576
18778360312326
4616881412618
26487234294838
14446827706748
57387220327675
27547743767704
9014862308972
5228320469368
2962120827945
5053231389231
1259431980257
1652670637466
2929368304929
279357747557
549158870874
7439675919491
46676476234963
12861524410729
14973202236197
544971378
11661839946767
28663273338898
41777510896644
26135044782723
46228000945903
4060868538619
39083118714448
651969035
717697352
55752987979900
33368100805734
17384232040996
60545216532504
12205639152107
1643903754844
6779777319086
10573897908390
56713490828037
20858330426003
2531398996904
36778416976167
6042281237177
5248833506193
15747270060259
6092257616030
214088519162
10288971561580
21705924838415
142182590607
534227634614
18740993238505
24311917584694
1636620828923
47027082422735
706082616880
5679247534525
4565701245604
4102581012742
1474628706227
12340028680650
11278776264
8905923213609
2726740371443
1403920
22713250871787
185806716310
307885870702
49538259944785
3676959114136
38969511106953
3004949900826
34156153069453
3194809834169
1871843373787
1980560038873
2566918988766
24590449668672
7476180724053
34752285962645
1561749129152
3240185826578
16104713416358
1887279751076
13186474669912
9250478123161
44330463982760
1590858736123
69932564558513
383533283748
11018650872913
3097655186896
53000707448407
43460592816
32190914
473606403960
11547273515800
7080225694634
10894987375109
274268988354
69719799087287
2389591749030
23818285863711
11765696174212
3055072825302
9731352806305
19515553018018
1105527009548
427543658544
7177594187494
27971045834960
2792476926369
7697085670847
14265957443974
2072580896471
47659421158384
511948034369
19572822810905
9187712323898
34762891545096
2343409311802
6348523290734
320233667339
648603216033
11042927976167
89505811923
17624989321
1229492136035
10991133945161
43716966239657
864097369193
43259842736084
328048750944
517392777980
2480793592815
6287906747973
16189230268928
10059371198914
23893622450240
12543573549740
531730894211
6905191582894
7834679634565
122023543890
33656733893810
10578098458193
13461179464303
6018268074399
2272953298388
15026988301550
11594536314539
19311126840
1219342104218
64206033914
2456744493344
11682273274925
8973715655815
25101449321443
5815036039562
123670575525
14137634979343
2562439512898
1463131652394
28532850822448
3883260022382
10919972512798
899210398440
107414316967
981077186018
21820927375979
16353290833699
12268700107553
4541811814701
19715875205059
9023635190443
306095836
419590716448
3263762357581
50283595152814
1144290385329
4465817752536
32880000433948
1237274955897
5470289713355
1024774880993
20430344618595
8852349221870
19004149902953
7976781857186
3114756366364
11303064600804
8202843296317
1675497128857
3506631544219
52951171549813
52061221949083
1656794678756
15976645131183
12138326640167
26075982502043
19071425926579
44929491945104
55621916028261
18597485584152
42926543371947
2902505383175
19244205843155
51044219296302
48613648881
9906929935556
26497166747392
24441242661112
32068850403881
28968200624980
5660712243643
29085410293542
49906604094360
17401109241430
2050074187600
5350486333948
59863486405281
556797883996
40285852844650
9025093053737
4199472047884
32898746458341
7243466399604
26109381397582
4458766394886
801945777434
5212655002363
13169643035905
11502465107351
4456260611610
1739148128760
1665226766462
4934823696633
1854656083307
17907493342828
14125239994017
5514446561515
15202433227481
1171066620487
26520985996774
3807648005668
139669416662
4748373503636
8549375078431
673139708539
641531777189
31210976089901
7291800948493
105295843738
43269155902019
20778024468119
45155774007017
218417621962
1908423525476
3522947189779
17915994
1147907120085
717607898450
10064414242738
10815497968802
16709208161352
8376870846162
9527289078802
10220910882693
3632240609806
13242555122596
6636499292961
430516300663
23037692698311
1322936969169
328445679261
24506450953
36285486688
1531030067
1292405916140
3044779703686
52417702197219
2115240475237
8013891775972
24415367129782
23471087358592
1270099442560
1208731310987
17113773919964
3484311454483
570973713477
21166787636609
49627192306674
10953896686282
332643409735
1520912488610
464795155043
309019407914
45583314945330
122073362826
591952539870
900920204787
60295120720650
7049663308815
9864009411852
38733735267417
187915262
14448468452798
20946538711441
29045409972
86395644500
10143743351230
31631259064827
632600153616
1675743998400
18484711498949
59949695810
54733796090
19929212910
22932780303926
5738067793026
18472702951615
6036885106150
59922504571368
184577831339
11699981145595
9385173239273
30018724464587
72887673394520
74651187341
7709735248062
18078113828058
5862925550743
32894826555093
111393788873
9810305829953
579655314862
18779226171416
22495085872191
1700896817894
24956048965509
1827221982450
43136147788390
34567537925636
26378521592904
6904763496922
5489919077938
26720551869381
56286535352837
475081720353
317059272741
26174604190247
1283249344043
354467930433
36840350594211
12732522704
3396971003579
14427859297510
26839362087098
13826637027281
49013994062340
629370347127
10005763929407
15290327946007
48323028127545
1519681959905
914825002380
25173281108482
17191330942137
4928479090833
1960981183250
9536345434216
11287110023192
4839000878957
46825351499899
704271004721
3915254397927
52688409484400
1201274326820
9437318107212
18754901917561
190676444524
15536092862607
411475860711
12952816367600
115852753361
15058415554266
11159246192881
31395065898252
1197836288669
2110489987251
5286430423250
17634355630689
65795791476
5341308057506
33944334390860
3623720335204
1797708910883
11310873684326
3801442245282
3840267965
19426541721948
793851428925
13409923485284
11255635288139
1551604668757
4890977767708
10855079046285
2245950585246
416629778101
67945047379022
63540590644233
49180166985122
1187244503046
7292612832144
20128155388368
138813904
4582120220915
5546561826728
19860095744567
50899286975991
3817687349955
17254243380867
66165808622100
65340831631745
47742071305538
32193677969344
1192242614673
18820955228118
35873759104883
1123417317601
24055087505587
7872373603315
2017585761675
118030759186
18102197972421
212991907459
1745291252307
7594531102172
256935294809
38956887231628
1991615042483
9561416554975
3833649761931
25255239115652
1411450035215
1285975543557
70616203674001
59297337049407
4492274728256
46067678376237
762376614252
6365752208371
1389876182252
16499618753812
11211290936
5143594154039
5120807832024
2908057847278
10363413376789
8233151435063
27717523618688
56776910313963
23036749060035
6530254434139
270163842684
9753434223664
9995206123168
13647928122031
5062510480279
24252811276805
3201010377018
53126133403276
34814444845509
15679855526782
6141319352356
9414103279698
7546466091892
3787847917006
28196223855427
11671832451014
424603047934
2573269923158
4958543328969
711894983915
7913804512980
158920141594
18730269347
63427665763996
1924314544232
10370146129487
25367880684063
54700353783
29564309690364
9174600331418
789852140771
5376424056027
5541942507845
65878744369
37319777799320
8279114690054
7325794324194
2129900127492
4987682059463
12611488807901
7973887757286
31695036217434
50265410870789
4081876202592
7783620926509
9828412763572
3448263407799
36197930565287
17547263370179
1799349660170
17990876440272
61560680498515
1923175915009
471589084
10478478546673
820933351644
2798827908778
16266769446197
17328059807441
77504914138
568554883238
1601747750622
21176643616319
33760999728281
6396363745615
38905952802471
7749582649432
2055199670239
6220507931060
629208540372
264835050071
3106327946908
292556222005
23913756258220
32323565135198
2470533093945
45828361674533
850106905145
30659847237977
18364258694352
33254911805393
20231160062560
7066407228208
920597823574
1544156742128
12522824468668
954700328622
2012382624834
65389631326258
15479275826518
2906416024665
24245312887441
12485596669025
9374829329067
80147691733
7632943413941
15064141500044
1714028756355
34819082290164
826615437920
15555694256494
9751495284329
3946595400454
32485158467252
16878258333997
1356773966855
10677882240087
21435136128994
26931907634806
10239986600724
1244015738353
5496130460360
10245217431901
164687218532
25024655939322
8401083837412
73073781862
7155180873791
27617767083086
496483254694
6642741526718
33422812356093
19165117408
206392030589
10045650674232
640199079126
3950848758429
2856311869444
11412431207160
1147026552117
4704013502039
2664204379262
7885967478136
1081563216032
4812751956459
7065462708504
56155074439
1581755476758
36033032677702
20276524382840
20012129482532
57305308757
17964631673065
10335734877339
963484600770
1650023411828
19273087116909
17390091823980
6768392789418
1438745670388
1972551686185
9223882674080
219849354394
347217174100
35778266893051
632747189908
11919892754163
4411906052369
1742594878487
182866339948
3855883184
1577781789588
29445086744452
11892337571570
4168503815282
582271882210
41450204985637
4717925908
3811826074436
984358480980
60715515183225
3696945424303
212082154386
34409938644293
5133589377
24188862064395
6020164490520
36528620
9074258941153
4087694623183
8348656470
32025201463872
10294849998777
15328498452278
18057194605620
3242534041919
5809154260579
30046910055140
1805469757771
127366416229
109036265576
672071269017
11346070961237
375564451709
573807416170
2297453776752
43244030081736
4641778574904
12249821501453
4046861480061
9973593944637
1160442827020
241747062425
1026503147164
15588432605175
2359379938580
11900011062130
1492845967108
25599150148027
34036945637933
25914552758378
2379618223537
442626300705
4468445272062
663254475302
3556261555650
8729915793264
11013852143
57562639367706
21026209403820
28778614186157
2531364577440
7318471038362
31028613596842
18765176445124
13668559125394
896199573516
2494477579970
1341373343033
9770468556790
12527671805289
2153883196659
3275121972190
17565789523473
30888493967080
13900470966915
307438857913
39921426373978
2441407250291
2501208807788
12809296325995
1734453413284
34650015865543
956187064039
946672010284
478953522542
43474539466122
36582785669753
1117012109517
17474400799989
2458814831546
47826050490375
2290762428701
8798137866301
25798519202047
2020337914607
13709971983196
1179737493499
803818175362
2363162403830
34770863000138
848620749361
2758128893
1036353082125
6596919567723
1557280890683
6773357588506
10923878169216
12287506860058
3267261393028
7341341850399
11017980102184
2412230101496
24520795282379
6060562118630
7577580866851
1672620675123
42022162128418
10839066580026
321106860314
19627869514
1553916144943
280288829935
2579968805
50158992928587
64384404467956
483791964981
65420968389111
5686088729728
24108458232285
127218047559
15098448486312
3793952073204
21157885647271
25372766944272
3108377571043
7388515913134
8260690544030
67743338950
6479067156412
279945846068
12592067785096
923637407249
44883061395
26239199235546
20953252781957
29357006526940
44317458950
4381878251816
32480774576796
25352192979978
831871338405
11191115933299
41327722934483
8247336642490
5635313418129
6238172099769
50197433105665
8562034450707
426528700119
36187573616079
1866700647229
5050838980714
1229584134011
5526477663911
1658298693622
420732408219
16239337199668
791745927855
54714257720513
44265486169942
3781971034019
2180108633591
3456440906749
543041781
47684120899847
815800618550
1859551055914
29014251111008
10303772104034
44915639622231
63845898142
34043698936938
3587271602645
12041477768545
1857772429092
14182425199442
12528909554189
6215858724919
59684543396
7332197192622
4049977354518
13983528973485
118698499535
13006671001502
13645228684204
45064556216906
75524989946
23467341997019
11694009523115
51795531350
2452154683817
4632839253420
55747018459442
59289150563
1906210480704
131510587171
41257557257735
96318217
15540080958683
3886344318781
19165500893304
24095574623855
1745066789143
53130252419167
861860261
188930458242
431732183695
654600438713
19071839876258
19598407510879
14542001979068
38974176373
31843242442854
14294262839347
1407210231742
17104982459703
35165323856523
57010826527297
1238316086763
14241979807363
4331571425417
5980840491228
444673206655
141149504519
14418031976587
4896698474222
13113918748432
31782947365087
243711374937
8157030298268
2060652308725
52111405390316
13579641544594
6198258677840
490599736418
12326590826456
134399496548
68032911203597
10550711829852
8562889993947
976305340820
4672018432200
11240008532146
13356807355670
8476655338482
5657146134869
129364838608
25511951319707
37339720283166
1540381140458
7849205698610
4075655908222
510039593391
2115486743702
47660958375716
3537714790483
33979502391123
26325359053162
1704580162314
14851050790131
10649850322781
30820870475037
40163833529749
55251403675
1968760305934
8508619336414
11199152778806
54346680558288
14174592267906
1178637711261
182479140415
1289984585173
3083179606758
6544239398738
6339597081651
5374786817409
38154713805197
892515519098
12749539818
65852166013232
322837577888
1017819998083
7446436349332
20722741122310
7298199014388
32595977999574
11249600177141
24320517223316
4205795690208
916109580524
2251331366847
3977650035617
11518386642343
3887534295666
8728320581408
21071793489652
532283480646
32492276662583
6532929966214
2067581932362
6894720773754
22637620888346
67434422166110
7320169451329
3831080866199
27100163483830
41302843584949
308811663222
86005284332
32357321042354
22523585681210
917489330384
151781303342
23332148790399
17058296064182
22064574026411
2644337210713
11438191308994
2211128511
4594649571084
4892893408434
8704807334981
31440044005134
22202888775078
772041091297
19853428171404
7474962394585
188184520187
748511075580
16569680993419
1289850734303
1948522597864
30352176120404
8904538722524
8800304469832
26344267217171
29589866538273
12517137815507
37594241535422
5699477898870
113889247798
17503779187
10822035525116
2466304668368
12899972778462
10113849214674
7805099783611
32315643332052
79296069319
613551348150
22493470814
1468277042242
41007692684571
928370752722
1041931522
15209450185362
40061942838467
19519399051651
29196613095918
19345113748
2145920233819
12416486459642
17417558867
41613737264296
956471054058
1090517428568
216309953797
37364860118205
3877493108542
323509396410
10027606663723
406866819393
2564197780215
1940117940456
25510564965084
214526124613
40544843288881
8183820230607
80935785608
28805679911700
13497907780878
169492854507
12506117812243
405386238913
16287745613923
3716564962022
3810505736893
3283479276749
597186504667
7723029423501
11321967059501
7927200924914
31601116467911
17473522648612
68830145570495
2182790892989
24878599202423
3276109737881
3273700197293
3076922233347
54540533286111
23901201826639
5004854323785
19580654299743
195049032451
2455456514183
5989352975464
4239803643510
15576012102374
11489235632200
21554218002815
5341185125139
52587330246629
832759117456
3817954593444
12151813369573
45504110173316
16643075193792
956836368578
140163126124
462750888048
1327090155
2898383350215
7028671151827
662159114615
1412800393610
37863596147438
113180375
930879925745
4713567179608
36562398087254
2355539759616
3746633069416
4598187822969
1028635539593
31200174570819
256708378782
7809058722176
4503553304644
20791289246304
1055035424447
8927574081469
17963886352302
48373271145119
14145774081496
3161533176163
17388355259571
5762257060854
14150071470826
8514563382369
5290477048830
340275769596
5830122956
905059848598
19116241900779
6912710976344
22428289534206
9057066698037
12487067111255
9018595558569
23550115972443
21299861967842
4214067588680
298007778745
46954552056934
15839931842233
3219322941561
2170454570915
3119557082987
17546182262111
25655252992154
607935949528
2443267712775
9636822804852
22632176670243
170192946293
2736170256823
59160554619188
334802266536
9642857575793
4189516006059
16274177824982
469932781009
523288082482
449451445096
34656899550750
12237183632978
12546635638755
657554906722
33960512574237
3073640483709
976681597873
1005349863399
16792492453
22246030147458
10222490516694
129083529018
2955332649
7419414571461
4804800574052
7251810900546
11995972543731
2742976823720
1203427642713
24690170370356
25159698381905
8630502784711
8304844845853
3264156390412
47924147759102
4542792498138
624300268706
9929216794657
24791998856710
28616146437
16347163
2964115320043
19372617298250
10883892609836
5905005273287
13513853799363
5868285118366
91467954256
29200479957
6686622617846
6262431567668
44649602478317
191492539661
39457737718104
4283789034056
4312703070498
32950981843702
19236290135494
6112532931886
3876155802569
69103324773806
66571613968383
33259102054949
8932022883349
400719851480
1213474374079
2827635302136
2646936220680
3520620283142
53706841797056
58666725714938
39512646836
13743759653933
9500227326012
10758570046487
4357706865030
15467553487021
1594265903844
1205222558329
602297853546
6000445307860
31503409022509
13221756705219
18727765213378
32242687690478
3330467054415
2720663984477
41443446521121
5511504884036
4025477118321
4577180380951
301427560572
8773352601204
8137827087704
71638156509508
6862840028587
84341130064
2535922126211
25236891305983
10784977629416
62893507
3957283114903
6997043003771
134116585471
12142947078482
559116495320
476107450142
11031039191789
10456273330302
4262819820
2203288141174
12532321043427
4238699665459
297508298824
14632824793440
13362993957603
11282597317565
21737978457483
877536949747
11952687780929
6196829663567
52379809115899
16506803963993
50080291006344
128869706513
2097102063832
50216183936369
10440606145163
3980065240926
6137395127821
52974448257
1099691887778
1258443386204
2859484296536
556624789382
1593769139581
17258341868839
683079366725
41062431333574
2001314013556
16957779816940
2028745915168
33863111261
49632423310
63050706493113
6546362392340
21785040810
14771933288588
22006265515132
46916107962921
133472625283
1311401696124
4737760131436
205173018881
15206466229165
9083877983988
37679222518462
1042961378939
696701960904
5004781910889
21744402833838
4238944150856
6561089359777
9625795613786
576327473458
37221516685585
19622432881
4116463553806
1129136412836
10288710926139
2958064789939
5535006770790
35480510566153
16454698237893
40868286943444
21920719163658
1505743099130
4288045464963
3751073718948
9177230774855
24509613520311
1297115726559
30294973499387
6142292276566
22156489216175
7656864030853
6307115284586
36472097378550
7479377758114
44196283573428
23869302975695
1858824042405
8415980338133
217186140930
1261249184511
1080287648722
1353653860294
2634653173909
11041573561549
7308199616139
24173582413204
148207700235
2950657388781
18994604058115
26301685842710
56515622444608
31371936246
22495033465052
8900554314653
98219010765
6274957541539
13311914943424
3398281565361
47197984841312
29860319265482
8342021167215
583474995119
450232326143
14008899205367
6095964476346
585052156543
9271854305981
10201180095355
35830899622866
104887944250
26879393511798
11583186363369
9482507095564
2463797410352
836573659493
6098249386252
14883376611633
13320966100000
8123409275208
4360233873938
48726742280
7825121249223
2100422806190
3560583964285
76302940852
23475359892424
180016671834
1159105010760
16602823697343
4944675598285
4947766460096
59477724886100
11319164271132
4242111517609
11945468754101
48433373866825
6037837733937
27639337758469
7549121398722
20166875035257
11674957240817
18698114657894
355993296569
7033498540423
2387919750719
3723340707534
27342814373070
20491405225602
9324753093991
11454124131444
34924059390756
601826001347
45193710509560
4100953702078
11342240740890
3745708652120
651667527080
420953894
6751019538486
7317785845046
12272497186097
10459913239570
2506695169287
1991644501195
1626788893882
3855758374856
15299471985411
12351007395557
4734547294267
2340230960496
8388695180086
3676952205929
33716725483338
220848325618
10738587651353
2291368464284
4448836376783
17738739854
20674633029990
12527283197
500606690
76409267735
21269924578426
44165054589059
367508242775
9658078438850
492187123716
40509280007605
33770692627398
5207518799619
16532029453333
2808011583225
2096683650312
245759591718
12138312266574
21369346677418
4554407349144
1924169127087
20445187158691
33104880504559
42897390359467
52141192178268
24066176174463
16013788159436
32518489680361
34956812829194
16329210927953
26900640429549
10382662602277
16673682371958
4275139440273
20004738374393
411094198362
9247888026850
6468646949991
20599644529163
36432739099739
23399917037548
10499991655469
29329198740008
120081221867
22581827213296
535351036915
41791929520171
26797764940055
40412814461569
13539256650825
30980151714933
41154298278866
805366574040
519594058863
7225573256297
406818043285
29499421963289
39638294880
499295166980
4458861049093
1689924435626
46052181845568
34193060395211
1622185311615
389176537701
20000892174208
38852640914287
312781032536
42294062608563
50215371236196
12726858980829
65712759954897
13260827447228
8360451888712
10853810351557
12338253175453
19774108311001
17389796483339
2808595535328
19966064203161
1047503874896
3488824638732
47791706944650
33326631094908
2502649752171
32157224310200
6183205827663
22822477634161
27172715394476
1301618518308
24713494892774
25609211627843
6633788367444
14510030588
1206909340194
2790810826095
17017974861015
2297944938628
487801821200
24523871080286
12190155562417
2307592817210
11309380763731
55215763301899
9218840054493
3732442198814
19364492775085
297639388586
36137254904721
5362769826873
770628205
4927150105639
617569286654
6622901374718
11986252718171
132004358598
30765949293099
4874748473228
51954601129
6360143028103
32223890982826
266359850659
3441472765897
12880688058158
5156514217751
263173359807
7078209692122
919208070081
40877466200849
17434179215461
27065008052528
15628169890247
3550476739993
21852276520092
748498898550
28276642712980
29140228021357
19704870278826
6904616368996
29814463037862
6417177519692
826556577470
9561503407803
33114655846205
18514445039587
1268172386718
18685409928964
2635586795848
53168464286901
153016210612
7485532326281
6485138283080
48355230646840
43295103271540
15468494549847
20016285567244
4366139176474
9389517272072
6383516158469
23185965824809
12450324994388
34519768881401
8740420858283
625812643613
228700651198
15595202526770
1464388327091
38572185245731
7864710216994
20538556922326
4854339450728
70757500947
131852837061
657062174354
57271453636817
4836423948516
18092094131263
210413424956
27014006134680
5536238344295
526377201656
8147002733773
38966584580190
31302963856703
965088514716
19763199022634
351505436198
646610446449
4206833860413
17495819310653
18760175610
7543359851010
10015580474258
3820211070724
17023989689163
4162198317496
17907576150145
37747237546438
19023161253564
40915920034
108875184545
236095247173
18964982288830
17241199166588
5496161941744
9889132195960
2395152627854
14510036948991
48512976053
7603444198087
3461724825912
12465421395663
314338229949
8524475457
4705811501593
3223756606064
55946659521
53503526892423
1300904482747
15658197852079
57489995237
25431821060150
409626738837
7030848618714
100301801960
34847592304789
1876832528088
20138787550529
34562648844933
22902332275867
5293250273867
233509085415
35358762609325
171065795227
66914671600748
3532072665
3184266926
42189468796393
4352645297878
6971516501797
27155178062862
3536744842531
2638400920700
145626124738
17227932954319
6128604716123
5011923449966
70819201207
20977241948059
64999895407445
51824677520315
2821423157475
5687111119610
14522182150639
22783500389355
15697412608962
47981245328754
8362172382295
3350457886877
5600316256576
2378105346314
389338275173
4353321099248
1090668372287
24271562768720
1413765216088
9870871814401
9502400159045
292819534098
13200946135631
3652920554228
9343950386882
391421845347
16393560684582
1887073112853
35116043631615
2456372141773
10793834795723
143562675043
8135274572595
514799004792
7371661744172
27313006121007
1357177000701
19975101627305
7182034391981
33508823530077
35346157710457
4371553840312
18995919372933
2059871796125
5276326517529
791261128064
3332825653213
27341851982164
2218162403773
13201381661178
5592837659475
10351019305
182203501553
758131882311
304039901568
1117037206108
64480615702984
27547954136051
277408181201
4088809189113
14044656065
2630570292008
15376303991708
128416827586
3578033420729
23340081712824
22838384992
453349224727
852420052111
3184992639827
11786307943465
20464726022248
4241203092979
37783650440811
63822956680308
4089054311
20913492463914
10300528089
30039532673236
2191313931237
2808459589914
1444422444001
598717943402
47453402573
13136056557144
4781395980525
69781000681
9898051360559
5808675336783
1929041316686
223262149739
310556882639
1297085105841
4081545463448
394945778683
52440521593599
1179121080984
994764622323
45334688054175
9860182106538
1956731677544
573039439168
37674043299709
44884365430741
634388063116
16067068575
25859111321453
803436511
9630914232223
23736054556138
17601499569558
1326948427616
1581852815417
41636334399187
286769829781
24111482671384
29131705941078
234133522582
4886985649845
503803588357
7584602715138
42558573662280
1962655785224
6429701390199
22250069028149
53714106391939
36027981646940
53653623489620
14882996805897
1573934239281
12579006433338
1451250585609
4286872229464
2324800430607
13365371413103
49642901714498
10704048685977
63267960148877
23915803608540
21667968736438
19073516664804
21969592687255
60260838914
5850572456787
667005699145
12849436271341
8695421204344
19932623097786
2913213309519
870761858369
13676339888152
398969300274
3288021651863
382926163004
5245851723311
11433409714005
9938550601722
1469952855592
861678740118
5668099830719
36879926663176
17131720555893
40618955863521
25586874824004
432561986323
3516628827419
4329720758893
30264808730886
14261045989508
108784074608
3205861569382
855588702668
6082969233588
5610424945580
1262191657365
19022418675751
5710073080047
62829904050
58653336056392
1390455285815
14402408067597
2068802888698
323471426882
31558915102778
70163944207
1143524481249
12977045546554
1370690224802
6348655189312
12084067184328
321800208651
6744401654456
2305348068868
838613490
44995807083465
41190474550739
34206752691
832912363861
2906497281584
643173513824
17069920382700
33012695275994
4462312795412
5884121101439
798783519433
969702156931
13725254046799
12805081346543
5070856865189
14993718977
28060647525288
1730329529814
12824336402028
38348170770398
41497312265651
2474501808383
16178285638855
131657897423
3878688228098
3404763363725
3151510441391
23712259791017
17243296817442
25016508887542
14894281433684
12121075050544
49059700171431
25692718145719
27179227988124
18639284740255
4096868437842
729510962149
80650437401
303813240858
35770234195173
10808026269305
13146987301
3498007326091
648842579508
11431404391341
2199431995512
26448755974461
5127443655007
17474179559277
54728042873498
33487970983433
210808361029
63009863016095
25947897775108
6712103160086
30204932618584
3568543404265
10803449602118
1312717927985
18332401190615
13682757339935
40337963942508
3361815702778
26208458357862
3135663191428
38518667839786
740553357046
5134773782015
122642549821
1149394723344
8361572242560
8399810979160
27021988295
39100838809790
117711409416
2800881572164
110257468920
25830491269028
1345052561732
1447343187
8424995546596
233269106288
23878623282680
7487923888005
62214779229271
46924455680780
21759583945368
1095024773465
5625900542902
88541979118
3998275724666
3863680482469
2350288306
1224190220197
1556850649648
13113230930743
7545875679992
8229653540764
25187658399
2853095421533
2564800770622
21546903244341
109423251388
135091777627
40247812692599
27820042371166
28057681801152
3991456157696
137231406155
2320884859820
30076880288415
6189356091062
614429807768
1304079481238
138074997148
23264954550493
484684782109
41388276095580
10086059773208
38434164843
64888910503301
40260526617092
4445926797983
6218872911823
4781038771071
12634443581311
1085422595510
22416038778
5465192592016
316782740709
22276677998808
4998945889
60204570061758
3763942249778
3680418322852
3101809729696
501556958570
39600624780149
287516528476
611675634961
3394415430414
2930699713217
7642687442547
614068385387
31099252837596
6621266871319
8440463885854
351801901393
23611858355
14102455351086
9260407134050
11244387487621
6876161051029
44553370117496
17634208439
7780305954683
11899230377513
1188446713059
7430757131430
2100987199401
804733604591
6935427172612
1557555922287
5064657529039
31830207787051
30679990831955
2127103663667
7242841960716
9162422232666
12516308362991
835245286702
2883609015256
9239181613240
346765626527
1155186976614
22944142778897
26648291875201
15024851877047
6241123797652
12693423679165
1966880619737
19809330573446
25123439570
3016018454847
7853489646597
43920070931574
440362209034
27226720471531
20564488937689
3263575818018
1154429003513
222160149927
12276434657911
15686304531340
22681956911779
48527995941544
26749121417763
29670327245480
40781219187328
6578854502
40083918452189
2075674101937
4749176467129
14840684606911
17746852400801
254604349868
768895173789
66470368717359
2482938605447
940554097057
2418994191908
12186409602275
35723016172236
8603652029214
1058087010775
18619678864794
11758972485841
5511079520290
41562514508422
19787136495744
10079083387190
215810714654
45256054300988
12740220437304
40553344975804
12244652257357
2973993874765
7153256977815
101796312110
3456714872111
19472064575345
325317648041
122844447131
2764754755630
3498657985920
1000960457
13495742400369
4340158926849
1560231236827
43881842538487
1764505604114
8078176584457
61056117292136
19777728220924
526202686280
64743620283
482251700239
29758951533153
9746916341581
13961487855857
262480691370
6385712890007
7704840013881
13326885556641
4050343908180
22811232962158
13097729891300
14131923630087
3773055900101
9195629078513
33171336479153
903740770290
36737332531625
15277014081299
937963532082
10362623062248
44652233206109
2411509251746
11703220932243
17413880617082
201705920031
415479243735
26828114256864
21233867507381
4899674843079
444587315825
16593244134780
1121278068202
30729231832558
8469031367756
40743116844760
19675767777816
18364360972801
2971490685640
56888137919
20029739413917
1833448052889
2053355354025
4576684820848
33811947100340
37464774898825
249060426172
2447306100252
9433862140743
6851584227996
5524523606928
36656080924992
3408592113259
1476956162599
1121117884052
5525045226170
6992853739989
8444957466704
5865922920754
70419963873724
1683216209045
1568195117048
48416695971279
537526329910
1506711294963
40818826672433
206488272161
2823897050153
1195554549842
625536226311
13809627265698
151930058896
1360656384740
49190420615816
4183022057528
1283810086461
1720490311308
48864286892740
9231709999426
8096384992239
1838595514067
12637210794521
3360765984
15170830403152
10411189201514
493264241685
30432049932605
7041135443209
27868649096271
10480041378293
19324361789038
