7822168829855
10743357372192
5341231185608
8059015295361
473793728346
2046563953631
730068553942
7458918628031
26193130711562
2724934727609
1172412303491
636690396470
43637752825458
15949649932295
4392805222619
596871753429
394421051997
2469969321264
2520877292656
9751512794995
15959149752213
17830179477841
3380414372817
30914822085
20239182611265
16691902903238
3628334404875
18208079390720
40723668182249
578334000830
3890151989121
4066468962798
29090922013201
4607611640750
22186434518652
178836430072
28516934205
6460459675809
8898988599724
3810768733446
2057873502267
5224572529010
3743515688109
6880241270132
27663487251339
24818947874235
18742859866
18906065752530
5649302246089
12564998104707
2338554803456
30316086399
4690674397032
1989954848990
9555311614599
10498761499536
8115979416001
33238737188363
7813429836867
3199932039320
31492280079866
31526915767413
5722803869675
3669504061876
21020384444173
21025405757966
15622116372170
15827141209501
19818482658606
20933674969148
417964169624
13499853049736
36867214694979
6013969412152
2720005180164
1204113411423
4170762734140
26524662869583
6575891445082
2242704110461
2094561048614
2236400621852
1768338898847
5217314304956
16025522126588
12088597135083
4511433460901
5863292960387
18347104777566
2709120188388
18412143560253
558215396084
15442364194374
13763590091948
18723017408213
12388599364937
182316846351
5395528945157
2668523548307
2966062555654
31259105156701
6068252685743
1444863840372
20334278194601
40051702701196
618409681973
5651555834420
302669441997
2271318143693
4748432402640
902470218785
143710828794
8046586557315
13429126510092
3345211324738
2370724755727
31530599121
28145593683410
39835939459
579088365096
18637835645964
22075374490572
22933007401937
20262698072632
25632752335994
4057126116716
2070730715870
46219738404
22730197638
2693496029757
31288078901896
2981173220224
111659639742
7294658175413
34204697956129
573947200068
280165341161
817116403465
4770881243643
1817537230210
37004733189319
29382646669430
23109080819030
3296171973395
341344416182
5195349987012
6872748808236
1556548906729
28967346032520
11817369188360
375230829767
3308870864876
4701115234689
72270645
82971002379
11221072021
3853287675054
16835388779
178271370422
2484729929633
5684796757150
186299411628
937136711634
8619888096310
15444369822867
244230801966
1958688427193
178077087643
25402197357769
7078529311367
5653166634910
480445972382
9961886442646
2315248233889
545843888622
5705491057661
4676563809454
6579555583346
3394361612668
12889307347475
6157791692438
40201551103822
27305686219889
1188746015384
13535340922
13817533890174
6120915242653
3656987683921
4224055820853
15498000325849
1431557230940
8475425060074
33230845288974
17407110945039
6330198014698
7688519900057
22786480420290
7369154390091
13796137610
25688595765
868937066732
50085000054164
42850731130330
1444324904348
8077802469275
8599214485984
7803022965
7380616292777
5916759092318
25581889825541
87402176143
297810900977
407468586360
20149448539519
580194821191
4376897522294
31995538017283
1039438661154
1187991396591
7597254501272
24394887079153
15488798192112
2100985207786
2997297819640
599790726056
16787763659586
3814403171311
6907607675
9812041870435
5719320290385
24446917090789
38508790860
4226052587885
660074438524
9441171448251
1097369740432
181759721663
340244935783
49830142571997
13128671593818
21979928167868
5669384214177
22157372070335
1210980243365
601955038289
508841628177
4345215974896
296061761011
11144833901986
123544328452
1288387781081
5902283531474
27794339703
33840421533224
569248689131
108268876807
22448594907031
7161849933398
7265846323304
27608607663809
8195675339047
32826768128922
30026916377130
27057668380891
740672151236
6159990890067
58887487554
164633646433
5557227474237
18355462219646
559905370695
212319252882
835190336485
389637299616
9091537997110
152718851736
24999001907978
3809899205457
23407272565542
312178731520
33103605096014
11458723428536
701701971846
25463340558046
16123184853417
4958922672733
1960614465572
4926963969
4119533227649
22251671133606
43392275600727
9372208989220
9616566836384
50028223910
366230411409
12064894198866
951359762868
2453616265
836849564711
1673399879049
460776138742
13418236698929
826018771892
12006835310812
11572510278102
147591133478
14754886973088
1604705272144
1682619002880
5510174190191
3380318710930
327851689376
3560621493767
18652858782139
944553016693
15591908883838
3027252389180
6152996917940
1346207986523
1090052963992
10922684643650
395887174299
31253663802801
1163779063060
32829368962484
9303867753800
2363012018038
14647540981433
1740463101991
19212322452407
24828954304498
26028438289459
6588944819726
27163462873464
794340505333
7110802617390
307225799183
847521332222
12414113590040
553368996673
13142267942791
378763197482
1918013594582
1238811511741
2609138156781
2065613694975
15043014014483
39145121
32319306100572
8751215387916
40166826311953
184919060750
5971740267206
44057834776
6930322071918
33730880654814
26572484298238
2672969168353
1596526553505
21348745992
940200750522
26146772362
16802610801628
8011037750009
28634954448947
2529384496365
11381554785627
16998323391327
2367711442829
2274447022283
2163372655801
4488040024305
70118637776
6533770512293
5162239144816
11419287113724
29445087713387
132767942997
18295631251706
19482589148194
7204046002965
393749338792
7981397360061
1965255794800
27560320144702
9032451983234
9969109022254
10175536678829
2670548029745
984917815782
3137840694248
2620317579820
102477470275
9762794463884
10286936062303
17226282786243
9198485221
10876591232495
26650031442
8122592650791
27086710107
11575890170296
7241470503191
2955831666136
2946322848459
2333092584719
18539387420935
457312098546
2457049715337
15100820644639
10206202539219
2901386332
467473119635
2767332894823
9035622516739
158777817652
6103688874317
13209929524839
1635935047972
3668098971173
324103172088
26646142387
4129599860661
1695153451499
13497642706490
26938318827044
2075136862533
703298790595
407910064522
13100557263391
5600737769115
752511197837
4734699209301
339730069542
2512968122470
451343294519
210000690082
16948483080797
18485787510720
13244906044013
6126483713658
179508828269
1626443023537
1920351923989
16287067150
241807285341
1443165365030
12144285476015
23986874906860
380334834350
895814716430
8777135831701
11540835636324
828789705416
20254115180
3675207570429
3541211044915
2807897413487
10037741074066
3812983668453
1737029757557
60778246532
442697564494
1286196328858
825425279819
5347919455219
1446016455021
1098925654700
21779511114391
7937189561710
18801345015615
1129343558316
601471746181
3453066756390
16985614384763
3419771078161
16470296847689
22210991174880
9463338857911
5027266312676
10539185557393
399778054896
19966495465211
4368613137569
202008996718
4975712592413
7638486766649
20753489851943
1056850219582
34367032575676
38804494640
1206219330130
205281243784
10788051480714
69466805400
4435389358779
18047886510501
2972640437670
16138623963443
299188469658
189946525135
1529284045233
1305924213237
11497189315339
16358179915
20284354725778
2372753965647
75847987795
12267471628713
2788786706848
1137820555945
1009324916575
2134073138045
22256922015218
8165320392151
12700131002675
6762308819329
13310522266301
768778473745
5781454759939
7275489141322
31853920825338
16894489487830
722566200438
947588640832
6169114996439
823027831126
117042882616
4298889690513
28879372597
18248079546463
5908228421175
93375415031
5587467945225
11585740663607
406804829926
517906756009
16188480384136
38939034129647
6096462970631
616431850155
6582395547298
37411783125088
9622203792482
237193002061
36108415195093
53498321683
11128930979677
426044968015
2874506247675
19216349232422
65555017856
16902846040889
141958591429
8541103761100
8237358868472
24922527601512
11281700306931
1212165054091
8324404342177
16952224352066
16603083519238
2346548940357
19121789127576
14307891700206
41575770865958
11162257719222
1440218391375
134780645861
19684193530548
33583691276917
31534503386935
408752195119
155987170512
19701466021214
4908369903731
18734792975081
143148347261
1916031771681
3070824047080
5972272479576
2008110077907
25505205836164
4366861996462
10721687731128
504160969617
8938588396257
10974960137347
495709917279
2513679359763
29809172415331
9663150989308
93895280615
42242007947660
349434578930
1770791936125
36561519069770
12644674741
29483206926
889065472704
3065198169967
9658167268720
23257541156043
16806533251844
2050398844783
1778328898916
30912381361389
6548831174092
21220493526461
48437316741065
217738083986
2599463376814
21750696194365
1187249902121
332733222900
8585582521103
248303945399
949614799902
3297199949445
7447341224402
9956688064450
35450224928690
171078973018
41448206857
555979832278
12139478286234
25178162360463
4151368975545
653264359409
24631813612355
639829324495
689724283721
758703011786
8515856280813
5091726256095
291189965380
11942232259937
118306322785
9850967510641
354518983916
16000083887908
5354940182880
4909269874904
325155008396
328143878801
1671660651090
39432685250915
61747574122
940958848849
20457426761520
605885932658
28898993629529
43873711761169
2350891961287
2018070152312
3526139622369
3067695167001
20021941673571
552359772154
2621192225789
21284228472222
4756727871235
23217531778433
1191073136096
43075379712553
1359806691125
33636593685855
2813383282718
15081406835189
3272531185819
2483320636733
14635891601
539311535
588501318235
603638517
7048586287323
15040818872442
1577295249763
36963399605975
335428624631
3897657583160
2538216290196
17626538671039
7446800318396
16613854661
7366546725
1399816800304
4481228550683
1923059236766
50274107834701
12115729358870
12041466095384
21206203117720
6634559593643
2893524927
18529345339353
18318953171
873034983482
346682470218
6672075470296
24910564831665
446852801016
22710691344897
492217158572
408362176411
43756271939
1330211827
1827676979911
13213691877511
14372765412093
33040684253786
553821247156
6784313767638
1889827141072
2444624341516
37627618748591
16056937958280
1536822740533
1541439191524
14964463431522
6613069911750
12666546584422
3162043165182
7925885462866
207214374013
35500208837493
66095867948
1684817951905
5474745754785
1602747559163
4603312211820
1389716021795
32916401119022
16023005430124
21214996874
124769205934
13295847880431
31513012150652
510752712897
29339214554890
16207068025432
271270553076
1368294979523
20274167136
1694335520556
17819882006976
3978791118
1293572408996
7716796309958
376092497522
15152208032960
23029354787048
2083868598775
766279199001
3265743000528
8189372505251
27620618520926
10720104002575
761777473797
16131615364667
5303728145323
7486405828140
3199483070187
10766994700238
25170208365774
28645332311979
8651734431498
6132871352240
1863635814380
829795275567
11192516691093
6457568049762
1003283228472
2305182829911
7003920276
3058152668490
18017470167
3078388573922
28394762176505
18686982339565
47690800554
4239444801899
4798785185355
1112332566304
10748965942609
1364087571312
12796238457090
12253354622041
16910433371787
3989675801296
14374378716519
16983850584
14821516824047
8943285366839
1014525790997
38090802309377
14116619227738
378405179713
15268622529786
12427813782712
27837131187257
5857261092204
983022189749
15844062655
6099054181960
36095452246735
1177759439076
5866668586722
19762238876782
19100146963067
6097535310541
48795684193119
9689127640112
115833475608
4844151903603
299582393705
12959346001183
23626532610238
30016202243823
38687764990959
2075896134505
171887630548
4782917041290
12551620011082
2129220483018
4234717453987
3151202421528
5161064929144
10240132053161
58719452574
175254284999
404092619957
3074816402183
2071694750319
3438410948397
20550305534
13789640591851
2031502443824
33711450114313
2226085157107
1088500480384
19849112597643
2934713898273
891471780704
33342507540715
5151918939541
5318753383113
34422303108650
14284457722317
6646664522995
41154564651915
1622368755397
4236851868310
380938939863
15337569438448
30997008795887
45289672882136
14309182499747
6362786412113
25729235328180
71330619107
1364610277716
1002530021580
173047231240
11894981761191
5339994668552
7353537451656
858480755522
1109580712957
3177436735812
1801554089100
2218574777507
24614406699877
6639695566953
11464499420197
15566352794933
16284132529329
4085613664055
22372987719433
7519883791867
1813570622448
1590398350553
27095930027554
22784152388415
5123168874809
25685903732775
37655246546853
12979673562820
5960277482950
16938291846834
47242163288001
35704094760463
2428997083028
1855098502858
10301458279018
32640866823297
6507032499573
937575260016
14595117272765
28127966168924
18549431239918
11164478446106
22153708655754
21802630831543
38554290630156
1479565450153
5308586207274
4283497427943
16618115256004
33586257326303
54634392200
3376449676895
30274475802362
4015810389168
14922028079616
1196492964939
8172913889802
11305874231809
234429201859
5784101046793
16850995288323
3357025456130
6090586002567
2726810701196
533646338714
28319191941046
26681328036176
27587162594365
5915094307909
33015941597063
8757302534381
2989739829397
15585814605276
17864520033599
9845973192071
7509407659914
3294360601919
112176441633
13541732256197
2313730405769
82388524227
3833556899
16196573760639
11209199121969
531635728494
1761483339791
1882176082646
4227211404934
7530733073840
7594786720722
43727045151555
43133260519715
22220521271484
1847066480937
18062077519571
1747497635191
15657411636275
24735372002
8713921542511
4373824358517
3342903806
23070830732619
649316028303
3786968461813
23230211884919
23559133853
26219370675163
2011808218193
65313342479
35630180844170
22897372770051
34939349449
5325596366101
1662724407
139968880
6119076072347
19525369731029
31202686172629
11885806297295
10597012727413
486252650822
1673027497
1730653456756
2230338775350
7185636079611
150456377293
9555478123866
19256268857940
11122049744259
13712531585329
22606341978918
8361731526345
6146297460776
107521647
11856381647167
6518876963470
965789531851
9578500836637
2517217686
3879119527199
11915294996493
14555805536858
40108508598822
20122358195859
1179089349042
3706886143376
3544772315061
10829956629157
1769512885258
28534724895976
6184007200565
18037909606135
367492651165
310111164765
13618502941518
19411166562427
6479311426668
30275614485676
22075629908920
4902738069708
2918554332
18898334608030
947025723580
8197502657757
118047394539
6158793631558
8194062505191
1757768530842
21962593606698
187700376153
14018107880
4725159586491
31302383967900
21539679185523
6683818554892
9613102291566
4900730337232
828669907967
29126785566480
3205277419934
45632268868379
3530367650671
3290862801558
3345972
15876873514040
30069739397979
1154985005564
2959744967478
589615817504
5379287504441
18653519547388
427339327163
13308019700400
348103784199
8791124321528
20705959382381
2783781413199
33400938754130
17684027602208
528167486796
9569549529198
7114726303252
664286318885
31649432923648
6336793575194
6254576385775
26744720922718
11539615487955
127330237290
11396757949805
28816488339737
1257355705023
716625688987
3441756653997
8800951139140
728027327873
18981262337239
90684265735
1092073717346
4284972
47632212079
42704249402830
8069416344595
4392196450659
22507835940065
1412608041833
873544969563
1005515957788
6510792770613
8365525182828
9063356672410
3378501597854
334795595
2066618896878
38104893535
2162723523
5413992233562
15087092920816
7454663652457
6388179198051
1644098753040
150484247857
7032781519246
4160724647441
6516496764293
10095819034585
2666238087
40061231737673
3058010668998
38957187438028
13853419173691
14286625827530
17467392984155
1169942271571
21441141907228
36317390808486
19681462631258
10901489843842
3403300206496
4588426710273
1022822885267
2016022936210
8348427874075
1333057362301
9332499022668
167263461835
4254670560
30243152868102
1101880477961
89808739526
16597640293583
4180858636112
1145749738707
17167110415082
8130940272986
8883091989046
2506921505329
3325662815
2051443196017
117479128641
13139871511185
14144305244119
14439833099116
16392155613
31034405922
404482067676
1253164942033
4352635120194
17589068181938
23324712380929
170311398801
64755222303
734799201735
3143131718376
8753624918096
12558100388307
1229454653342
9568955402142
84669437608
8933904391289
8587524512148
485999565713
17772788328940
22348061140245
13168191497991
258341325363
2078725425511
529236135922
1691630880723
13485461406813
215739891930
2580588235640
3392648875437
4082090450
585353661227
568469546105
8395309317931
22167967026834
21718465511089
12863275625268
18720971863262
223671038210
85034548406
18665988322900
113224458081
37419388924544
50607875110
33061629067106
2379687908656
1336342874479
7607660911032
33619837106637
2029375731349
5332964094695
99791217212
10221501655923
1377234265150
8534102278067
1424942715864
3114628095148
34455555472747
9173556483903
3650635768791
7047021469572
100780000375
2038515990325
624568563571
2078265644476
1826740089414
8803218428983
4972125909613
23434324957421
233681975396
22800124312319
563059328683
3460072338122
10710595007571
452328848958
1367181889165
117847726215
18270824492788
630096841145
684220691726
6421672117045
29493545216680
82382156583
18203947345678
154735113883
4989027194553
10321922839812
14724036605005
18961664173
293671623243
10438110026
118278541216
5938354155197
15529160
98005691127
841204259691
7787641145172
5331386404591
6403236024254
8909843730039
6595213061657
399507090047
12272862995718
7440928526719
110574745603
772994305549
4180430260577
5849827034411
658302731526
20079825116204
625244626086
1364358523781
540642102993
13724816801537
6877626887428
2434736833356
4598867681736
15709504979641
948438957594
5852859320290
3119495067332
4999081469302
1286922100872
8501145349086
5589787537659
13080636834076
6658477050233
1882596397971
361838913890
8330390389454
13833050880146
4995811658174
350220362588
375498378198
1413913091227
19118150400946
4556335062856
1195423809377
80457773960
34212954694441
41273058438264
19395746887811
8487341264641
8984122869279
675632682880
3833118
16510344131862
55983830025
6136718011283
596790301283
2710578855295
39528625680
526278787358
9057238990
209096668464
3072562201839
2463976473278
4378547914844
1602436180887
486662076876
12871332193
20045062589936
13282718274307
15452053571979
9621942002307
16245820028463
25203378196
4587609191431
3090247696143
10585675695223
984238424073
448269640450
1327274555956
3636746798853
4981295468282
3600178688
17913630491003
15860727106160
84090753491
3242891422021
521655811597
3782254411681
32763066663169
19610451178049
10123608836639
38319447767386
15060114874755
570785326963
22890208675127
2922548872988
7336258703481
164701412114
4497389270880
3282342309238
20139927250448
26245682498817
23615395090212
175233331241
6307683959
47318941105449
24814241387901
29929083116093
1225453205315
51811534321
243314690068
3612672962683
11167912058342
3833786987846
15536079200017
12872369561420
212284847596
2748671299406
1002558947673
6437786922989
1632719816697
41919669801773
236841929566
13993921928187
22701744494918
6345289097403
2859411115844
16812106715815
12475811092766
1532130816281
423844947448
14316215918052
1127729815259
9842428889469
130977692657
23317445077766
7649616572384
2210638816507
2546546041364
3095907990016
782413637590
48165423113063
50506658402437
34223925652144
2076269818086
41079964495546
43342895338751
60467095014
11376750
33302978866165
1553409295508
20473613944979
11185637252072
15196427397957
29884058683537
4398444716
4995105867431
7029762115851
7687819316373
6678514050542
8410093228051
4867072722023
15846679987673
2193294692622
14665685045694
105044474336
31670526644891
509377779350
8711375727455
1533646786083
4073288313318
737880223997
1449207557481
21415323341716
14667136012899
8280643397184
783493630009
9514433138332
29553771712695
14552422643026
1946833925730
9086610711032
32951208011173
7343522760904
123246251890
1735722272040
9437137122987
8340887467032
39913658304562
32060088693315
392855885081
29983099856441
990834160431
11946572326389
31439337067692
3649725709141
2875757352854
10267839948119
6147039960207
4204241474394
8470103174951
5923227103792
21385802375052
30454112741823
1918678454555
1457441747249
543244608107
1522500830579
3171230313366
45147417432317
5948709941408
41159662292
5210800816169
6510605181816
40261971609090
27276373546327
237740567746
3304751556070
6029527781654
75831704880
1107193640041
8387880801719
2066187066
2906344434359
15745068941377
3570673075627
6649794767736
593046552484
9498737428265
17053390822863
19608541358098
388744445228
5288035689457
33602888063387
574252043246
1342605435006
8983698117374
24386691589
128775523875
2334530520507
23276222903224
827771178639
8097168175669
11928177205500
25373420759765
10874868772706
1793981833707
3129149104352
137006929502
8186151007537
11906513734490
23252597078843
309339331970
885281532940
18247693191843
854545836673
85928205956
21282069090490
3860457665116
11693168893349
24012893719532
20058047990484
1249902552670
35802112
827289419058
16434140188
20166380310666
38766057713253
24059425931399
817969401614
12406810589665
27356860231159
12478457644727
5307939947627
11018800088643
1037999396334
27268442225401
32748751997806
14721418854652
3317081040
12047018458297
8430444436607
10138342087096
2418814282361
1320291094740
6037383502811
486747402182
187069006826
41769261605557
4865091118637
3900054399308
5438563123888
586591503229
2343144512823
197436493101
6258805493197
1446663174749
96497714341
8230603230552
30498698358091
3564316841851
4593205236562
9183654583172
10395735682297
14525966442192
2598592182320
42155700634236
7896015330335
1111914674144
4307001355132
33785218043844
42567087419548
1305007978949
2741301629824
3228166003733
77207315023
6814197854810
2873911108253
359212776096
2811073545094
56919811503
7842514019184
16138922137035
120235477
15744330795
1782269479732
86884297897
72117451992
5564549326829
83794153509
3103287330612
7502316106813
547350254561
23429805350916
229367240752
2989404238245
4197294267480
2790856260794
33439414752711
2916727421063
21248194093989
1675822780441
10583824805198
198971698273
3660682064711
5254096732962
14156809843828
37331938236424
2645176416547
25304371408206
2342614268446
14055555485818
19836987767582
3308351773485
2089404158637
989667991384
33803264514912
25935560620631
25571589109
12238721493819
1780840349153
11620696933356
354256642687
132320536428
8113863169491
12773530439111
26428394915
37653176233477
7270184920503
13974330490098
20289832827314
338567528847
128162946589
250899362083
6499254884074
13914883339222
26000031441214
15126293862685
4157056577445
400254674866
324916750134
28531119131110
14621264286958
132526260401
18639761632514
6054827217537
489283026197
490828315388
32050602490009
9497406690581
15101487953269
2729856039146
2976340970107
5344596118126
660000490979
2619307289405
51880958687447
2419657631011
698077530991
46469148022087
28715981003354
385678035314
146200671151
1643113139290
14957285311881
726341737479
3044960608293
2932072381182
2293459513410
12550713349727
235343850050
7589470093442
186337716568
2929694439222
2457911362828
1595820093
9903196324661
37576687537522
31710784056498
3230777194979
10270057542433
853849927021
28744791166747
389589501632
25774105218945
3929581294
3176377690440
1954476388994
769314489061
11881098250277
16995091609892
1585581281113
1093280004318
48239279120034
22752463596851
7348804147370
8315551019916
4023853297781
8687800022392
7205077747187
6518655946916
10795246404606
10522179172954
1847266073
6800493977343
958105476348
219965603035
48277910854
7568305801758
12859148357187
12803099361436
68216918565
2267139602131
4814981968668
23935168711741
14358435797
20473243298205
19975909757315
10097013933885
5257944527646
258220017776
1114280572111
1683006854694
3556677288609
18220438958155
807349248006
386135616034
11312373338607
21628333568272
575656625548
139855064115
1988096481023
29797176191
12109303939
11497964365841
20121842341
13842019470580
12056188713910
1522306130432
25751278878535
1790707912986
2989487679309
11034294694681
2188113003094
16433035745760
15431515805676
7582643510430
676466731100
15876172872584
1346012191601
1459817464491
9862635822532
716876418884
1704285264053
16100872291792
887072213338
2238287331426
38438031484716
3835866835747
2758669540070
13586287746576
1553696801507
265123818370
423848194752
11511977209165
2653398682749
251584368775
21934691452494
347125255044
22492896766154
25862881506111
518652421539
2195212556357
27709672386336
13017563904439
600955561846
19124661103596
32139028831044
12251444321983
338981920182
29123389989322
66093523044
15171470019114
5726239546597
4017733084109
381055745824
450273046431
2538093464618
18084065850860
1260548322319
770037989868
6044729353199
16949073507633
345082961960
1405477628
12128043409044
195776522420
294327130105
1262309462576
11876621005189
2539885979479
15479959119908
4815452755020
28215322229369
374240691935
4806064633265
28825576221447
9388404660183
39634120897379
34160408383371
8522388314255
13475690918038
406386936039
9901855718805
4756998746195
7223297454426
2055388969021
6035462722302
12471453401734
14555916852276
2336646257994
4115017719128
13821202102666
25319425930709
16860846325412
3919305027217
4655550738682
2110349641644
22653710550260
35988501824030
496949849108
680768961
20886327273238
1377403342180
3533434762490
11220674646500
23479883956602
15297112668299
366259524609
4700889003038
2183643705
1170388760537
3302453745662
39886764422879
1851368570737
24533859621103
11921586053834
39812526685668
12393818831827
143783726027
5814752089107
26075928220001
3658117881044
19029175719175
16189802295017
8073675769582
3215136588258
10352757367687
272485635986
2937247701542
1390660898713
6789220069806
3591659200403
356817154361
1506771051940
6176227207921
7307296013370
10123918312302
687292033470
29456241420509
3328847754309
1565116091466
29986346702338
4064836053077
21048916175362
734690720982
30938350994010
3470049472146
10497608606108
126029216294
17827140509063
1710755191529
8049938710031
32199043349741
26317194182
5624306040695
14003295562909
18111167923160
6925619401504
8812568963620
10750613777084
28609454132050
3067249182016
12006476213406
2060176660983
24656598459341
27266051686291
7710495562081
4324423769668
12305235035
4119334005
22566588443200
13466054931066
8371368425508
32966731663482
1741143861831
8255517736539
9811325971686
2875407972260
516019842371
4118121027117
1499430361111
13149821818963
4822572942
184339214713
2673712883106
75827424853
22981394549096
9455279474015
31392257691
10486155942914
13016025342021
1428805169806
5841750791455
600092099985
509817887792
2153363575297
45700252075113
5498310629949
9039966223743
24601140392691
21430321543492
2718545320445
3778668782
661690977345
10080286594038
306753119144
30357707055518
18767568572956
1711184958082
5719628190250
18103129781305
3440257373643
2050792454678
6090294917821
1140121925501
6152550056739
4129636072058
293006480369
313461366284
1443256343148
541735691503
12994125238318
36950968594282
8230946921218
37279271763935
30293235285194
1472935751114
916415415172
5474759266468
33818326689679
863959171156
260329815
2495014361308
6061313566573
10724877656
6110408889281
3857199317077
4557521427039
3540293628119
27900220730624
31317169622
2248440739280
1247296716717
12396981471469
15004659317673
22782053633247
111740973262
20858779480
14149170959480
1472908013873
26883941684979
18603209316730
7032185994279
4645142920991
3178018367140
855793498361
462760676395
9582447224756
21517582475495
17354331636953
6118119299719
6438625236941
4369521086915
2698257510767
309136371288
15539350019
25105525732888
23906597375879
463499620581
299961156982
565241665
4181486387484
21353672503132
4242791111044
16559654906458
167905784170
7902482568624
2548728260466
13977123954490
150327241534
7472837297723
4777456320007
49555882727302
44931670978222
3565824446179
44075622881347
8729752134
17316646928240
824301344865
2592720316764
81157985887
12643562131167
210148971351
12918469499161
318199850056
43995428422904
3319441193
1231710973595
10382634055517
8219075498302
41627142839519
1422699780
35102727775683
13691985995071
11387514898598
1405017685405
7472478702817
7135852615
2076633200909
5512619780014
9152632292101
5821964440657
124893427744
513065115721
936142359645
9935392644779
6144931673200
793407128102
18476475567621
726233918833
1562425963176
1287693432866
17429388275999
62047823
8250704779806
27933669698140
6132115973003
10654174153571
25373683629
483663613283
16444464326070
3413934318564
30535382470697
1802337681132
2381199028504
1003404160218
24351552968719
1926557086229
2139815937812
12456056015439
719428844404
16157880018299
4819598143815
3371596359078
2101796818497
810283965048
7398404570332
31265745486582
44768992057
2386758934405
25845307413885
40685416542535
27629654503851
29408746575466
2230086642868
251840813418
6306044951045
1274238382560
7150929903030
592009554885
14701536138406
10312198247501
2432775203916
31320462114157
7388162758766
703909241509
421709552424
836254688217
5629708014725
19269942469880
11619847163021
9994108668771
481444710191
14580541314776
5019511948899
30089164905704
149074381170
7976553107033
11045927939716
2867438579469
8809670004163
38193207725600
17466817955952
1403656533385
17507411624273
30209426010245
147577543835
286902718742
13009499111789
71778136098
5288632796814
10293089335696
24806182456
371345896685
1148019796393
2898522272080
4230305233
9155243735869
9585719719754
6350281432285
13533404231859
10640207643563
3543943769322
5965084238685
4760724831673
989017837803
27501520144361
865265775520
354525063629
11758547370245
2129193416682
1660298339400
4262774112297
2686933968454
29235869159686
47052241815
3987558850217
60430668005
335052606586
9896341577007
13994967775686
932820061344
15577150743995
16763334757549
1051789391
22899850723374
13872291980
8228020674338
4348175501013
42838273310138
12317897236799
31879528897460
9192739226828
32057081976833
35858077603962
8786716969384
33894307375592
28955761010983
781606926921
33540344659
14127112322
19712674148887
14311506218
651192748794
28738324880122
21726248448926
5919774085678
1125070949308
147783818
2810461699973
1384132739792
41481805809
8329674289607
8358289403848
23748914041703
225141880132
32544594133158
2034212214290
163746216
5183213782320
17941907645959
31426967960616
9595369079327
16058774578892
30984730401969
4935362601608
214463700227
5883767668899
11922655242804
351591431044
8626583799202
26352359552007
11431357762198
32895715007
2848046513650
10754226127829
183019286041
4768019499819
1602740957842
718046851060
18364557181845
2660655472277
797608029815
17460763013943
5768108367456
7508296324214
27236624775933
554147080515
822679131870
2814049968658
11922548961
7413753056197
7887736484308
2046115779
26984681532155
41923918477426
2675940864660
34795443607654
19351154979474
52587864503073
4219235430078
31622222292528
7479749584433
4044298794142
21225767178527
16577105476983
12092097918754
32539273244040
6055759554749
21551713957690
649106875875
5039764246558
1545520982893
16668954760962
21064425041337
13962797776842
212465474993
9713639894905
1397696930538
26607462834548
29147647900918
2219313126971
1765326476473
23775193021848
15267969431579
53189449602
35722438412893
6130043102025
1462279277531
162482807346
2677260721604
140275876532
190026079008
12985585701953
13731948227358
70379076024
298704781756
42783755663205
16084630347513
6283726538113
14023247684937
12156197230551
291732117271
9773499418423
5265883960598
19459126473198
1890415945464
16477098549674
1387555062245
33860448832969
18073580727832
10186332007317
103752860438
2812854279770
428944978875
6751476426299
9717896824761
11414804762348
7505856682104
960907550953
8686211192870
419423715740
203500076802
6136277839079
6512408952485
34547838358818
442393676485
7613104661020
462221482
1559883409993
49354708370019
3467018285237
4502041604730
1797699333230
7758095756882
20625248881225
9273075149736
460724757753
9872041173299
2032782895372
13810202273890
733921298347
10531110340774
5387754763
35907550709955
510625658164
1157603554000
27988901940367
25093219268070
5233898065529
2260280464817
14993190692133
495659620898
3747057885535
8722592299357
41014132372
16153064004891
9901578166589
6851233830925
11275130800940
934153025874
4755866328513
1686726747780
10796976898519
35370552390662
4874402070979
20216494597611
45306848620295
23928636570298
257397274819
129418711493
19202787235924
1313490279699
8534672333428
16037050100185
4498344842320
87126955784
268415450618
23991729052067
2534215142175
4639430843
1239009873136
7739641232397
3466008197187
13421498611877
2715776016374
38353064690874
6337890341426
26326776555883
672724693646
4308818091039
5534417009686
677800329204
1839994553682
771824125024
28733292728903
30156479923767
4031409739932
37417951899697
520014049636
155848250465
8925560004947
20462419939431
27696541846029
3916493184381
1278987397639
12121489920547
11237413066404
2417957480727
2798959019146
21351621127488
45605585444352
301327631565
8887166070234
2293202526
2012925609196
28612358485701
545279496844
11042885874058
538281921580
896346807778
28981718063958
5253361788032
43931635109443
69350075959
7420435558404
994261176711
30203230154628
10643325077069
4407781820671
131978879388
27463875219268
9977781211661
942526066276
5953987993464
3664104166189
8674771598182
7867807647483
32634455978440
2313180793902
10835071848217
18992640028513
1682955110063
3739404315012
2843985189888
927800761537
430913424126
9139412127763
13981507087674
2657932005377
14410949799216
3825677821635
21005984967312
388711772854
6134120985092
31866078874961
13959317093940
94778534569
241441651518
5830227756514
2297046307776
6613313641857
60264437347
1527416670470
18131050769453
1497303179
569543509765
1435504377616
6615981192971
206055700397
4030263210771
102068232377
5970284197509
6256329369058
439518362669
21523893827917
33811385725792
45163088219510
7520368716
25325867912274
38971106667934
9846597140783
751076209
13784383905993
192076941582
5469383341513
862391308422
16059456467382
25605179421706
135453521812
46085804775936
15349688881830
4653773884339
10452159677731
28339850365371
5498671086952
6652319179916
14184891122660
1035897545122
7907342653356
1827608550718
881780371232
14565274227367
411659120699
10785798161892
45384525033739
370636540
3616519459725
1093213091
12878487513351
21921928147002
292411456411
31794825071222
14276362074
29866081017920
3278321629683
372141329256
590952877654
1163047734893
404965675318
3311012957054
36996670512
431455752403
3118670913422
34093233127019
10706994303678
46685270618999
7793986683714
46912014828
13793024305310
303844677434
12315120517245
503232565515
29592317360155
31423096965148
48031591301
2200838684161
7136521006872
171791232175
17376378125418
13208551306741
774866650146
27595570584547
1930084067378
39912143431
12689995989824
2111245545547
18157113381506
15225225710709
10520119754647
17984262201876
3316569425179
1150090439833
328368590997
835317931931
739106742911
7499617798378
3413304009114
18312594247131
23861702504510
5447254474644
20633228128806
12871210461542
2817644337939
68535500843
3220937490911
4963434429899
3011664185974
2445857477
1597789571021
4276120084477
21136810688531
598442137288
3415135886446
6381305512352
8760548878087
842380543043
38886577136443
1684566263140
32617457923119
28937585921856
5235293543685
4180256068
1006148475967
14997804422893
17298740765608
10194207474132
10169369801399
7444224763157
1305254230873
5330826402316
5041944474050
3205045770532
870837227599
18119434493557
15360010238
2024320434
10197722148630
2411571680846
11910789579353
3853292815969
30045243302
229320503871
5465098135240
17254411079360
9001588050597
23985259723060
28927218007
3422341746
3873265303133
18245774831954
4904412290237
15496652146234
1625607161128
23380970360578
21215101279516
6385012418304
697281260363
1266754541700
22050190391577
1974361204165
3284461219852
9572049601530
6455028465454
25278770090743
6929192224785
482276485078
17860582998446
352565557085
3340626782443
1745431472455
487711089498
2629385606440
586636312682
7582876469560
7923289370057
14647196751908
29815019022671
14123827592609
722897155364
8859607024757
25386892444677
69406696031
24722386564100
11383112801595
16090169404925
3276776131602
5378816633672
24717664701096
36470614688719
6584322010724
22560835199751
17463312848360
338194008638
7344275086016
17204373032813
26137096742949
127143438616
469687274928
5274992000552
1251196787033
77732594915
570047902398
8026046856
4025822888761
292973671855
406183486105
44831676332147
30609992977014
24691665568725
2537020055270
3756619914
31733777482770
11430381681565
16596383399964
28227285587595
47848535481611
30056519065
1007432929198
7220353183488
12193229437055
16077583317441
13308044461878
11631755031111
22217550332833
9944460673480
3688778809599
21355545087137
7373484188
5271471382574
4275005738142
7343353381
22837648937
53919443314
34023279742
9014350819729
13208561943513
22711523282796
26228557463244
2473103620602
434394849113
12438850596326
3331520503277
3905820668141
19457001587829
2339535089576
2491787054617
5486648512912
16170237123064
6797456156
16644414808165
4872832021036
2899922309953
476199810543
5035868022184
95696926486
470891379863
41601663134163
431276285466
6790682332019
8676471826675
3232088125631
20347805139815
607169499819
2160142489913
133832164850
150372473214
2332006946503
13963601811150
10625137242894
43705388464624
32390462483714
2710090983506
3779518026352
2614919092922
16922384050308
465324453559
5005759739162
7680492912439
148575131010
20218847801723
10803822139577
26340850386039
1155840335763
22233465800702
255543075
1854912378628
6370802466863
38792101533246
1357456840092
3747159129015
8382723291092
2659613186060
5517834138196
26321324003706
27908104613648
3846023455026
234852946157
20031945148189
1130649231186
1245114543684
302197014300
20773014500747
830024749224
133680779289
7149380238276
4836746687792
839147334564
7198466038001
15594532602273
309850926589
4064112781843
34900926271165
3200701878811
241478172132
6339129975310
24439553466643
1422851114798
1105425800353
6890381830245
3634836114
32992704721575
2103230897438
3770959194327
15149365949400
21183316392952
1261515819166
2875895764423
646025587052
11857165537390
27078941942381
5328589717999
1090890416315
14930028326012
2196681264516
3688979804204
1754145502445
9986167389316
23286744178089
14539448025857
538280925
650319776407
5795684776036
51442014859
7750149277510
719200238876
12236330605806
11816540936637
22349243660113
7327983449688
940431134347
487877537
9408832179741
26541593665245
20433113820632
3085104474410
1397773233354
869442701548
6462728111432
1914466612617
5583094262604
11934379729735
9513682946385
9181894374905
4044737430826
2222184961180
1225674188462
15580697671225
1002557216752
2966606899440
3901724209360
17749607250634
11276007254741
1009816603402
2242746384888
4950190950620
9518906374540
7098687831477
1079003628408
3296164139256
32319694678425
11938237317031
7555334100304
2634512361858
9816859612875
26469184866990
9829149654641
1606358566899
16765921540148
5592355631435
332207729356
3832341122168
5480444685793
989667991384
165017018452
753674886027
65266228517
515188635755
15606735852938
11236294498918
20886543288114
14142848748654
9089336944106
13431623170851
709489279378
2780982934531
5846312114741
4805397964690
1897627221472
16951101625608
1803108920636
28230418825223
788391703023
11453295127933
25759946686450
13359656373699
10492990925958
627752291
15373272141584
18250175672358
31484936585051
3068812635403
11524943061846
20129966500690
42535134260368
241796582497
2497637986
1696909797118
12281982984551
1088921420701
267132922150
4451930271020
1590835454137
39983887042295
77965326933
30949666937593
5010464326651
1685865602939
21483385265170
1354764030235
2884301157427
5854823479682
3414836142836
185040616024
323851863852
3529985145070
745348279985
6238519215653
3294443626212
12107455657667
2684816357
37463833809342
11014821106011
14647556591
35432221295222
2164052503667
3143097582522
8769989946260
23991547812249
1711570067527
26427931610
11771642528253
4719550864075
62317721397
13958875389854
226754395424
676237957008
34607689810045
43601481932450
34977695930569
3061364818217
251868019262
27783797638840
2806967075920
14217899617695
1231227341143
11884869768719
3072941626473
14128246371341
4874448578202
3450084454020
497749977294
10824026303482
8450766084576
241080749412
1197865524943
14470373643772
13747736906598
1576720994286
8655940100530
252187617220
15920157376337
11813584588886
2383114066085
42476677094721
11294689720382
1738717705005
8879130369161
2223297122688
3448847261219
2368017669339
10056383022271
144542278299
280603986509
2487403739028
11949045336894
533917855
4840272033385
5757926881899
10428057816344
6802650805694
131486951435
7313331078019
32303565087109
3220257290874
7571763041796
361093273940
70687270879
600329297711
503169445931
34905106813690
15926560419634
20176556898596
278971270
3905634339343
7234608510566
829922771423
704495391552
40480853084131
261690258593
9530672370818
795323980686
7143786895237
14530428202747
21406275777
40859087542079
20667564150628
16023054325658
957710923354
30799157456354
37466585161976
9096613578913
9935538637708
914034692897
22054078469417
12946587182982
2088782670409
26621384359126
1902281268052
2015760196341
2442303240380
2350862362
17662425254513
1650467767371
14759171133550
2024815035386
537175944089
22338174791674
29839397923793
5628317131654
18435772728888
75353027393
2457352094012
19835975936114
390549793
14508889505981
1679589116999
6727227357611
4620758825654
1238541250947
432442187680
11221268152249
42604226504
8340501379454
10961289556296
1144776519638
6755346128159
1710931331697
497118432408
337603590976
184798098061
1644346864995
1137170901045
13711678884
8613763653342
5279772336523
18684227021866
156955130581
9135842725244
21336130467606
9988632164505
130659128335
6850206493357
1419976345737
19344509269697
5528455729205
4360115150911
9079497007064
136335159130
10016281818419
902170118837
27355481721324
8378030887851
1298367984480
700816772907
32229484320826
967714923321
26893064709181
379838639551
2128947727857
728125999671
1689362964316
4106536135188
23488211505942
3787667010392
4483074286
3805855075156
4529733063657
19085767906825
22654705257676
250686662629
10980490680653
26212104378481
10865098627437
19093932259489
35005283662952
5464006488130
42400312490391
27028382770160
6282646512435
127555877686
1301250419713
994295250222
3145389987660
818500359856
7400973419
15600397961197
7208019281721
8319132825268
1603596604729
304585257775
1042540443770
5485063625295
6332675279586
11850910155033
20804639927354
1090439864400
213730560120
14863425969881
5261705656971
12544825685955
146578059289
26589548340391
270857211945
9776206487098
18349769284485
2297521802747
14653546940852
27733130255771
16734137599951
5766798656896
39277674870744
414183719420
1449851851869
9422057135792
3855497254500
164875034995
23129122406881
6968311233152
1122334636557
157151022866
20883458629519
7050360499212
15367353472279
4612091891
4347791448820
8874680435
4501254201710
10233131938794
4863619339181
27920220355668
16740609204829
1649652754129
16228099623444
4774171892
3300019817228
3288583682297
24825087288105
4859972614401
138321475521
1134094986196
1197405062923
596506698076
4711693929877
7404711611
221913386081
51386500337
2037642505125
11328811664296
43589313823721
664322671242
543116143974
3444244182365
1086790454420
4679454937212
613865686778
2098682358400
2801503799238
29276022929948
5133741466585
2473476112
4507780479728
368066169117
5017847724028
9930950228130
8954239026978
3474684531689
238598444597
9008129713391
17260122216546
1777775310319
62356169930
915083565032
44797237600020
185174496530
5818789186700
12587437552060
13123917619
68731103023
5580258902003
15388720569157
277396180075
9637887929688
405140359157
496421915661
5354857494272
9016861018234
189517658096
12229290445354
2857981079901
10735516594820
2389647983816
660718228035
4535241540623
5594772412745
7002453676505
462840159270
1307100227441
319825507711
25329092273872
3239473842739
42365198220869
2616491183193
14144164815366
4083655414054
1729531274710
3240686911
31767508065656
122765165573
4383371724935
21597935093192
12121128001036
29839698618050
5873511331379
43525042697654
16231032162431
514770233427
66341331882
179415355860
1568879417573
18970776836813
410384953774
16981777506745
2495743662668
13057809546172
35506254251445
3795464291430
1160831703406
2109915004548
41401000515041
96617507180
16903980410243
30020008491851
3421008878559
1325470567989
4050772720030
3189241905144
275278571557
4671549934
488846896805
3842821007112
12886753615995
1804485510660
6640306026849
789551329062
14106115463980
8669364394921
33084507796512
12437769060285
13945056929533
256461293917
252688425584
8020960826
394511083858
271782898841
4062690694
12479966646040
5412673784953
2301392597559
2350780899661
8302200135192
9047665388952
19951487454
2948129410702
36280620218837
231511090400
2638977801202
1447946056599
25738964930843
1242191262499
28107477670584
14549442398078
6748150345324
817573587062
11195525214751
7104286292016
507914235
315147577286
19836810336550
28607275676
2204398150451
28017014941398
346712258773
10095062441471
2073415438355
18387702981717
16174765270414
9557881784244
37960479331751
11835676894380
7444458187077
385000919080
6241221448589
2193448365807
19942770569906
5243407549138
8042483398872
438914475556
4626878793131
15370815236027
137140243792
889680165732
3934412003651
177048224256
97316231845
38068656455515
28263605597410
2294331873723
7856216630903
27631917354780
6217409434184
365263363340
845824600706
1301890672216
666730517781
1359409083038
3120017824870
4062788116219
7622347887187
9031942883403
47380952656124
21917667998377
13861950427681
4958745385734
8795091062185
1296516497459
19745389124774
167991711073
1504374031185
666056982798
18437584192488
4807106384154
15060802319640
150784949020
5751228926018
1705174989069
7238545564998
6513853352536
1773005231175
6988741083190
1931963721763
2423649359084
41671777003718
2162146591837
43535666514155
28109065996787
16048650317
48479793947160
3322099797929
565089161791
583303377184
16987614622655
6710916965208
2351396274331
461717887643
9772712580977
567333065
7581159566718
12567106079306
1954056096900
259074416322
537447996790
40185551148580
230641450
17952279775881
3172940625616
37237326088036
146915483344
16563882150515
1320525073677
23334332159975
405410967
1240674889159
664888743311
2013370229339
3425064877551
28453048821578
1259149328704
890389377445
751419536610
371239151174
11257510458382
46332185745266
4438595967113
1473468614177
20197378727071
5803445467576
19402803083
198488141733
4943118702269
847944561377
13680696149382
115635126965
683457630663
254705157
43204272593
56902165990
1419084548547
22530923775604
9983078161441
471092043436
17472833404918
9172129356787
77549339713
2623284493310
63792844282
1776131140440
516875615593
14727546021613
218550693157
889279136255
5344083975795
4859159220388
16985538784004
2458881877919
18888370418486
12173253467083
6342359025780
2504974113
7096080225488
3135916061803
14384115714788
24116752055304
3225473240070
992016485705
4225827913264
7545738046929
36766378632
6701562500981
10782454010798
33794946524248
12274004150544
1053044527772
9924646457245
4128748513873
1692901119432
2855421138
2509619380685
369311657445
20150653525448
1195415840848
2114126281690
2563785877
47048795335092
4509237161
6523450847161
8536754348413
155720797762
36691331139046
7909401568998
1404557081272
11214358741280
1153468991540
1393551705461
6276931096072
8480121451976
2098250756993
415337976695
2501815939853
449396659756
7792407981421
10589877564517
3443426136523
1471111353476
32094952646
7955390901
253743122748
98970093422
16520177811530
1066167575276
6068252685743
4983747553310
8105945468171
4810052259047
1300915243719
3472576104781
1894509681896
5725372751629
1603417756882
11092618793426
274888431924
12844952972288
10520540665498
382341483819
42551504135577
1297101654098
659928404639
38181396049950
72547899665
126304436047
3949472985356
35961390100459
4525936782344
7511700892654
15035588068933
3249609860673
2850912220163
6116782448
54248351376
411098398796
3525316058283
5895563710502
19203063658758
2568413318309
15136283551659
23669912113862
19090884242972
36302762827172
21067574677457
2176220660889
5059852909859
5102576717534
16384073881942
1648671586013
23347284516318
22543313401893
24090914365135
23102733171543
29690805723039
15508578467952
24355413405233
26896980149996
1187639087766
2963145932700
6718544256357
1001043636214
1077883075157
37744722862
42874086282604
5303869647288
541835096976
157106667130
15229347883125
18777799716169
13212443556721
24095052183970
5239039426078
3586489631224
61152452669
13499240736423
6598577896565
1843000583405
