38954827144835
28717735632053
72460363416627
41807590608228
71935530370984
58016157483352
71473631477201
72003264335231
72150581158295
50859988483699
69904971755355
68965344501169
63450538668139
70535827988936
74968451873825
38544929444697
54520965310956
64106265640101
74128752497177
75152156880701
23425645060430
55717220861742
69284728556478
49337235565128
61119101761777
74082583635967
74818246036463
64650974497808
65275206191733
64703129584011
73294002778303
74689956940246
68819035527911
60455682002784
69607620413272
49782149677263
73336619510718
73678807455724
13320341248242
70860814318805
59291993932802
67569531292280
70868007880183
70063930991105
70526461343099
64671632838459
72695369962570
52981641581411
72784814113042
46094394453112
74347593516150
40227551407284
53626861551985
52238227277883
60134183738509
71870755536962
62996198290926
63336027766495
64109391213197
20936060734527
42371433501292
57731929589424
53502146380683
52075318545963
43214817738952
62001259258406
74488480706097
30765567219013
34814364480897
54477204111767
63830767054530
46984602425314
39756087544301
24080203424087
42381634900601
49719229179224
69844538485696
38320063957503
62786488872938
62103247619034
51908625561897
66491234577608
35378812857078
60316029881838
71006944468256
45288945464894
53163981731956
45001777490615
68965925164250
74754343492020
42732141379193
33811960758834
49123318139198
74248388857115
56416505915288
20311753738837
73065946944500
64375832010113
61526073268432
65130525981866
64253662965308
52782189537641
53328626403200
58143189333739
71011543202731
33984714024647
44651876678323
64221425394026
57273920208249
61692822584962
25908828633206
69708418968360
47337557002811
63409198706340
57147877319525
63256563244676
66842562714026
63162084774644
73097729297824
57407372489939
71840395895328
49930576289976
35981711492751
68285665585380
26937461743582
44877489489475
47782180063909
59866727592326
67795365693555
60569391659584
65342528368837
50383252862782
10452223896638
68006281973597
36513777108593
57011433000204
69318822218154
42016630638176
71063539595588
57555683401719
68523033172744
27584963597507
61166081134959
58510308175492
53367116218279
44133308232026
65634991896778
73539722721714
61567497931764
71067418058547
73911279632358
24223439514518
51813210100520
44472871964976
58061650562537
60994200451615
41806866898154
71781561670241
70307634216773
44211111228994
63506475930182
70489346747705
68148869107148
68161317755520
74057527182077
59928698432541
62973171196478
67579018380407
33088742722086
53483377331774
74450260311139
55988167650885
62238973833434
71149221918548
66770099132291
48940551277637
59126979614906
61037562349114
43244524565271
42483897714684
68944675738015
63764999248731
34072200849557
73529533198320
57101891396473
25163491169783
48616201219500
66237515845560
49729232897375
57336313483804
63964481945140
73290058229950
42123537859232
50560980915135
55345515332828
57039136886649
60131624204249
42867870799482
51128697940786
69669273958940
47197302198461
22955730665697
63490652060864
71674755807067
68697388522525
65908595308441
68755036982240
33695769057385
38675703152532
54287534159660
46152013327823
15297747105238
73485269362440
57804311118562
71908588566403
70230254582643
35770247880203
27403287010400
72770083310578
57795721841909
73965340563790
15634078821252
61521902023173
64645198348889
71725136416349
72517855830540
54815003656799
61235262269496
13823605684195
69960677352012
60497844806169
61894192203016
56592926098859
22366775634266
43961655252018
66253833944603
68386372827980
35956169754779
73602866586253
53565102232622
73006997504623
63965175483498
35103240075355
54758813729372
42791605532588
46356965917712
57502015070756
72457148820444
72594053217410
72825466540708
28160774954328
55586537084494
65219434518608
55865854320707
69952338674299
34829205641901
64946347475584
73779692682949
55453293698152
58211159175794
57310685085143
43260850334570
54233707523191
54651139327878
49791155800990
74818246036463
73776880912123
65188934199572
74667728451245
75036228079197
74025510603397
50327349440172
73788055149758
60338942183501
72290582157904
66603171034481
66012683972418
55577119048442
61971023280730
40532041372944
52094386857353
68637915912483
49294827727648
41516324013089
39460203933059
35411170540559
66207252833185
38876049184197
68792618786570
53506817243786
69694689904704
64985823212134
28571267632345
69539801482515
59131810362590
74849567495663
65802958621344
58949557166382
72592000719308
47724091545687
70369366807469
64036260150114
45632223267434
66337028057145
72158362749018
63812772554962
39627779742439
71404157323447
74968451873825
67806691613270
40077825638953
66027985919100
22257608899329
70722714342474
62078316821304
63795706078321
63246122602873
34881047093397
44769799699399
71361277409867
25993394625113
51987865826754
60513551787428
61339304715246
49587502369250
67821524766806
52186143400775
74337160392336
61681819323789
72892153007015
65054640973925
59419694361386
57098386857630
62750437194177
58353681059389
65353197264012
70168821491487
54497974175901
65966483137346
62677280695655
74602285298370
70589146278145
42578618288187
59978840757616
56324732647397
73920478315712
58078261837366
55840552376238
60067991214373
27537630454901
47598753252754
55182450564416
40575499509915
29629082879031
64883763147140
68556184884930
39040981481919
74738873692784
14847011147799
70704457398215
72262730710188
60940520135939
56573861140375
72425973939050
36829754108765
69917570956654
63472594953907
59882005287721
60603009624427
39794181054581
60451302401906
61152114504722
40314491545672
47856643967343
41268587782936
71249393708099
24703966722247
68059130546026
71981468163092
39990868722300
56762935568062
52393340143032
50337965116452
56563173956026
24347133434288
61093702063154
74758585013774
35800609718806
67759838786486
65778029331009
59581368041619
70724979628503
73028399030413
71030674294563
49413268698002
74352386704887
53946474630031
63696833636279
60100000066408
68388734665641
32789826139782
69202603031601
57609552789494
71860782304663
73927682351916
56367388357254
64323592516028
66291999083026
59524276324546
51795395295562
74849567495663
68324933411377
63144842010167
65281846080850
74377707198397
73165832072876
54903996567492
53192650753694
42105977193940
67606137719781
25962744987450
49373140844216
71071249770803
69209640619942
36611021863521
66815407936287
75000098685137
41689329504106
59546319116645
29370562279501
58909051590077
40723079262266
52863917849128
43712310157152
52324475178968
59112517028712
48834640448051
51225443960492
50948110128320
63047454706038
71222920415126
63708642274075
41008298210338
54673283161145
59925856475264
20471650492441
37113545967204
41008064683960
67338297653289
72131928742915
63565895936157
66741935968142
72617222891631
45526071763416
58056359072637
15258303734286
48259924419266
60906163313399
56424388275442
48983320122572
49238990551129
46080669973695
47220063843599
58617127798892
61505367653175
68119568199614
70793587053450
43599906447659
69976997543776
64737313578151
35549460763932
70916646350671
47451152388355
69045825994540
30523796486876
46316186065677
40191265031886
36363609640455
42374079002502
51716016180612
26992221034928
36635206141325
43215177194947
61952324460164
74912882540804
71568087598936
65724054122295
67293582178147
34581871690585
70551757406345
20646330441304
63631813330997
55024406253169
64562384298398
55360841247975
73901847446272
51036251013059
73368210778046
73331099113874
65078420208595
66148144487936
73021895995496
47954881325320
36172511084754
71792356755675
62289527710375
68246786302054
27612762964070
37133817629635
48541310809043
51745885126134
31527787269469
61648436488768
44481628585766
34408879966294
52970029803228
39875776072087
52934562019986
59774858155765
68908218751077
62665374450739
47623593938208
69723114297734
62006421867893
65610089490489
33563608271760
62123366293596
47179265135207
58064438738468
60164182402278
53348319284543
43892199522547
72840603038989
31454004183880
60514957353328
69019895827256
65222773086197
57613395826942
62858031968612
13763065337765
60313090906673
39636821517706
35995472614391
64659944592025
65986801918408
68869532065758
53727835623530
74817952459799
66825319602815
39954673954212
30492490145609
71197930336936
22239738366702
54545904178716
25185309436031
27674101652112
55830599172012
47327856807926
13116605630217
38317933917811
67834224232505
54546356250077
56113263873034
48056213000601
44902321896206
62895327859847
53153159984719
70649206927842
28702712335004
70801661765575
8741974684203
50928663450841
53387985774215
49410993147827
71408235169095
44044360693497
57394435732545
71707996105942
34096451404556
60664733934279
70788264294983
53226836920907
14951375910791
45289993501377
73932778733324
25260204915734
69023863404746
57754591550827
69724490784199
30910484948286
69232772399642
39095416765671
62438617256291
69500877397259
56857937356021
60878904100826
68769796039243
42376754212446
73679388904158
64171904176295
36178009596084
71850889488996
46283221843299
59908373280926
45745074678639
63271739573803
68999520933007
39951803798139
46144056698866
65312678231557
71220527014323
32672590965364
30750002868092
21732817445944
46530550290263
63774529961547
64751732724887
72075883451575
74416948096679
71873360212695
49150378155368
65371005748148
39959118242166
74128752497177
64831907469868
70757770449436
49320580292933
58261204032011
51218066839823
64663158217124
39772401035503
50015039129117
73742951441133
50858716417490
72846647747708
55531744439879
55371147304254
74372718025394
53244048970176
73826723951031
64309695480646
60746150757560
60260167930459
52135203608639
59402436486683
46080150516953
22388751220006
46947370168562
17860914498200
72118667753384
60524108251491
40283459567165
67903106846765
53509803579949
52516499044386
45525988928866
61033788028421
42397485666076
74066372297496
65793165953679
73648727949962
62755131406905
33639868805735
59041649209411
71252350665543
47213774670218
73525524887840
69998468738402
66930623402267
67809593951618
70708809922958
71824028433497
70658053210006
37599848383826
50485319363412
61234727894381
67434755373216
60403204162254
64289502097890
64831873345879
54226235589023
49255672788565
71238197403799
70600555111785
51664494967634
72683043082199
74257514846134
59962968258116
59286976107781
55044451943373
48597455816672
52888615068964
69153016662614
68296947950300
57722425424312
45408123564203
46663988691885
61849101890758
56111872418661
67210971436079
58944039708397
57967319187783
70960887555780
57471599345833
41348874796843
19294571826154
46007488488303
53376561667470
65312019596805
64634465094257
41966035554397
65463181921960
43428043498474
70210466699753
67681030736358
41307766848715
11599618173390
70144891715759
69880030831789
37372107956698
68684236176806
51665885155709
19633362113944
66996086325800
52347148269289
70623281466390
49596855655488
59409680668181
73389392058336
70982130984894
38011354711720
40027795747776
53746115191798
20718436424141
60244878887626
43601163520760
56748287678363
51897489851283
56828630231880
47150753972945
65135025374471
35810602300400
66257812895919
71370386559498
63674572658437
54809215596259
61827870719929
56945810221812
23082967631450
58997325764214
64450478926666
57886368232719
49526939284533
72240842184019
21413206780579
56786422601995
52351771559778
72564378566113
67099527204071
52584164874466
64995627169239
42869171930475
54968378704901
33514723289099
58945311660017
35020963468745
55287479702145
51092600244581
48600365945886
41482360164982
52013389379326
75000098685137
53231513865450
63392559400081
68061904409428
65574467924419
54892759932429
54032890889390
52776908947022
74432048724948
67794890985513
69739228210408
55889859638716
51206232438744
70079591295951
65774715602986
68279476902345
40920639295626
64605634734423
65894412248566
60510677028167
30685334594711
69269644839320
61080307533126
43246758275898
56285290620260
52835767136616
60801274474408
61436104860475
56987589068107
38577891125032
65038478859714
65274808119378
74667728451245
71981009247703
72117781855891
73124166397663
44125335770082
31764778592391
44911616168076
51578461646059
58356641535992
74071819900001
28282418139905
60924920689833
50488160905191
71735138683704
73351465584566
41605432945782
45713094210447
31370916452829
65402464176022
50049279967193
54090377628663
22310868145334
27219250189016
64735950752790
47151690939522
70482656433061
73536169481414
51173511878227
48011228108128
58517065561229
61487149762507
62229644962309
71026856837588
62552946627307
70138679462142
21649428834496
51183767145621
56859305426769
72570614770140
70950499084325
32687201716506
74426782985249
71609317132358
64857327927537
68269130636003
56518803039503
60929262836036
73694188498292
45575774670917
65327240521885
59018402843858
50920569192165
61515867695398
74479346802685
70998131324137
62010548335394
36384275751529
34467869360564
65229784051964
70105903681085
13585857655853
53539088987638
60628385086730
54423793780737
61168113889976
49640593807693
63240888194524
21034868730071
48280351388952
74783372336469
65646588662918
58359940956694
62711729486821
56391498896675
31246330575282
53265265227438
56608060028128
73410753758124
67912730915705
71404157323447
50185908227315
36652286022273
69478483410710
56412594999934
31013636195479
55265628745134
73826723951031
66781413030473
68673470930709
61915878468081
72848199722719
44577921207245
45225127222273
51963624169705
73584045628079
16107349536491
49491640081964
67175602484785
47761374888774
61151383191341
53443667791043
62093312520500
57048317105444
62389792190959
44336346868795
69186906546868
66904623790358
68677313963120
65284239945084
62082221756148
63708165745864
60024319435286
54686112065634
66236400432576
42138531203475
57927839154243
66485025159168
52096414046508
64926533339462
49314635780361
70519985743305
69216887139011
61903399910939
45086371161725
48920822998508
35851348940221
54202108058904
70868089339698
54391656592887
56929832208201
69690157462220
37128659832872
44563970731094
26377701918418
74248388857115
43288615201748
44659885107762
52292038172790
73409610120332
39253488157333
72873037937292
48526999259803
59945545580614
69596358530975
70229125847897
24719438504451
48608691445175
63582916188324
73214132268393
57091257170500
68174154031519
54449684350372
34819837170829
35160590547612
62321329063616
53955199242148
64301969165096
47580976103903
68195960795967
68160612061205
71584985066330
37403038097208
52274453406608
67465180507991
8075414824171
64554401239767
68132346494536
42502000756367
34415205467680
62116088794395
69270732528409
63185918719713
64526653360488
38490898740641
71558027130527
52697872561642
68972116695512
20478863701103
71331037969509
57369954205985
65973490049135
70727598739767
45840685514188
65243504298808
50013545173413
58428341597829
61941639614738
35172765151057
70246369619656
55511353560816
66554616109987
26981868279987
43226949342076
50899169099363
63562876181526
74884287282233
70857421606519
12395609159047
63272711137881
72144027661988
39525356923726
70042779457500
52709013685032
74674342898566
69923599415680
33712456944116
55108973418691
28300230525291
59723463666158
50032583020662
68002287247387
69851192003840
63147679938989
60643858131744
58558059919564
57417957026688
25250535825399
64366478016090
58610486764165
40968086420193
38004053765568
35140375753516
73997277114662
65705768230424
69266735139372
72861545631697
70962434309077
44896068618160
9203812667058
45907526625659
55934229759006
71050809009804
67414576186711
56076746587120
37070422152769
69467466490006
31713655232745
32516425348683
65960201728590
63898586664360
70524542269344
70616699122186
34025334192057
53861837181241
64519760178200
67110093306739
74667728451245
66752028431455
56156656401474
10028738680599
24720723406046
74218708269259
46014785841217
70966003496984
40798569333940
64704615619545
66331386847997
42681625353429
68880289619273
32019823603528
54827152362396
52646666867406
62248949053693
43916998109956
65338330429167
75051683967353
47890186668352
70811296564838
73935117291814
74967472646465
74347593516150
49251977666687
41000417727115
53728471762686
48280810291879
47040096501289
50286317043493
53718194529610
44001454163170
37684166554276
68371412370277
37577221487419
48212445979932
70280637513415
67503218356136
38854710270709
48542971024677
70649251224871
62895856668785
70513815544062
68163063672948
41784608988630
69265464248152
47492340493078
64399913948711
73639928474800
27348135237953
65855090604494
42781884019356
74370161876708
71587398755744
15154393178090
62459322935527
60215113448048
70911903410446
63042918446239
74547878062783
25336561604049
32176593013932
71553729808406
63912732328580
59974788501480
68186507382676
65327439202460
65537076767076
58099071768678
33184009554525
40001975322780
63476862008392
50860301787496
47198427674144
48855427483324
35687338729872
68261183234970
42318950146248
13478553795673
61947804148751
61516030190415
56626155428520
70516922542236
70113116813749
49205027504053
53987544708523
34077505971808
54358779083840
58812331038433
72342138111711
38246419280704
63629164483653
32688161202336
44261945076429
61269366960957
20380730473301
71853126372912
71912498349031
46965825610278
46354945597562
72397391719953
63445422580435
56929832208201
72769763901805
39260008897004
46518783340471
74681722026922
29300778427473
67455044774479
72854737123657
72643671030497
68318757924407
54550511112083
65476618780135
65172797925756
37245104622827
27687971090404
65050684910547
39344862048382
61091415300510
39953550831149
61124799319306
49639829386083
46827276704556
45837462168556
72131408267448
63052264527350
62281481045438
72516584915837
52371698244747
49205157956782
43211895131745
17056767837248
51192755331155
55398190642630
67843789307551
30101233008701
69688752743058
69515292858434
72900269795379
21483123707942
68992697229355
43527372499975
69772918462582
30010713483174
32926525404610
68784035115321
61945973667253
60545579928671
62419750367162
74625002027398
45332445683891
60752151878510
50576393721175
59349814099297
68720410965322
72454594795545
42304768628902
17835182517383
42510218872207
71194471865241
31452973301585
36672506562008
68607196826777
56498373101123
65218532596628
52989724632665
60780814441738
68381496989686
63371098709500
62606313382235
38220949942185
19339898127463
64132969871352
49181589047806
57775362855216
37056648897720
23033434027399
70778575525015
61146971724864
39329329157374
73761244914683
63723529814434
72608852870224
74751771282629
63689014048381
69601075849593
71568156303756
38681804162092
66993355439635
58469728302518
26560562832928
58239939571287
56091703055882
65762923741635
32508531489102
53949830576048
43204173957203
58506862020768
54705092749131
71193738057339
73224930779374
73857848039804
47096727108709
41754650821512
60963854518692
45051601746964
38678398645570
62752595601504
51595546343231
42819341878121
62802376371456
50728744965026
62398030077117
57213098641366
69278253572736
59089580055150
74879368670051
53895805558056
66457220740032
43779360303090
53952913777515
42034468129819
53452336103201
21150479763832
36110784385243
50036480569039
57698996085974
60017360670021
64578403306252
62735724659066
64529354640834
57111913803352
61565824759078
65476553796805
64129824394102
57299140055879
28676087209517
63482734903937
14254490472358
51527262212447
64022553989522
72739981825276
63627111991367
65828934909077
52742022561201
7926162031457
29101469121841
43922864572338
61126814978924
68267624290401
48846803640819
44006070059207
24356034883434
41290019998786
65727508766297
60665690718198
64913718305974
54168150677316
73092140462815
70776721213944
31499850476053
56889362484763
70863418693193
75034439828419
65486282758465
62575174207608
51610917349484
52466505696707
49128797223885
73296350929933
58772765038674
64292060364512
71247533581284
38123532577000
61227532721870
66215303692641
66292158106205
45846432305431
65476618780135
28748536460140
32765388549811
30443073785810
31537964327182
74286272068606
58455718888709
72445332034389
35488006561869
70692364156904
20841916105798
9522489462654
37519624419649
58883646344059
67769197423895
30605830748767
36332604876906
62342165522055
63462024837259
58419913865926
52351355256545
54144158774267
42531862842502
65968483141116
72419748331167
37057534005187
44710840196411
39209088549422
60599088896343
62876944629276
72388200456433
68327236005558
54421324154116
62274910403593
61627938503750
47290659508087
66823332027175
49482962166788
51410924392893
74517159421205
73863262922159
69864552814104
72559909294940
50127129734749
69316536825500
42767799115355
31260151670898
69040863613801
63507547630606
69893322955070
71475906389048
72380061918166
61007679091128
62262109802053
55888422439500
75173353777513
60797483636406
61605968025419
71491100837524
66742209133189
53082668469787
58074978894522
48058014691104
42941590836850
72027230746484
16100904396062
70723500787210
27535950494930
72144616920500
61233410477002
59618849731897
49795644108431
72978788769157
71237576783968
16931615836430
56661483229398
51346733988966
42849322046135
72626744972114
73624921622129
72125480062834
45221414777641
60846588707810
63257754617574
59404945920443
58576047069002
55444112496064
62657186721482
60525923202149
43019752261878
62016014177172
18466112233907
63139409211557
19545369845176
59656234893100
57046576622505
74140454235958
71763085858277
44372065239058
71986210118137
70391596082488
29592272960266
75152156880701
71149064555222
46101346301054
56726663827157
46767678181008
69133625125626
69360186191158
70801612380884
37076316020443
32275094255245
59720765847432
53807776810186
37608240683550
47550847837124
44921538204332
23627794685183
70225036978215
57204239759257
6919807925642
24786343793970
68456028814402
68692832493345
74751771282629
61523639243804
19993477108175
73485269362440
71291030054986
57813945401623
44309149915707
73163951510847
45987238404605
66370247366784
69487593486711
61533643710806
72139685540665
68854586176084
58787156063652
64974666739996
63408682068150
69566611105680
71352227288529
55245248950121
61329851760245
71364548468092
68345143447921
55722182750506
38746994289499
53362773454409
70947753775818
52491151290512
70499513139072
33556380129291
67005110145397
57341879268196
65699831888419
42196105923437
54680579187268
41701416923325
53550201325677
52351502123495
55167735134734
62826676907637
71345947157829
66827892887311
74572789216477
66456396764253
47724992853424
51269997763333
30568174076149
72469923663624
53431400426904
54736643932336
69176120160989
53237442283463
49860173639299
72505036965870
60120361138848
64165352689694
50761397472924
40337318247868
53349339705548
67557493299869
60645490644105
51393852258888
68566308784137
68474286064954
72102970652324
59660272829087
70507976217576
49561923835006
57839200480145
49458696617037
65607562219362
65860992942193
41815447186204
68273946596542
70193098121646
18608758968348
59149281249053
67302414295939
60824856737895
55574840255571
73790336931781
37152114661871
58820982462294
73421494394790
61693352611875
47973530040288
70066096587461
58368072719828
65009804153990
65734786975489
64811622219142
74157321349363
71909342813494
65812697751738
62679087161071
70368696357818
74751771282629
52914092574054
70826677358436
34192308179330
43716029832535
63311476620301
33821549784348
40651012832016
46944976303022
67776448243628
31201649504967
68469937010540
65992838443244
23577822875616
34507146321628
71619818237947
44411185591696
25300120787519
71707281265751
58826590301197
55278978574113
39508786093210
54432713486873
66225580263994
42207150370273
67446304412386
52287216956682
66615513653169
71398267123533
32866411966472
55028879267947
65358578397077
18513082109309
48000036354759
54270977009520
73422879356612
56450067326802
37218610654460
61258183363158
42650020241867
60173826306166
62137413383084
74829727479936
49406073811089
68890319172662
57764460546102
37476567958288
65803160066549
65803160066549
73370380814391
52073028229745
37183573508049
59220832686145
72387184714039
44246986094939
58586461319006
31890180186914
70896644789232
64494267789246
52469231762443
42977809844744
73447284447710
50572659535048
67809537713683
67417567647125
50526242165432
69943006780389
72077032889803
74318030926430
65178594068854
71591330613202
48158047036175
73445833149620
64152515845241
64375205063822
56672435143226
9886194402600
34193067591676
72299620085658
71644459166549
72597280304463
43261430131842
74509810426243
73492552976901
64100590260337
73260115858743
9830695397011
63305619221846
43902002224730
52662292482203
67801087390853
67632239334488
70272817979497
63921279700481
69002233876430
39997617380501
56382104900030
10589020016663
75205043801057
50737131834846
21259982778608
37534326460675
28377407140685
21337653520459
46660026398587
64453706713656
62639285497037
24317557368417
58639759093300
56439659017272
66990149158782
53159266553844
57123705328359
50098390243387
70025177864485
67623530439805
65711693724270
55258820602756
73992383776956
52653834216255
47913227490886
69556959192838
51993685010716
67682985310518
38170903489558
68314883347981
41375976542686
30096928234094
70653495080862
67240894013679
71212407724755
72127187493852
65157889645858
56118318151987
41786269873686
55834028763012
65554756903072
61927970406582
70115802040835
14753092848214
73663580801223
71994720346636
69427081289951
57772349413695
53552670511472
73093702157249
66403722648443
59476616356349
65197973027742
41830476183001
68153989603631
55758566950516
52388620260398
43984565625439
65614407698187
26527877938989
53243649073151
65824875056683
61592896862184
35378681414237
68973168344095
61015698953438
65776343885520
63658553834954
73449301988078
14449576616938
74219890295254
60332625525267
65381530264286
54751932039844
50557067558608
70781037241467
69891899531067
71842380114727
33105298686580
62676388610691
57072270031580
62427905033834
58733980640156
43331598769000
44593961782272
46641996058280
45234476630560
44765800003172
51606824309421
70293589426446
56753625727169
68539976695144
58830672427998
25862923043681
58060136454109
66562694427732
67187399210779
33487065917717
48697980281593
39481065990368
47296344567797
59856557378234
51395041579566
53320731897391
59821469707817
43063792696518
57659221239888
34680170913503
62100510445564
65784959643232
33930949434851
61696071654926
72838299414081
62636403884429
45461258769512
69533343140917
67520277557448
66426057905729
34306400204470
44225794773480
34434482427239
46578236961275
68220350723609
62868548960782
47701039510386
71692880230353
50926544890598
57813049862789
69802052488585
65501938069322
35973128686918
64301969165096
44911714057325
60841195411614
58685761597919
57740708205412
22135638945853
70956870539841
73045461149745
48005820632023
54328511089828
72208020062581
22663697721704
68743166321539
74684366899079
20292899816934
65967195543190
60297897949678
63013130122608
46881568623344
56012854595563
66798200485001
71710976679475
58409687000486
64503161434977
54734288050203
34865091489017
59737832763862
70915847477761
55669722175926
71760818697444
44269103600562
74372718025394
71568474620980
17038756049778
63809811749899
53832877972314
46538015060569
35982439408098
43197621239708
22604047778632
54204966111794
72810873989482
59845999043351
56620954170928
71237894580941
49817108565046
70219714077236
75089074198573
50591446033593
45033664456772
73323298456090
32875078944581
44078192114746
56460331329790
35015837989397
70231471504748
48297179127117
19494592701206
52566786835764
33284299045997
68420689296397
54881285862432
55262335768457
25687293642496
69104390992162
72289617059240
24990319280690
65783653108969
73831596397861
62245764149707
51213216519082
66224938646249
40801337685840
53327815455884
61691336422938
43555808214392
69863765812461
35008965202002
59244973832785
65212520729717
74165322591347
55446573241066
71365307190661
67390028789535
30555997457090
75205043801057
45636410424679
69826812891872
66735749578497
36208449387970
67088467159057
23027534512267
49902473253628
43528046432306
73124064816049
70956870539841
58944479241285
67791820470801
54030775600663
23644885593944
32074510130352
52600343971410
43088862441443
22721105439132
70688713086254
16047348012395
65974867684208
73913597553866
74684366899079
54218671714856
47023281053343
43033383883493
53214572057766
66933227831189
70935081276528
35596099629943
70923262163109
32817071606907
30192229689067
59223073131933
72708279799057
66453518728847
61894328486861
35066220050047
68913904709497
73655993241029
75000098685137
68991350526884
27427557378722
61390325653035
31004231004168
60313621789680
70856059357149
36942043464703
51544016474178
52711996405918
35375293337318
64417987145099
68373238578961
75173353777513
61211755389946
44351698694661
74257514846134
49594363952495
58452326806440
58555999150304
50662497136100
34164685916544
52348667634753
53032541614425
74145664452332
69802251100643
69792598583154
73961356860726
36903507819496
58776498158921
37987471099711
41776105797826
61794937620034
57447109265913
60321389284704
73397501269676
47855997977983
58965109436390
41984436269385
59067097923886
50511359798631
73304201517975
71298851456347
66495835852329
73701438055105
60500935784869
36107059507311
64607104423022
46587663167496
69808011468383
58427622929782
63669985822635
62797445607529
51179033981891
36381090035396
61058581475789
72600215873473
54734639924398
61730659387084
40871334732801
71746247902954
59632356691666
61122326149289
74849567495663
55282237106794
34462057099778
73913597553866
38232577784814
48848759101623
74208183929407
61339845442403
52523023534155
63202541564849
55870040811745
61691816738166
26606438231715
59581760304980
59394518240113
33544055430712
66830612643826
26641449925923
63878495141715
50843462656386
74125441801577
66497459818554
38358735104333
60728845773489
68750502010136
57726228094176
73711279597037
67355009618072
68450081079428
65899857457058
65358741227773
60873252716739
46158826376595
61513340658694
49268042284748
69045825994540
29846229374231
71240764222149
75120478001949
30927508339613
48568247521924
51028615676323
72374585417150
48610615003768
68150744262818
43693272678500
45104867862876
58117673590621
48498459446861
47724956248730
73571066582282
56300709666333
21334173528596
28429703455737
19115498432908
49988848809698
45563319281677
70479182084547
51052638767959
36114720049303
24753150774174
65768000492109
71653897862109
51541642121238
40858116997611
71650827941771
74155983095289
56625395343181
47658457677567
53887855869698
71840395895328
57021636635357
69898857816487
56367183906243
37294458522825
39962786622252
54812651054645
66575659995391
21808392966296
72690874688674
65866151064856
58732059851606
61186762140266
74079679117612
41749953921070
63794021866646
63211876554510
73037212361531
57405697794492
62701680258806
59870309329132
46022258067909
62285626396480
69911317500715
73529533198320
54709531254404
55403246450403
60358349944153
64765933745329
22184058296910
69388716830856
69830784772232
57497899591973
15627614075411
65877562220439
57151980701197
48717409192088
48508396627273
41713861645794
54672023191648
46797421489403
67538664562768
45394906056998
72650617499536
27790949176978
50915659601989
26168975209060
38857641948829
68106611453448
65764259520324
73211534718558
56755559245496
54683875271822
62854102557496
47619449387173
57346524100786
24259489125523
47404594374829
41035940680077
71850526630748
68254154485802
63110988530091
38887503888624
27639097349786
36972497174286
54166740286322
71396523607994
44912006314972
50060391114568
68465573631448
68194654939106
68130280419278
40177270036774
61105522915058
50236616348391
50624053646811
65049387546086
69504032117246
33559637386808
66080626142125
64782922616558
52820463055662
63949633796764
49177314060686
55910650063244
51754426186188
74145664452332
45482739889616
74085445590759
70224421168828
31752358848747
17088330685177
34135188154024
66009018653885
67509852589237
43048525458471
26061360384292
73444016777876
60573360177671
55634365151653
67433457171724
65458026250224
73742006482953
73377976132190
50773726346337
61753069487413
66420855999399
60091469725714
71624086112224
46549763730513
36170369106610
61362269415603
58481083492490
36214515519703
65181551731570
46242924328387
47051618609370
25633826704785
72155281024328
64195573426475
62430162004449
74064550787850
66149868613229
9765703354066
21499947132736
50567766158583
19463885700145
62513179609183
68749830468879
46692138036800
43239114008738
65532140744873
48417422769493
66116513214735
41992982450363
72111255024576
73867187990375
55760523007508
46198610487810
53733961558124
31570704859164
44225794773480
40712337281411
40422420663565
40072838497926
36947809187811
68066765040045
56750110283369
63400988816425
65503667221556
33150795426424
71055042064842
72056595374352
67529038609767
54915982743814
62650174993801
67167729387646
73121017773638
17766508370883
71038726615158
72208223296840
60838449597311
55456764731134
40500583103925
64169378065414
55737761400238
72626876281546
70942328534850
23568503708039
49329744949885
40902590204075
74130297304408
74625002027398
62678177912780
49359249588776
69266968497359
58213060847565
65005871186755
73510863572636
67515711774594
60388570629974
51054236566880
30408940970266
42501212974173
30205232374171
34390327356244
67385847018830
48046897850164
75173353777513
66500361500414
61731983466858
36510575886540
71693686223036
47031165247467
67923255195065
55720375896886
45118804752544
54697368212020
43910601907187
29556285016444
47106102554459
65069060363211
52327766097659
63764280340247
68888198060304
50930812679558
61945709789986
52214661777426
44967905284191
67549811905105
49357344792249
28848451004074
61216207582540
53709860983238
21343654941186
39380409378359
47228905920977
66740685792863
63042452519189
36580185522097
69621740384875
58909469695530
65761209403451
47497392315685
72340869260685
53874082422945
67912230844082
48187143301863
62121799062526
50599547667005
55895447179569
49927627588826
51088544866826
58314929698801
40178868698551
69271699353561
71012622521653
50093032341499
72240315003400
70052017725215
66352383363833
52727504412621
74333975071963
42716966502845
61692940949363
65732327288755
44239692168004
44226160185157
47941124308828
66414955189068
65806659046118
68394913853513
69840820116089
71193738057339
43283067494516
32603322973366
31917161461598
54921002605950
53521297925999
40253433358647
74019589241330
68082571634434
63869360395874
47015198978288
70481853946397
53461147615867
59040219867246
43354789610214
49221145323870
71097601806539
68233856835970
34954168869206
64269298458694
74390768642770
45087752709566
66283348284393
42348062046773
66852590296318
51067893395645
41696534317281
51270810557019
30642961363612
68560963257287
52932911010201
72029659505607
54025263689870
65343528295381
62325999803168
71534273796517
75051683967353
71057084723956
61887271737407
71062592284305
57068951131942
32787412561248
44278183164582
23009058343066
43460218249673
69266413162162
29939481710255
50000976050020
33248185206358
57922556993467
72912407656074
55215158410126
72909738155639
69051536531851
30249155253706
51647420817009
67080053581724
32986436358368
6511766967852
55519311473533
66249525099202
56728250540085
69568684242267
72527487522462
59067994726731
63637502561748
43015767036489
48655852854367
71868150798187
46757764934941
66525817446317
68388931097901
49196970584720
26177368969073
33468161286391
57468255887545
63945685222957
74424501876595
46663516153051
58655367365021
36522025265389
50844847938390
59977069408613
47193314354861
73607635712386
72941317982719
32406331692325
60790259841836
67328354993133
54487134319491
68335894275429
57678488908914
55113586280276
48277004767114
60431931488484
61243318930000
43793096500060
58619088930972
63622467372553
70211105268204
72763497453023
71644459166549
73987010625220
35358123432758
73651237426368
55659220213098
53102554986708
31073573346269
63831031821378
51612501962244
67669208047848
62220504296854
57837676282009
62139441091579
50047934942818
48121699460586
47651810073845
49190170673165
75152156880701
68799883702390
60699700488116
65379943410091
50364624106562
40665800707293
69230617224824
55180544752832
22902979969725
74122105189045
53427971298037
69708418968360
55935890166258
71939549602373
28487921858791
67255040043613
61917137680777
44155195495008
21315505020755
62935222728590
41978523250441
68876844342504
36146695334402
67903280922495
74702575180779
66825844594379
58690726910953
28174592113550
73557063749101
62340603503398
66409287245317
47471916149414
42062552533204
42579415659663
68905269334453
55148503290186
44147066365706
42353068912223
39374112486783
63318734519411
60538214641589
42358032071602
56577441653632
62027852785391
52070065490416
70655936491696
67807376186809
64965387570784
53061356825305
6355736703606
46622440251700
53931577880125
56675434678365
61868593366388
22107726992648
74783372336469
73079757426683
74452792889948
71427059015011
55984485683237
30615905788971
70016271297868
60419179564875
21033094385849
41141659790753
59199109483087
54716691490959
57909166879937
42873361025193
74912882540804
64594965047711
41974104859817
72295351369541
64442889245618
47136999677835
51239945693998
70296952271468
65030747939530
55026644831108
59831909443736
60605961950706
65554524765977
48173399447514
72789283441142
59888024060977
29923661162201
56125716654172
50301558440968
45996033203968
73735668929885
68218031438084
48713999701337
61316484110340
45212708207669
72761466987133
64693416332391
68800464275058
51738538205124
39977412328577
74981612940710
73218787514761
30024017098484
71850526630748
63758776884330
57278471954944
24719883482006
49791575058663
72460893597165
51586732533521
47835814254766
72118054060122
67647436259746
71396523607994
72547622697250
34682626621989
66571049089329
62773195295090
40810141470576
74826596410800
64006288559101
69401602575109
60616204946926
72673934808848
62494199620067
63549325814358
22009466782689
65415752404594
66671227972751
65171177403310
63453836181915
71618831336461
70166049496597
48744937919400
70059768836585
74878468234698
68035391432798
34673446229651
60193436762576
26228980809712
70704738094487
70936661341127
71295454501938
31112904783501
65625955027481
74118865663809
72208223296840
70863242846091
50739937060118
54668630479493
52911164098250
55596357051164
46229841208773
74811602705892
64267462111920
49835355181528
73882678884641
74912882540804
64117607393526
28706006562014
71080149806173
72933471487390
61208947440486
42783679514477
47812255290698
62783301978597
59589057573548
71746247902954
54941521668095
63875855725869
70215154433769
41918529950687
54403488704316
51793563850290
66543306142332
24013373940606
55646189422998
54215185413047
54235116819922
59319228630131
71536095119244
61584810762826
32461089599732
17937274698536
51516292857592
74213127112931
47620991727082
70781037241467
71339814771995
60839193333201
74967472646465
53178268488688
51490299569359
54064171575638
58894659638995
30365497161837
67610446469545
57564509683564
39850053646558
66545761810761
49958517352812
60532249037356
33060897675200
21906094069038
62030640002553
74879368670051
63716188757999
29206690640858
60434313019526
27344575751546
40120508881080
62051818929640
59125765352394
73284711302776
58945303418091
69458042013995
66171298881408
57988177613980
65753417496449
38129252628925
45957902729065
60882634294468
61253993453121
59596867416202
54433987396322
53500550303894
63951858539930
55079887401018
44109084936252
47685486487783
62114202616962
36029297562988
58597222328202
69335573849636
50729257701821
29286950298363
58330904352437
43355384800357
63063593037201
25039305448029
62129345289679
59116044937648
33730399329977
37373022711946
69619394538938
43783645962003
70657713122304
71754988029906
70494527492315
70554474064021
39615453430623
47640719600531
62908874188071
35386798387324
74826596410800
42637468396748
72601302467597
64247480746149
72885934693649
69988435503444
66630337324029
56105691404980
72592000719308
60043585249562
68829695191667
63940853854910
14551532104601
50371955746312
72033222023603
31029769295097
73667512123587
64842750317253
36092219579792
66142217625694
25470957537158
67610303211104
11823571253211
64396231561445
71163704491151
45863716767859
71812565130538
73131539497918
59611083348723
33832453465199
63958594016000
61547451606808
61740122043285
41067617717026
66166987917147
52786715923616
61301843797315
60396590803811
68905399747922
69144386374423
70460681107886
44728078002801
35820188536861
70006671954030
60738340038318
51249016760316
58440950282930
52375809951166
69134639460431
73937950933574
65000587080571
55167735134734
71085919754883
44716866451111
56774618625271
54008523188751
41655404400542
52408136390853
63463112473522
51123331373618
42589891668288
45604544863541
64728163913303
50585033993146
45560390122315
74585060927310
55496582666082
70144891715759
28919945810919
73978645810773
70736106802506
54969097655014
46648427380523
27401198844956
67682130704189
67886793720775
66113082457013
75205043801057
40613427921472
55346088516666
71384839504535
58353816211853
72915832487476
62440122953970
66275966929912
63352820299488
62814860055655
52734552154496
44693681309137
45968174133944
64243727207675
67057649911899
51031838728289
37111059510762
69899534387726
43173201495925
69018995076545
24451157137642
70562232244808
62639153548790
68463188547250
57909902490416
48595406188582
58102149535954
53243164118265
63173874971117
58690628810325
61445841549325
58558532040069
46057027244707
60092000381716
70967485764241
54719323762059
69253885153195
61480094221293
69009196598720
44855052550459
70783042446187
31261856564081
64151361323422
46610736512544
58555999150304
67441737427324
74323985463259
50356961189231
56760564188703
50912050051503
66951713837579
72378031892053
66359461037176
64516891076638
47139127584652
70915193135471
55303864595626
62328444205690
30890628583226
70282805211642
68191850972959
34869532221411
57675490388401
51307523291560
62226157719018
45312370374539
66578658152173
63905404353636
35177207769197
50866630077814
21652070228091
48101169661286
52615245596948
68085189372872
72594053217410
41511515483209
30604715174400
71425921998998
70500148380869
69246827351245
63431389448453
37031348871252
66756018335271
72045833836720
58056961156904
72613720379998
33464456540611
50228142150567
40994691577876
67273036205788
72965136219072
67654142489463
71001118683079
47657525843305
65140176623787
62051021431834
56435247345245
70365287066645
71086593806606
69090593140392
71429048249608
62200328086591
38544103174177
44089932212979
45327892350101
47876196697194
62653730165619
71389294205209
59355921202580
73290058229950
74439104808853
36611848317316
66298979800476
70130017019212
67157020931977
45957730724772
33758442552543
56049488263223
38839814600212
64003086301918
33755107866285
63743462329820
66896785504996
41491321042682
59474920159308
60444903513193
62388823124691
61692336362870
29256807190197
63204476007979
70754822895627
67160495053720
22709109415686
57103079452301
16529895514512
37263976043652
71079028796643
59824768807639
46797933071744
66884108916434
44308724129936
39127467818567
45558300185828
71383989828955
72562908568471
72990326498925
71675888622027
61111746076450
59312743957650
55419253520907
63746968433474
72806424823574
31265480072944
58306874338654
70636130068310
74585060927310
74192613807739
56700895002051
46721919162701
64411902413137
71544060745331
66107059009730
74114980392922
72697188440516
57377956255597
71050809009804
57583487564395
51811596662052
64205801378319
73868917902260
45182626170400
72675861238440
71515239399831
25334189658852
54700798264061
57369954205985
60743949274152
72659758062547
73602866586253
51183366482496
75034439828419
50948226498692
51434367227400
69586833803706
61489028450067
50693960557924
67872915174932
69040781674949
53926465353148
73883140683707
66196284281412
65672072736567
59612922418586
74372718025394
59190543796311
63368083265921
68054677978153
59728772662795
66117259151590
54629281357398
61990423069771
63251961697287
60507434111088
30443298517369
47401391854037
37628077177388
69702677567634
58005694784625
57316883676724
40590677063844
73004625349293
49287494549691
56421039199940
51513523849618
63441520450518
53194853352884
63054567698918
72437778684107
66191516004134
20071005430264
40387373451582
62149963630547
48301659557378
61762533537454
69612300553967
69701874504538
73268874008708
32432543759671
38055225099910
68689839485996
46093049088762
65768032015576
28282150972906
68695556956908
71209662924781
65552237644999
70939181151025
31230689810912
52708068793600
39507122901443
47754782662054
65553400133888
51489024421665
50887781450503
66172486376899
52056026302567
72213734011500
27888895599010
66637053932751
51022504794362
54911465943701
67889096055944
62579382972205
72843097490255
23530364387688
62123366293596
62357203905805
73574448553221
57638925599319
46594488412818
25442783082133
69017499062602
48927274827463
48249678330221
