35133608607572
52579804984115
45592007481689
40774283932691
32030206913453
42375388663591
12383554987912
41480970412878
50106028297991
32988289657747
46265547390352
28998548747903
28081275503718
44797320844489
52720243596076
26898311264668
11352822809284
43443944784051
37401319610501
44221027061810
30256926458142
51282297620202
50266522607025
51538531429887
43860659375403
51332389042854
34818239790956
51972933958442
47547988575541
42769956009480
20462431831035
39856419242441
50539164859494
40918378394317
49727328365071
43999659401699
43388448693307
47467571607481
23999572825871
48921604642262
51631153766292
31652830777988
24080794264187
45467760170794
20764430793331
52202997016745
49514349213638
17949666242883
42018279449629
43448272175293
48188251326268
38613820088588
50052561933049
40440075359790
41953278865793
43726638206904
53341639274055
41084587720559
40801689721504
40737468121350
36990230237144
43648458632254
35707553680652
49044879176199
25277162274178
23527093395839
30887259699497
53254730004368
38348426838493
46675966576920
36282419375383
49495994079178
29955985330425
24351099044649
51091449216579
30823872809411
33642233860336
49343840368447
43688816240087
42010695539631
45233034744623
20665728226573
39985435574948
36937202497526
22226834573643
50253676482586
38867189411914
35714945155428
52024291254155
52324253214509
51011642470899
41509039979027
49644920540000
41682853179362
51570577844888
50381468370127
48915227915163
53023014665104
40432138083936
40940373291454
39281028902966
17635508798689
27687309655538
41196888156169
49169222149981
21775232499876
23697601449469
15796045688384
47295099760563
31116006416250
31073073676658
29611516874518
34891511676080
30504020951956
23566089953229
52438252855789
23906239309344
48698148269658
43166240333277
44475455386290
52663147881671
17448678356535
53292608169788
43006437331641
28689050280871
24970395830347
50106091631746
45291019190065
39818713532701
32638267365171
41647653982175
51571169435647
33227386809258
20178817757991
34089839016829
35096678069980
43148593464759
52486112390607
47695491959281
46042667168645
51970834795760
51837483487537
50633145823325
24099141276796
30728309905579
47242129581740
25136641933532
40432863139040
41367193897928
50149482261551
41196359249643
27968014376055
52096307956799
38972879318018
37283085129628
37269630825873
39574423280159
21767861871854
39313608639653
15000902121076
49102123190655
39652128499593
45696425191675
18575706019707
49004172891250
44272703620050
32419104852637
34337530701350
30461869646349
45334064768510
43289182155356
45361823612551
42716666149533
42642575386933
41571194670518
49108636733673
49501694909995
42218086455662
53050736257503
35968150795061
47543488223224
41355954607604
39105256741381
53393032895699
46686514806255
43584808613407
15448384915458
38247097730003
39622077345042
42342837952741
41280889655196
24324328363637
37916598987043
50680364483790
34149911334816
36941662436587
36725814896306
48778892316431
49658876656082
48926009026738
40097511687783
45349633333705
37632225873977
36812712277767
36101224230027
22320117873728
35913214394948
18516818373537
39699357019391
27909519404197
40786592626276
21626800853806
26546593830407
38332339234013
45331144082183
29508563875990
50539164859494
9463883942263
46329160921002
43617602448998
38383981566473
51417666174527
44062978643464
29624373172519
43578259151138
37161502760961
49444335542847
43785957266191
40107586989863
44755693919095
37209585457545
28065220045747
18567080871277
52735754865708
34346907157923
20665236781106
39572685555963
43350096939378
34568379497507
51358607742168
31606556647426
27075529362842
34394488970246
43213832204396
52439421786948
29166408088900
43609315472512
40596286680134
49893632932063
51248963006149
36793930248886
43524071701067
45161840955174
36247230054134
46438604067703
36010803230801
39831665769762
50987674555333
51383113026036
52429960038182
47247860094365
46123610855196
51581908620465
24075559378764
43770372015276
30063890574183
46204937739938
47230923213110
52213981042095
53237917053014
44754211947995
39375389595705
36951348668062
30192524566052
45505296696609
33772398267644
33890605371216
40477021862182
42103400330109
41823434224455
38551332537671
50383715293908
36201211179376
37709531316357
47465787453936
27709892003930
25055805092377
40538880416210
38038812964114
23502061109449
47926165993442
38688250522109
38718461203488
46913373634075
40548636312836
46661814288011
41953295570538
40455084874910
23942100728112
52992437027055
42893553540720
38116952808243
47187546822872
49498385608556
51233316108320
40932405543212
40472104357656
36038510487456
43277037202225
51007100147359
43945943173531
26427089580078
41920465199239
40554197500931
47237361659430
53273715641408
37458128656674
25475547962206
49087858601299
41790730448770
43606627303637
35466759649675
50168946871454
53496310711622
47901222092475
43395887740414
49282299776134
46474026906392
45640856702775
29809161806697
47877111302561
27451251145901
23072937585652
48409119051655
44177732006227
32578303007158
33618449759703
44244203630013
52369096261214
34118565445788
21952889127997
45132385549478
46725563245944
35247299566970
49367700598672
50684108684732
21236259752239
26398234084567
31656922317834
36077335638765
42769972154437
33556552630009
44127411693305
47778495400202
15756668070286
52508498210316
36891247573202
47647411772893
36295087757141
44621063773612
33170900908784
15398818142748
44537628771428
50219295093193
26544683402861
17634321119635
35016173870304
50982608698694
25975802166165
31252264310118
44056219333219
41034674190131
48514670086971
25376477121943
45222283156772
25125844856137
50680790478096
39818539341761
39333112789557
39343514654782
40062794085170
46211084995774
50779570274493
24320232592417
29966142185669
52146827536105
43828343856984
24550101043107
36792506364535
50159126681862
38674069118414
38639271372147
40883801476661
52228821032047
44120270842019
37007790031069
30916982187959
53453201669767
49144203129796
50996745426255
36850619042172
38294124072026
45462227825988
41544804283007
37387775032065
51495956439040
42179595134130
42063644933674
21400812870386
22858092990725
49180064531827
50440149285130
49422280269215
33701291630777
50431203787490
27826238973755
53200406050694
44411854664822
38697148570239
52432088262011
42483156559893
51195269236237
46543088165448
41595816456779
39679581117826
40256517805879
50718070844287
36717076107269
44462949490039
39537958282794
43891435857006
37071558049331
15353208376830
48406007708101
29908587113263
37177140459376
41616393663555
50268691355745
38077102007372
42115817886431
37076310211001
46200990423761
51197309453873
32049040939689
30506095702504
47140415215039
49756513435556
39184508233218
51386652515077
43614548493756
45563137469245
40815468381462
41755457144138
49039098259382
32885277875150
50978776828498
38970434510331
21474579276569
36503676799866
50083958004405
52211337655460
42722314241438
43790541018814
39385196773755
22363561297199
28933974265532
50803268272208
7230074338650
44389018123820
18451634886622
45344629753844
51164303911232
51335196212227
41485231191387
36010002420705
45824143596564
44567725705249
36929537846139
47034254622830
33531261543823
34075159708557
43850785233946
38037366175669
47343572878737
34713025393225
34587354835022
24493219733565
19222387497480
15314999236521
48773000813312
48969187845968
27461453288436
36537887414185
39114854533491
44261092355562
34391867935027
50190635288758
46065222923377
43601460708035
41814623325371
47783203432263
35052565778684
34232761837798
47194219908614
22462558785298
18803638042907
38464439718624
43559427527551
33201889924762
52646275528375
44391266486756
38432014020526
25014075431814
29517327517539
44317265936656
29178791671620
22252801668681
35742495286860
52746639281005
49949996204387
28646028796453
38143117138480
51030714373547
47418962013333
50821684214792
37044805275035
36376112045054
23219014186639
38317213807703
44721798937473
37458808851591
43998913407734
38596689169208
31612938643635
50186785898012
22960037324389
33835091072861
25051409233483
31292806730482
34304211728539
41430856513632
32795887379805
52439421786948
32396197251910
27597980037447
23220689212246
39680704025748
49177793451212
27883045525947
14505562665307
33833852060542
38169457609286
38048421307758
39870313608505
50525580307192
40889555883703
48921319176481
50897037277065
48638223869300
46960205096834
42997932398054
40057513074588
44619851689706
41648814750166
27991795195113
24042812473962
51532238910387
12884548863913
50248587153782
41176695895279
36058357369701
42266026277684
51184011149097
38073247588656
43655212604356
44111166685307
46189653758360
41115514179993
49790387312817
46211865506341
51788896127866
16098603338997
45194033075716
18150043336633
50018989940584
34845370887886
30747972704994
46099296696039
45171071088637
47879988893522
19981171347579
37675171225112
52764871211877
42161194970138
20897245606256
42066988216267
48643015932816
51611084203083
42129614778411
46784179582102
47807433606189
40813536700551
45884891360057
52073227637884
48272519949814
40679995593515
48821808679456
40417054841351
39014489785098
26813821933814
48088931078990
24580398608739
48412099358491
25175498993676
50899438094549
39349002419593
45320837788424
40858075956367
25539436310325
27723925967615
37729414087163
52997336137864
41505358622538
41370884868370
53015869627673
35433806389447
40472584211520
39222324823609
28399571958616
38118480812820
44246972324655
36036516101261
28114654306954
16777682325711
53130989487920
41642966430506
32864262488831
35544616484108
46211703393371
48369753524295
45777413635395
35364122583214
40691373437209
47971895237443
41185492461944
29420877963474
51314104861187
36856867748298
30657330021734
31190774625632
32038203922261
52697672277520
43910039183408
30717686661488
36133856669075
33207198349844
39757967589931
35165416724399
47430180688782
27977125180549
42521349160063
17482443106657
35688883183160
49198583603071
48466031766139
21755625212099
30332753464977
37768536324129
49247530682458
47700709289123
37592847750852
42187414276461
42116780192477
29435501127933
37793548164725
32777056903495
48069338422224
52958540366905
44013074548518
42442292541500
42755711066745
34935752149045
43291149354223
46588885246523
47105905605949
41403631301935
36258484125369
41191679425039
19622439048006
49504776358589
49151319937326
50533046536435
41315427189805
26503203109368
49624035233522
34509870984263
47967593845809
16978328146944
43678343903836
35629783656669
39687814379286
49425500980484
37457020106922
47265108291549
48282968413741
38695929861101
50439257138843
42810803340082
50496568602062
35614038737093
51200853896775
29062474394265
39275325146931
38257094769343
38915080273032
50313663872732
34741841995645
50846173924301
46477910867933
51103368939830
12834611916443
47910229561313
49190225163566
51988088947148
34507026525589
39831614589352
46474939322716
37895751438488
40487610431954
25668972296235
31595942845467
42426045869662
30698798077406
35960952812888
51988088947148
32220322563391
52242168578761
50563095090843
32081181807339
40554245745694
48353254877312
47425243348035
43085876394444
16058940074458
51456738011789
52507028430000
38452070771798
11020748922810
49151476988206
48224778881609
52466175235494
47161089720823
46169547050834
14882676829029
29313809703728
31352734937559
9228708902385
51406791475144
49412266522857
33714516614872
49444107871965
49301370262577
46421835856144
39230869219615
48962352176620
29561842546502
48799826643129
49108636733673
37943687129735
52115859700819
50657050871447
44068591464596
52996195507975
26534994500568
44321864083432
44585737489758
44968179941612
29708064445375
51782938929634
34617495314724
39811444688690
51392469993277
34298494241734
22269865081382
42024052840081
13156705010381
46450120722170
42573434544403
47349242237398
48785213498344
49050852824180
45810022955985
28451535382362
35934551993636
52602629025803
52304317323873
42439200453713
40360206493352
42710667513628
22532118291682
38659074975548
43124215055368
37653094520666
29305712372358
47531183142352
31663148688148
52379096367646
33671074975261
40289252582876
52854838162648
43282701789016
25376508147872
44030031126429
48411688745641
50095833093841
44291321058834
51512774869347
34639996431153
39536672610504
46395228805214
35606924269097
38352606832453
34001282756875
41278075833414
47222758830004
38032075666830
34220441579164
18366109929856
39515820138224
47052884361857
44647140881495
49470726104750
39099200612035
22075014291845
37101408760395
44753875300486
35209121138309
49756693846506
32328575045426
9694293049344
51470778133698
38817712164121
44250987506146
50422643967632
33500771466775
50361569701062
18461252571450
49387444843949
50040941135770
17216393619662
16819778499729
26809883274130
42705269438913
51544318943982
40606180206865
24101158433475
42964761873618
50725489493597
22383212165423
41679582872006
43042117379716
28346492900774
16237823136955
42465612797113
44808802703079
45884538576879
28543591783976
40945579330964
44606375602635
52407081720473
44133170702326
31878101720945
37428066796716
52782248690800
24886151720783
35112071510582
41772135691205
49594636520037
50876270909400
46241333272324
49235845044483
40924750388648
20951855204429
34425419595953
35542805601166
22055281000193
39116820799555
26399623254035
37017205909157
26060349966409
52108620106073
52161468105163
25980422606034
42624341986077
42817215739177
46457124227353
51090770309962
37085376506213
37197243301395
33211938079392
47486199356267
48387984294618
38300499009766
41922326239695
42608858755720
22966126278723
39434100333910
29071010799743
29780950867061
40468316105618
40808417953024
43170019934251
33504704434589
29441659229663
50487618914618
53450807513222
44140591944786
35745430843573
53393032895699
44221475625896
36178101999988
47740684172261
50351015106460
31324075335164
13541253128357
52806408473117
28909597497776
49003524934277
38836278139046
31418787816864
51353199176669
40509076962534
52257465232914
26811936438279
29724469753600
27788413348242
50452696993728
20711834072174
48158355582940
49620554882937
51572115808713
44315636656410
46883371727515
34220176189483
27892971356058
23061737559286
23512049811279
31799220874523
47176751775679
49917415913272
48439202524991
39169266454491
26390164277705
48368002003553
48891720075972
27455924271876
27979608550333
48772361997101
20282816801724
39840933583717
35975563456770
11150977349191
31348948090523
21053526805400
28224740461050
44537039853754
15980693814423
47267227740435
37130797387844
36763160333464
27430643311840
50900987201536
36097480615155
24743025299499
49111535162141
9067580942888
43779608396869
19421158156035
14216050705936
41412456731411
43383937947436
32909820421900
45474695911910
48958117173747
41702912354001
49433577370360
46559104824659
42128251151023
50800849204102
49576112224059
52446186942574
23227715572037
42096781313045
51179167965089
52892289751859
36466022060953
41094585203893
50493497318081
27542095119230
41590528455612
41841297762289
44851946719017
36944106179908
39784639872013
36613851323324
48406857936514
39875018895607
38180779611026
31513102087032
26928283684460
36622057881724
46392075457053
49324157522773
49477285286531
38154988849218
48506742881386
44641334873403
35479055184261
23010313214243
49518945105762
40069375459687
39525908339237
53496310711622
32613886627682
31809246721285
45840467792279
36027172915290
21621007194030
35699552204656
29060460919530
29182873467664
31255266638388
48531096127331
30024701525103
33926888863822
53496310711622
40136590573570
52657614686709
29090024163377
28520530757865
51042398183846
52295688438974
33831143763318
36214146596161
47881039844584
21546111311738
35698440632566
48246183590829
52996195507975
37891299543036
33592270608191
29997612145893
51232691939603
34529592076963
36985996512753
45977938524454
45834801743625
45349723460532
47344421128873
48239617215988
38570010906011
45844407964097
16974203757596
52703515224031
43262301487889
29145046237304
49373571185719
51543726634130
53496310711622
46384681642398
28004068139619
45568162768784
33359135196111
44862547452386
45751637294374
37236985118437
47064056816797
26156495249629
39613765242598
53048683783697
34034430531359
15741976479105
27373623759465
35412224767574
28533334937365
51521125105302
44060960531866
11945610789626
30138069027834
50636999415467
35071356611303
34634270346266
28299180313959
44013758537791
39053447676879
53496310711622
44234704646188
45075957810644
30446824272116
53223360077080
42407693341888
44577844247738
49136030941413
33013286296258
48057812126208
35979716146713
49133765387022
25144669855393
52117765668871
40284759577940
35294900405753
40052704232700
30298074098869
51170566977824
27279494615721
30904840206234
45833263400663
51011896960393
45665132390308
26595287637358
50559038796970
45614870625608
40012091908986
53107911756657
32111973421882
47663347688142
45638781118019
48445894296646
30298565193885
13444451752331
51744096061790
38944848283498
25359492597149
52826305915197
38548753380498
45113378093420
44308686440450
34736008810685
42209266098548
46177436509044
35938454880302
34380933283708
22905373519599
42309728853616
44018145493012
40839540046647
42482243356770
15599412406173
53213743968979
18331063737165
50979263999124
42066134778689
21562777471310
44940554176279
39000739619466
29417844124592
17776288310433
53058888965959
24493994823609
20108589857064
36602006767336
38795011389826
49226720860742
37092963731357
33621649720094
25935794051279
29434764229742
44928670610575
52664267838269
53496310711622
52558734021412
53237917053014
41347664676508
51664459944449
53007620382590
35143548539273
52911855000821
48232067516136
40874823501257
44148539683104
51020944099957
42215665845751
42090259091318
46111493716800
49992709798646
51397243746821
35220050108260
50210875544011
51796423029362
46540932061611
46458377888750
50059331393300
30398840574404
51078681294188
45766509683507
47374147021072
24556692656123
35255507658371
50047871732425
46041614975563
40746400085666
40333063079799
37831689908728
32007729719014
44141837194937
48804014508598
50681634423169
33712940609171
52729606505050
50159380632814
45162368740212
39775765710455
45124601400420
40588413289602
48391130719841
48265032940492
34541402848808
40931200725395
50249370574853
34910722453259
46331628655908
52238723023681
42818848893544
29667420372664
50201469784891
45641004568063
33811206643287
35242460414522
39395214410812
28856990888478
28593831687163
45564296400192
43116840381125
30645137789238
34276119188086
52562477094222
34624106978530
26207992414954
51973190493915
28110250142516
52909696162943
38430521126461
42768937452843
36018191848102
37265046440167
53319556013163
30151672322024
34273333435383
47336847468817
45829640962978
52773289645284
48713899795227
51024933808369
17392603520569
45356576240923
49324157522773
33663171186631
20058714616237
31850807796191
25165349042478
42893553540720
42173577179789
40586259825246
49770340518370
47199716034109
27767320499653
14025632903675
15806073612000
49305111744560
14747655975078
49421034174203
34903863686855
34914788402308
49591950727280
32645160306975
31126932207623
44200573120113
48362357068554
39821399041688
43397559547878
37328257266352
48373770354033
49496175394226
33283706905057
36643024562717
30962418203089
35498461102714
53316752272599
38025673119836
22596978755875
50401027750092
48565773931954
27440320762462
52565154997631
47246875966505
39560192714201
41479275044963
22125761736185
43595572213274
49553576707538
45749081968312
50012813285657
38086778954349
48930685367157
51149918410974
52843711217312
50801428294770
41070818485034
44268537597952
45694632823263
32589008616539
16412474830540
49409179055532
45674554834099
49478239507237
41692071537473
51282297620202
41707102759080
43586782363752
50172128127408
36513594548126
46655024342786
34447090754911
36519882722237
45029304170960
21656572926758
11238137669789
8691634211448
19354764321701
37743516555999
31667328056216
46515727421231
23001658998025
50753059239835
48997843922029
30111345673237
44289527117798
35410870829779
49177695245534
33638819560932
29197692174354
39001941692745
14607881919311
10557669367823
28483821915736
29891373205578
22606346043774
49669196312555
39603909446537
45489892610982
31413049044305
40431010142382
32161254880589
43749858060979
28227855518824
43969317496805
33417526536842
10295605963460
44422632821019
37738264006195
42424004191967
33468745485754
42870337576885
53066495458898
25833555559493
37850044301195
45942641247579
27211983648014
27970065651962
41188757007180
42728579036901
50211230630043
37479221594139
47180059065134
33859413243462
47109231632928
45917887546265
34478099353215
49623341307640
53337664516449
33876480010351
44605921226373
21231552693102
52406541297738
48107283718017
40557471340861
41655544224578
16322878090236
31567230460107
52078790119816
40518132095188
52920860097504
53433963641819
51981207903216
23975838805837
51671280553760
38587574104609
33041966917486
50755560364659
46908317910637
48571208178088
42748190216101
48224856059679
49196010012628
16564352069867
46916216080305
27590118901835
37196038003351
48705515158944
47991494767077
38104599949957
52471832547877
22653172850690
36225675867353
50664229312690
42440102236154
27163294132187
44784467460948
44161491247418
49197675315321
17845789230007
42267815711574
44959701317238
47092716616413
47862281131181
37735299830815
39884960077185
44326443236423
39785465683970
50838024626181
46859366409236
34633576440508
40455957259148
43038168761216
38741179924878
50716081642682
33750103048139
40720693758460
30491927691824
30817922584523
38271119331295
35090170236328
25349299726864
53010330920314
26592341738290
31988250353576
34283550992842
51274755036094
53496310711622
41945571907374
48986636892546
40282599452374
29755784549433
34665538786541
45302972786425
38910933500212
37635405726485
27880437453463
30722589262043
25453713208771
45378870197571
48670225128264
50170015795532
46203419880569
53354493207201
49923548232531
47104777283716
49025051058618
20762241171572
38471550075743
51763914795914
47680780271044
37086507782378
50960637013200
50299581639973
34033708739608
38925991041568
41982527050686
51555551063260
23790966792080
45882596945528
44829542726569
41192819938998
30751621668593
48303072947354
40629716100499
48438952853900
39081630412326
48994902251434
38466803408512
44946585282235
46085124944387
13086357252976
30143513700793
51448385548756
33329998500889
52353839879988
28639313589849
39541711587964
35057478971791
52800753696324
40459631566868
46363455913683
30046309770743
41192737490175
48096313167556
40311118591331
44670771782087
43758834242811
53387095990855
52187845682497
31277013725184
45520159389433
47989751868431
46124940940340
26342849052180
52789520085580
21056621656147
18397728094908
32786727366201
42000100599863
46601737122612
37031136127976
38422474334148
51227480764348
37076572505502
28093214595956
29369275412489
52268556121475
20399743265105
47502209577528
51090785706349
43299986387856
36898227162479
47571713562463
25474873810171
47614910920483
26083956964545
36382530103939
49609052039884
39537244218780
51072383202695
49777300193241
52012637495677
52273498003916
42991461608439
48905968497340
51499405384317
51854508015118
34403934105153
30572850765587
45057165505017
42209336764667
16506497348101
53496310711622
38737855994820
24328765674133
26855099520511
28149774847423
52681172854667
53450807513222
48975710177811
37439239819970
49589162983878
48326461250825
35168263051278
39195935109477
25464921501833
30877827296715
43938158384508
44384797650403
32978231822797
48830445158724
47723518287808
49386036991613
40798090571254
53496310711622
28838689338049
45729515594349
39587157580659
33369379717625
40821377923248
38325228992386
50119499441905
51024012126263
29166573431519
50009214617868
37078111015600
46325729280676
47996675681348
48077795943192
47712034594354
46411051820894
39305631879404
18838543106799
28093723321468
35928403545627
38947343807222
34668322735079
50053921383958
41350229694407
51657830811398
40259763963598
34639426472424
25440223378008
21216115482300
19216413713480
45841434524756
50714651383880
44798031618236
51385882492731
49490420860464
45955420674671
41872742248854
49692636540550
32855517877517
37191891680344
51960380368873
51792005808010
34100585900356
49957622973543
22800034377844
50016951509055
23678425092357
40547405594677
31149603888521
44883977332490
27806155043802
50357811822732
32090122815349
36005810478823
43210724963927
21486472137296
48000186101448
24883588016738
31202842324590
33839488144240
47783441704569
17028673206366
35532609109138
38359957251950
46532901739783
38320539802077
41462194616641
33041215288917
43198100873127
37977269764116
28158583571177
38464380400140
47811909052840
34253984795709
39180713800900
45346136795086
45804941648406
42901097977480
27439877800959
38482479470366
30360187227634
40058313268461
22656195653248
29894637287371
37143948848313
45418917861869
42743693695137
37423434138759
39872248743736
10889095716260
45162336635387
28337330914526
39248991665459
17060923313015
26617313221900
44239727101590
25913872052453
27066939006467
35663123566088
45087199597048
29282217428319
52184248738612
50282046679093
46908004539059
46825123351642
26215877707627
44513840255684
44999544291633
38683276189430
43405003646867
24250337483237
43999377893486
38845319187677
33530275667477
49368492915368
45810733978548
22229854713316
31841717297462
41363989727436
44026024031261
48013855676197
41090297959409
24299547903787
41761825928357
50313554914074
25997944369584
28843231947404
48708972093257
48105896638883
39627895227012
36702189303895
53479459672619
44785384690133
35804544199791
20828555371866
47207638464388
19530263079473
33805406885801
51281429811798
51074526941301
49550573158365
36252598886659
51178063703651
35326791774472
52600445787637
34457612958361
51375315951634
41508846230886
6265006548461
49901963234427
38211203269920
31508302577145
45604828291479
14537381388143
22972276690530
40500838620547
34706605821313
48654182629896
49594636520037
44830085296255
53479459672619
21063795724643
39312446913778
29544105478147
31602123034197
31346399524922
28123556269830
53072192654894
51077515399107
26545558175566
13825536129385
49290271849866
45240214382981
51696188377242
41103251300878
49266532169966
53311441346138
41058000549707
35324614053758
46305021301675
23740636952504
32917677294844
50448546163072
44938607344143
40211097063154
49198583603071
31611360210296
51657251765493
44604457399553
37433099764896
48223981441993
34066498489606
30399537908979
28246723155980
47380329165911
30025788254121
26533474159221
42075162931583
38546260680001
42408211161177
53393032895699
50775653999560
34939423302521
35161227446016
44015484154397
50148321545389
35103994110268
45080800605865
47791625040473
21221137965836
43731838562851
50731653489733
33097083913182
47813010842050
30591931753522
52047512672187
33447263279768
38492203336245
45011443010342
36974416067712
51393009559930
48405426208926
46543054625678
53119766526738
49712065822050
43798696366311
38471746902074
27511823076189
50448312703495
46291532208618
23328959647265
34933004031738
35929717787646
3646937063941
22968111067764
49013007066657
50522125021764
53433963641819
41073655814517
51512527333809
41082992765412
49504675644516
34423995472181
49026653340667
35266220769153
22875021778421
43590843344665
46488494773681
50154346919513
23056036314284
53055267812398
46518883415553
23221572258414
52562070132515
38477424623679
48567045262441
26568689629725
44172962794583
53055267812398
27320333814581
50211499768061
44108648902223
46163067843824
48396036396574
51739813243178
40597998058367
44304147833393
45069630669792
41032738212607
17419077255119
39165107396556
35584555700713
44356939490863
41100405906617
14579448769321
38870955426448
46482289014060
22775757362694
50677197188901
45088721547238
31607312250937
33120722598719
16226930330625
36679817371256
49598753451584
45761815574768
27890193589998
11674779160564
39073032708153
18769000796071
17934650743327
37277533981678
48921413458503
28740515734166
28279889348616
51779722451902
24123545953320
29198032333748
38008764440685
48213668343614
36138608263253
39275592571396
31503071929152
51646320073076
49553460662028
25366989259273
52694014858505
46366653446393
52144581137411
48131950075196
53009952577863
49521253644402
49159516964525
45499956015862
44521121128987
42971920072681
31423139769821
47541985368968
50991838129427
25536708268112
42894222570247
35117658583591
33805072260565
48509187187894
51512774869347
49985008222298
3940269333378
26184099541279
42116252861261
52071510854254
38134989027621
30691104218793
32530063165064
52307658140621
13158143632026
45585202054661
50667745132887
49823344734878
43938883227624
31833250119667
28903772446828
22398378641718
47841114315600
50432040856920
53433963641819
50563095090843
36990593255085
50589241652085
17006856660887
51987431641703
48249028458705
46771414352198
46452454870367
50497911213100
52119326770785
49853153874005
21747030032148
39377299125394
36264234525994
31144299556282
45348027237719
38580956141405
52155120762491
48194777949763
47266695140867
41237238181582
47718057790261
31436890996033
52482870815498
47724639608918
14591970867139
44020682809125
52723826238712
13448879526341
45701756461833
39920662417976
13071551417474
49788089308025
47027406181009
46763588903818
31370249666838
40888196914250
42614878382047
31284218571914
48259507656379
37481835169739
37664459720059
40504912436580
41472300656702
52406038884224
14089103747610
34751430074745
29006282049171
51884457321731
49221447828321
41927477015418
45011527532626
48440044513616
48452545688749
35441284030348
49187061516842
53375454173153
32673041043031
49684862414767
44434631848851
26404755140003
50912517998174
40001824216019
53366796118887
52448291339509
38607309706107
43708723620865
42122196148956
50936246993824
53092957316720
39699481603519
37280691028758
22533625010899
33363945578924
42960583504794
35982272674641
46315868785621
24816388541385
36015535690977
46277835730784
51979542563582
50850111065121
46906272400966
41139872508789
45204187170472
45206766554328
38093669658693
25499689924150
45965243418296
51298624059145
34671412920100
45304058613335
48114625616751
37648756171942
48839045885020
49243580855459
18647137244277
41823829939419
51921015783779
47915355220372
47735088310524
43800348044535
48071941117082
47731036013528
40023805618781
46316901902958
42392845056780
18347963190727
47549513046507
35564647268924
32978816168766
37209512334818
52089270172170
30703816021790
47356038519254
27081430395774
18234297547396
51845365803858
33554487013242
33096946147289
30923529718971
49961067659953
34742509338244
32125617092803
39461190326305
51032726127611
40594040976500
30635111679477
53013711679648
40732733169915
29292649565725
32813997558978
45465922967350
49051415603655
52602629025803
24715575250367
48370062349126
46746142674883
34276661964994
28443383329680
43829760723989
50383522530522
28287008677869
48668547076112
49616962392488
39353354397004
43287233293467
16148307270576
47744596642555
42201168187193
21469767601154
42554059295237
46716410406018
45387243716252
17820153578089
37540065702530
40846761499928
53196194784298
30792641824067
33065033124773
49252094903198
23418836332019
35781197508162
44839188926268
48146940488056
45421230205318
42446355357912
33214718066779
52139682308858
29678866960869
49484272073508
52354123613404
44497451300395
26549351640758
24715548907100
52279341270705
51843285864567
47307396192770
53072646169604
31441465149982
36610074064467
34315551578169
50631587116637
46111493716800
48327454746527
49038062903089
39517037601363
18760675552659
24782502247802
34067788799990
30662677096613
50674248345471
19477636783686
42392845056780
45604895624102
49736293230746
35886828972790
43654074467082
48599261187327
34712528054263
53392288822787
36242490732957
33809466114846
48909668242696
45500434253451
49878822703303
44213760102348
52068773714311
45948096729178
47995937672126
52341587218204
33552379142131
51120618170365
27744408870740
51179489996220
42923292128834
20236300193823
53066495458898
24047515146960
52589892693221
40086379293693
43034525440546
27675224448393
36260853189434
40864091501754
52955231837475
49676706519520
36301067573125
34110344065370
48910805815285
37684488574701
52209180732070
50175019094527
50463586860035
47119132124752
32663364636374
44037609161003
25976652563345
46283542503772
27242993484451
43472902902615
16911657600641
41249176224711
19781405144908
46183866326836
26942343141129
49182833954478
40543172259087
32682697665183
46992787213306
37271507415563
49320440960868
45764423148770
38232693885630
41380343676179
49152044932390
48637029862167
41781193289990
53292608169788
24904088387965
45161592463481
36410672880428
43365880244801
19386622811376
42964248401322
47262098577263
41803982752039
44604061157243
40743716575692
48568226047830
52215457490789
46383606412346
50771596682261
42605660442059
52561058445611
48367229076572
25554812475317
41491844384101
40764107438525
29184835710118
45346136235250
53072192654894
46182778308909
32158501740094
42042354294480
41400427191122
44019061877756
15538149580206
46032843771505
42842619100001
51122156081180
51725467777813
44750887327205
51573972106872
49469996867119
39361662364146
37929408136566
39398745323830
43841678352015
20988418570350
53072646169604
41570435935186
51873536433386
49280516532906
29981250016291
50731404152452
38411220092097
9681294283524
37614683750746
43044994410192
42326010322231
43277660653493
39687176763305
53017632873028
43185630629375
48596020567240
29901615259134
41147704208821
51827519781520
27197060867537
46421332730433
45870390075106
47038758489418
15983755516161
44515237304281
50543570348744
36289777242752
34560312497132
14861845366646
31206358094566
51551686223625
49864631012899
40508336148660
45912192160416
33717295405335
21888269124568
53139754400189
34018274291366
45083736440025
48530909007370
45808186148054
22140147664069
31922081541475
52242168578761
52793589489508
39678005975240
22230241425772
43284291192900
23933983945471
17605067955869
38202123346026
49312621389025
37301710931767
52523451267938
50660355982669
49893471960963
42842619100001
37835356819894
39266954025639
33782217790295
49542206196723
31460206822077
48590247033258
48110672753630
34796224878904
51515400550910
34046304257709
41799903010290
42856303200871
44235878743230
40848916750071
43568268297229
53450807513222
42582687213754
52445620578699
10698804275433
52589100210146
40728197784847
22543889039074
49757975948360
45446990023417
39281971901099
30684447272457
53196687356067
48331789637433
19774228163295
33771796504094
43380247285403
39210132404732
43955255675193
52287374560281
48103543641217
29255874963749
49056619724653
17706700731597
25806642532384
48476070717875
48928219836570
39818897111201
29729040713386
45532487937941
52061429084446
47382007490473
48780012256956
47951932388971
29469214695305
35942394104001
38104594881375
26937673445961
51991290811877
47262940012313
40701313235200
50612354032588
37386778968245
47396032833724
25499843113679
47941423604213
48133131979623
48194061769875
11383315350323
46961753196053
48514557948070
40594369006363
49624035233522
47222077920552
52675473393377
46720154139485
41349216881514
52772924104726
39580759730230
44377895215628
24749342101623
37577093281075
31306840218994
17673340331200
49212359551709
36366448621958
32159959787690
32508405044728
40733800322182
51329977411010
40333680774689
37146225888364
39751551204283
36134018243275
40707320813391
44044472414053
45311798073692
45522070596376
49079724006935
50373752351665
37077642244467
52144581137411
42290513117550
48685600128350
44180542251623
47252272803913
35147109454897
36480935743161
28846489282847
42501588300947
44872459801606
52269621053511
24695669598112
46421328845130
43629627449674
30486451453114
44074755898291
35253309692796
52828364404924
51620736596992
40666212177451
44777982097544
51460679966756
46804115294161
47121874579931
50118652120798
17533223332134
25312120590258
51910569418379
47639396259975
33356928020830
47112357051792
26478876758624
32021402326097
50328885620785
44350672107569
40308710569855
41930953579418
4454071177694
41458274527258
46394433707284
40819428416671
53433963641819
45439721033036
39651160020901
45257492421987
52194133334774
37171246537244
40954317451977
50092153034778
33266185504721
49605105050466
46707247423181
44531688783951
51452552600231
48240027642110
18781418238675
42118427805234
39585431380368
9898826639637
47812395973322
47181222591943
51779404381023
32178423126077
52108620106073
19982377813090
47803439549349
45879802974835
34344413532569
32086720932521
35399793980362
47419066443896
28596292672067
33517541357162
48984982944367
39353863685275
33462843986999
38455519184887
50450389352948
52245900364311
26011389972766
51396090742810
33036430991426
45010770808700
47417457644610
29234555482462
28581166882971
22061077814364
49675103699273
32547353463513
39143664196868
40134964721196
41001440439731
26868780287479
15267565242092
43000013121101
33929133063652
52859148204196
38797847460842
50207169905694
53319556013163
42201556177840
42853265001515
41907298660005
48071732978682
47327611869350
50994147494340
18602736446248
44096565923689
22250332612493
40227468543019
47618834131058
49372761003097
51700578539514
30828966901079
51207706340047
44899364518366
46851254424347
52529569078571
51971488538503
41711707700650
29134748914388
24834698542801
27817182328360
46367355443832
26343242582694
30434397616545
20474840869622
48571527251170
49251071115572
38104828398738
32586510252057
20092174943970
26177806388953
28864643079195
52122744844683
41281010139762
41419158070371
20481960934745
32218644737804
32323808842973
46187005475298
44000741947440
48982726215315
39803682406448
38465014511239
46551260964822
42073070471317
39565560745436
47076769653365
28354759274286
24053578215296
19969479456192
33080002229546
35333903669342
42463193722272
36096362064825
44299339703517
52456162525902
35001883719648
46605425906758
42582597542753
41619063039498
34518473648973
45572564131055
42831299645757
52790500549408
36868272270476
36168902712848
24623999873693
51464972771031
40194189436511
36932952065149
41424017094122
46281702788958
44351840167661
17121393057196
50993498627131
45831231472576
18709725080667
52993853901925
31854303865658
32353859722774
33797944203265
41476770630855
46943820114458
47734406446839
29788063125478
43456902938514
53050736257503
38664330042427
42755244224860
23437121189184
33003206843537
41625107037733
49813289770042
36876282241702
33526277889500
32170247241822
46549690127562
12891843086602
44849533356091
32493340135160
34915336850573
32766874293311
50036963577888
44029312802439
49432599291310
51311997677667
25159764425308
29939509271640
17002921250857
29804996993313
46834900334908
49854418812982
46168742250178
36106696755457
38924538164842
44101381447473
47912059460873
31850630351221
48317170528066
30497512572869
41652949614453
48014699786588
45481852868618
33821126407116
30755395474931
43008615273494
28339521116927
45639102063244
50979233047024
24666719134139
52021886029903
34326348904302
24567450688002
50011988624576
41254219840004
25027764289297
49626845690261
32969478104465
50432348750796
25252964997543
48279419533776
52177054281523
22553017506265
52598786714780
49126224642091
46236636455084
45979925828243
52869078182644
45647143586164
39809632190714
30576204117399
49718901179425
49605264051755
28017007295105
51923413745697
46195305643303
37831011029374
52094673757503
22230869414036
46960223282489
37190884612743
32884943219701
34817147400903
30242161937739
45219853301216
40277113457248
41962904403102
29237680321130
39639517993854
29914496339558
43902063607650
49823788949033
22036061104800
40998052754281
49216466722634
32471226818005
31718135053956
41505589038106
51661043501870
38072070799438
43826685547262
43953225993799
51667286525167
44533816689394
20403706898733
50078257948071
26719441392026
42413503689724
20439990663668
38629719931340
46230618661261
23247820915645
38130843762751
32945345823095
42387843351838
43842571696056
50018283888155
33826828821679
50053921383958
29944107409801
14755061470724
27423729364880
52120893967167
26320859758017
33620000104279
16299254579159
52129396506084
28402679174348
28493076026178
44245281115661
51761929164755
34166992926433
53145762280485
29909081518815
50192756272494
42469380695492
37008343704575
50085757296542
34765525053098
48516599133357
37337430603446
36706692512594
28005525790147
39002288379669
32603534291506
36254645382514
16898608570898
38573476277876
37525540515377
46136769525359
30286663282042
30918975498765
32034727481018
53409870316262
51263023312893
53407716810567
20475886763824
37365696436684
52793589489508
8416354426305
51534193351378
50768585654865
51463198993945
45061442152266
17158856793881
32858868282017
51328874444047
38595131313441
15577218433969
29640289792677
37603458371223
52076815716204
41059701650999
47493353015858
32273593991596
46416877402934
44793103551192
44303029896902
53092957316720
52570029166568
42527061815976
49079402414077
52438252855789
46359172681320
39523460900599
37158902989409
35114371369431
36992432230559
38968789610683
48408564127931
31878681245282
38044126504954
42686343496649
21000664612936
30697608648042
43245202384596
42866641648501
46303229721878
52572663786236
37778236918769
25717715936552
51426592743091
51679854071503
32856915368681
37940555684089
22954935652749
45114052234860
43976732885092
35833092652325
52213981042095
37911592463664
41127054254469
28526801941706
47887959797852
39724285418770
48376966287899
45312598683119
38011498115276
25008617029531
52137488944566
37871370893454
45942723068896
31099929762633
33455976359790
35867807159162
14924822377998
45490950374977
30602839369386
15671730712969
37760149391150
46350563089713
34678493130200
53450807513222
38598888360827
43843209366883
32537058354771
31630911855869
33517498901357
50917352234948
33416749036034
14055729722359
45610144489351
41518287178329
10280101381646
33955602343523
46496178904648
30805687267934
40133257961589
31036764530731
36343750104260
16609206541867
24283276462827
16924390859963
31332844505678
50470710532701
37824447991327
45788731094330
41399903334626
24670683658361
45351035903610
21634815143839
39760051733545
32939951926055
8921020126062
52815614604761
47644588266834
45583305513576
51334497054630
40807018867815
13750787896538
27715489253077
51216692296438
50114831131520
42524148872170
42927681066610
31500323651380
41775798361254
43579110014815
53337664516449
9098851538218
30600554188773
52391740675838
46119074234000
43059275082680
37898938288812
50170015795532
18274517409446
48482061103781
21166376446278
49923110142212
33851350409720
52914058147351
41261889553188
38252546389576
50733796139747
51519067960616
52832360754083
37246151903651
46091526849447
43900170587030
47095613853225
21859144628645
36524519438607
31389955943484
50562166513046
48164718096293
42425060879762
31517239663840
50074806462090
40552423939213
30280792097274
50449969750235
26873603114819
23717582084094
41620851267698
35317500520072
37810099722449
51341313444036
49605264051755
35144319778819
24291812232878
47766260353111
45821881745294
47025885520875
29411504895162
32598133271745
20573435025277
48335900796925
48958669817436
44720495940215
50949367185344
47042764347974
43502725526343
48249824467621
49868979437362
39086958796027
35463019966152
44284566269471
28931375965019
43148336255590
29834109731406
39717845736018
53113488065598
18472844385902
40133323344176
43248104061724
39554016497453
45360806952710
28640502845178
48838787060069
47840516589721
50821396706459
8017455784717
30588012913062
36665475639601
53261109228750
48882690751498
44182647055266
19013168523976
51906818045873
36496559197623
31450261420151
20066823827338
20249427390222
47718352574049
38160450288401
53124704171208
40490067560723
46552687539896
19402925317700
49402301061577
39400855234147
35255507658371
40090882298999
41514788255611
38439592593512
51341646833222
50811745048014
43526727592210
29076598875548
41117590739753
15314049358060
53349221715180
36268885716245
44166300409273
34851063709383
49461077133766
32067026262207
52473425316724
44930110391397
34034690790559
37530118524778
53375454173153
52776849484774
44223603205472
41575265130706
23063755129555
50092153034778
44810673535750
26324183817036
44018710807995
35119055768097
48464869716822
53261109228750
51603406586378
40415416415037
45920018811356
52076815716204
49413813024494
36010587616241
35808482894602
51175507875444
45698415238114
39275450742916
47158431795279
41958762272669
53453201669767
46641675492654
46722520691609
41575469281087
28832431689714
42996529013026
30088850517683
37003474539262
29865258839769
46611436136266
25584777217933
49747847604615
35996785377252
46567293444469
32837793868274
47480887455252
48941194821526
35983381422275
39445269085156
38649876329072
48399008706421
25504577755638
49833797856879
27811232692458
39661726287523
29035255614096
49847009207814
22616893370188
52146924060382
34442866068519
37890342584103
9021756572271
51191811446201
29838769570373
20531072415774
24714660659675
31692688780642
34337164607470
44738155990949
50772546652740
23158518046860
38170249288662
51917824787941
32664488008234
46055217782532
50554116706650
48704370530230
43386371354476
51174689440516
53178352041918
37596443997399
47051112295584
45894864297118
39769012309700
37917064141601
31157168132287
50515528540264
37496700882318
46647650245162
51826430467834
37712838124477
48582608772122
41361989128481
31238885745999
43346992142182
34257269987275
44674657413435
51227379663558
45277852404802
31654471632629
51013234508393
23832492437143
44419614596328
36828443368195
33866661766265
30072918989630
35566014254881
31297440800714
40650728359153
45546337708585
38911480583795
41878978632393
42986371155746
51158259527319
49755776366401
52878456782617
22708386566306
52230327709223
30499827134708
17959073344743
48701850747853
18023863334871
45163099520198
21061882739684
48420150520698
47123377273996
48824496634767
27554197238149
51811117704917
42457813570504
39806480551518
39087428728793
39968290308367
39954059801227
41300892056110
48960160771715
34770379363526
52194133334774
48836431460274
41957035528369
32394960885689
52671397801699
30633124200950
36244628082520
28158968910580
16697189547128
50937602647621
32909389608617
53145762280485
38335386343772
47692114700231
34195800309605
47505817421597
37677700315015
49349426756263
24685268426999
48517578826317
37753759218151
44932606236412
31743549091862
53057180461222
44528350750247
50078526106280
50801577610529
50408748013537
50455679092302
33871444022765
47228814258930
30101993761456
49081684717179
43299796448142
43751115783042
42908323594579
24152417546343
37169918080455
42728692209374
51467839383651
49325938985022
41046580886356
51489169555108
48573492603860
37575519569136
38891704117864
44357132957801
40048177802839
44111693175064
52395990056476
51938941790711
38888140490197
47626033594972
46162980914941
51204321986006
46359172681320
38402034112810
44923924297061
47340638434305
47219702250142
52434615091927
38236391830388
45847819615921
32543682784916
46789636094152
39376322243264
46702891340211
44096011974840
51568074455502
47772196791204
52439421786948
44477586895495
51402785355154
35345478352454
26327391529112
49172352961071
11291672500320
32364907583154
48589078957979
44942373547940
51259435496009
52248397619362
45903207096433
24656883301049
31422911775071
34614997117330
5750499593508
25346329382313
53074802322274
51112522604087
35933204056594
26875107971566
30967862648892
43506247700379
30584016342491
29147463563872
33490536302393
23106544411419
45775439994682
51581908620465
49951738680337
37003352379399
29860193270836
24963765350276
44703217415899
41421836173708
23068743227794
25584600840317
22040540621955
21387652424002
50419629310928
49258904842742
40235979913566
50484271939497
51464724174581
44798031618236
49684862414767
41418695849795
52570029166568
33141426968789
48793973730377
23637890093175
53309429753213
22305091667748
48709423457054
47996238373171
11149455691572
47155509188077
36726031829732
42560110931760
53096068881103
24244718501478
49224309140136
46018761826642
43427905638083
49833067134554
18711430657530
24743659299138
49817650152248
36142080345866
47348949467681
50769225830551
21510673220227
36384812634635
41470376365696
50105719613130
27982311214460
45687891759180
19009378739540
48788826389159
47675041552346
39600085264748
44894419302326
8288896136646
21277978456139
33683532743642
46096663897186
19657181542945
40785821044284
25199867294902
48183378371353
36841598018622
32017213664249
36688578977663
44105906692996
38720631113441
46265087030246
45798208224518
33667397332624
53092957316720
47238350094431
47241083100940
47310299751698
35567394427990
34551620786315
31116447574522
34839217995917
50897713501619
51011148696574
50189894557795
51951108602149
40623561363299
50328286326978
25428635155917
53450807513222
49618301854841
46898424589596
49621635672237
47597408579707
29806758011065
22450664643291
48888663652171
44043327319369
37191315861847
43170983494220
51761439700658
53407716810567
42837857771032
36444558590263
44238595672586
42417897646565
52260122736656
48849103249648
35991803077313
49998403318138
39318176785345
53211718414521
45119875928937
28950258624012
43489747723458
34649177637726
32778797157295
44647382890534
26973460908039
29951572942122
51362429308037
53157478930140
22160846105241
19713051716339
24883311643823
52353145810731
28975153408681
33802240996955
43555097011163
26464921114461
41163886812257
23526128317840
33045540705250
51582567975397
28611405861365
23256529262566
34797627613846
29488585422703
43094164664517
50688406882690
37638360769950
43786462104136
46967582056045
48464869716822
42447265483332
44455765779895
49827199448246
20984236280923
52098210417676
51507272737398
31312378040834
44472354354967
30300568245981
53319556013163
37757104672989
35533891933339
39984461187796
23678489490764
40208567592477
30006672552256
27735249630406
17139502818380
47704056922096
34478182791863
49808214908057
18672602855829
40815388999157
51648351452256
40840216799777
32514985261165
45825153946129
48835008554486
45280818301466
43456062294796
46684232038634
44990643370343
38957994108508
34772789287099
52600445787637
32413668773490
51791726926297
23119468776957
10734957901980
19652715805137
32346628277163
29361156888159
48153334177613
22344563872889
46983977101572
50734260005257
46420576935478
53223360077080
50058635256360
47869106212574
10372791422401
49168003666160
45074269481330
45551151963030
47584528319265
42622896870495
48047662902736
50391145473832
52194133334774
43930410639607
25806235978753
34342588352940
46610664584136
37098881544124
48630120184200
38145501961128
46045917731409
53283180386424
43315872385753
44509844614519
52134363041269
46012094711745
49176940637637
48928219836570
38663392864817
51947061125217
27821096270775
20782742784103
33111913171560
40553810269121
52289287194306
47637830321178
46789636094152
48017844028095
34359785727556
23539104610939
31011265821533
32305721815040
42593164605573
51763914795914
31787801424592
49072582811459
49594636520037
52929102590157
43606362261029
45898311436922
53453201669767
50027342489244
51000162741667
20314666527885
33727396240805
47222425859256
52212957715679
42548091624103
21443377370042
41063308665524
45176557078538
37953852505802
22791305606931
34992838676078
39797446423343
31446173706603
35549803409195
38010076963473
22692827751755
35682735851772
41612211567317
43393992819260
47395079107850
30878437396591
15906819098730
42323700663173
49712746754795
41114492282667
44436731495228
45606408120806
20823223803903
37132363300427
19721748271274
39009458563946
49078616121889
39125927033744
19439821836713
38446737756659
42756919731620
26764597046314
48197501425772
43064185720417
10569827261641
31436644262022
30673239328401
44282333504863
41592206350952
22551667099265
16824138314668
50133083101083
40353143463935
48132214987613
30596180000657
50771596682261
51204321986006
52664267838269
36505268925734
43016760073957
48545381186597
38098549513577
42554843996652
47864467175339
32462730215936
41525004271291
51256225253629
50396769915343
47252673097113
30665898360116
38002597510460
36828529298366
43874972120818
34698817180364
12001473261642
29604207009732
45487470897592
48067757983045
31499674185029
48817840633527
42085915165490
30197578840924
47885851386634
50823612669418
40858603109463
46049716040715
49266532169966
51601735251843
