70053218106913
57433044106371
73699687607529
67879554618803
68019355185831
61227999185430
67180496526669
63510210276529
19592265511038
70547615657324
40579240381671
64497900825028
26736212820203
57302765511359
62264979712789
71543080514962
70150897897270
50762432428927
74991429716778
75106776160040
43618298459221
72880698557409
75362932880220
36681141049513
71911056313120
25534467418135
46483741526119
48946957962025
45731166606979
60554696669237
73225379016561
69769009931570
61582217950992
60381348225160
34112230462376
73693502331027
75095600941479
71245615635096
58274295520224
56352531573896
55803881106353
67780665651201
48660666245598
50490794569696
47557615094636
75087385755351
38828651656262
73940598145837
42865530346154
69920710622344
67628191540428
24639553492454
20755379944625
41149315325948
49068937647457
49619855109064
44974229272483
66744983160682
71461000791482
73248763998551
38055781808626
64424917178823
70173060156472
30182900499797
63054015940714
73757373492627
13170090195186
75354621605497
66060247238572
48627021900292
35398913789562
59546825595222
56468525989284
42948853302800
37373070652906
62904140074601
38161850449389
67530365772690
46832351522519
37171987880957
70210046885423
53607391852916
31529348465201
52499649956713
67752334402592
70324218346709
51624811302095
49804575067573
55270470573183
67651774621367
72185058609489
67945246968071
55221965870708
68648267985811
21584687500625
66190756525030
43263568017929
35464990221897
36164265985894
69130542406915
29293013858597
75432466774078
44920297870304
64326759302030
73908963676076
45862417777564
69138345562490
56824619588381
48114254176044
48580538494454
44472208028462
51062046477327
72738647244890
34958978867931
66480718688360
41425062627968
74390695833645
45547885983488
49534491031613
49227097102941
46212429255294
67980416761222
62246445820185
34141724064282
47648587332211
52012509153541
73659662891482
67680990722610
53525421812275
69689906117851
15440636764383
50242786594816
72666476436206
66231221004682
63937888014879
62586545917323
47474119112309
31442583368726
40198043928814
51527905213050
63342154893024
38050150742236
53696558145621
60198633803460
75600600335856
50786869721497
67985536145318
68610756990071
30563030624392
48948253572199
51769300524109
68693537627889
50269105341997
72685460750843
68764181967329
60831401988108
56024518804641
44029329886554
54233144042957
72025532826789
28793141784522
49915296367008
59219650232272
62943520503666
70623465093272
47932565202348
65166635048859
38828428408924
24839190931989
67378904770056
74832297181405
67308251300118
49472332809884
68105672362499
41323028432048
71062874894916
73391213468438
63378466307396
66787480985909
51753421096137
72807403098981
71429990458450
32606779441685
69670969893338
71287841736361
42183839232975
62828756986927
73103601819611
48177305213817
57542611127944
47925626677117
47110606724537
42923093086472
69865077341528
29560642159847
52552127974126
69640421246896
73699641495713
62946476558876
34523745950753
40394100152594
73774856241141
72486658753373
51940534769903
42120002272032
47171030548434
26031378222788
65224985624805
73762016483473
64556807912594
55210054216492
45790347762904
45246426136600
63311743893826
49484757202004
52976462878724
74330910843961
67745955444163
36994334078667
61615104662667
50409086914011
72153753314388
75664868497554
59848388491252
52597999476493
73613254647754
65214403530237
71108674994280
72567264961187
67920256544832
73736444254017
62004570230236
73280493429650
66481734653748
59417235363441
43776184314817
40794813310243
64489274876947
68284943749395
74100924635481
46130661559062
64182024797605
53772203134125
44902493894519
19120434521942
28887437700624
66763817841580
64031978441620
71968357223229
71106262714333
65570453435064
66185653612144
68891904094360
37447566280731
74486415424681
61540375820085
30807690242034
66887118421903
56029793493219
64514386540386
65593386402971
63271127303993
75713385919235
51999156561843
24762717596721
53242037754414
61989925151775
61440906881676
53131616523241
56728233034462
71232234406403
73832529959844
64070135985321
75015855193877
17710123145478
31715530413474
69414239391686
57249960911340
67690811039449
52073372595454
70714701894153
52286916335784
63336024510752
59174255536187
68271024332644
75765559149725
73065151071487
51062638574218
63643066801427
63039768625806
73916728300033
74746410216771
70416232076300
64928428724167
24775764716333
54886276623752
57690186973974
23938691791921
27614161756393
55654254534590
73731213584058
75307301997067
71486357298059
73108199762968
44974956675255
64648424176575
28587885698454
49610756320361
61169170510490
40368970896203
72465380869600
39273224167255
9475438093314
56523392102484
40999916001858
67489488963347
72088574616448
71421927351416
47827590556237
68227072077746
51616682926579
67848473259223
70473027633739
65573363451124
31714639266937
59233253650027
43243933100763
57067911906262
52637162639673
63772626943489
45064398175442
63963230805758
39858401263529
39313104005641
35613607426591
51040398363631
59563246556673
67698681420082
53379072399742
36689859712913
62296652935393
75637189090331
66717815743052
25021283299641
44598016165520
71689129316755
49484880175976
47807980254297
74940324750048
72004700516114
18488319541110
61702229614905
66229427922877
61054748879624
34596767550782
67573806111708
59390843976861
48850917233678
65066966113859
73003180078782
67046701826208
60105062478256
74079162661819
64089860155679
69616529975265
59386842725576
33657005357444
24469184403276
72313853675225
66563801417193
61195359912021
49258032550627
56642392971045
50754008225801
74026408416186
53491467933965
41187403378987
72697768315276
75236475114772
61859621365379
62191669809342
72063374481067
60040815228173
72588714027322
44927065662335
62768586574606
55502487249123
72900114795671
69405370255620
72939601486296
61658179742888
48556829587309
75550192092156
57364931518020
54480375435837
60077024736455
67050406209032
69947280610150
72032437928089
31071337486685
62184828616779
25216772648832
53429841129009
74640337122306
65999008437596
49068937647457
75234644435966
75423402153070
54311358305214
30053900737013
66250532527398
46178653865667
41620687134792
73713477698779
48166785800606
67006248074268
74275169917697
62701435838172
54693996604679
75510326144320
35137259305390
72010956211479
75394269906468
63064510011203
69186614415964
31101038785203
56506036868284
38092661226590
66484349221175
39758759526182
42749827273621
51107667140915
49770900984355
26950713568096
67419133901988
68349430917923
40012151736180
26612338858744
51005813344646
27204917517787
67344570918249
63053806187696
67274744288036
25979232307614
72917735678455
39429022630017
57058604195155
25961042762095
74790167789471
29157117066855
64599411049667
46388289780773
61093137775075
39590008976098
64699782326816
55603364231647
75300831572416
62138336457413
58812041522802
69530909585655
74210291972453
68323553632797
67705457580052
50399517292286
74131996013616
60263700848133
73302028069680
69298501122964
62504969680116
56913621737021
64964952939869
35538499241354
65864298249073
59578516637532
29227769861788
71715943577449
60120495080372
13390951251819
56892847823638
70077687178266
71426073593245
53468054683786
54838131248129
58794248131917
62916651125106
61371058016429
38381923953837
54093014886629
71002905587410
42539047624140
64798262504206
67107982842716
61449439682933
61841255116168
57765488226802
75301714947176
66118928769515
43873749514107
69764668246027
50228536814512
71819867609184
67914216302933
60824497913104
69891755517839
71717668029865
72282951619881
58475553311443
60279255204549
58834896495781
25670524191382
68206830502026
68174962001443
69076102709687
61513090246073
74308703015737
61083431839689
70400409342992
36833579428748
73453668264320
11162534574942
69107479943431
66190001530385
74485900920659
38145875461321
70937566149168
54288852105864
71264773201327
71469822138765
48871463124419
48749059538483
37847255955508
41908736736069
75100905911125
40332518774752
63231748858262
58603284033448
23209756732173
33541098847201
66690530802653
65558505837325
72863288387804
35137123769015
8013342545629
63525145907152
66005543313250
29339567908427
69181331338318
66679902407588
67485534228977
41386214220601
68446775568117
70284830799299
55889399434687
62791939354366
62820423362673
42931285256687
69850683530636
58190896672730
71217155849325
62244205207666
49099134926817
56211055545756
19281563778445
70162236880056
73842127070475
44077306129270
45823160619969
68087445539865
64263829885836
39391014634701
57335229357623
67473211499928
75307301997067
55701200691181
44745431740519
55073960832976
56292664325614
72101719586268
43533717471252
66395476519967
74613381314159
73978710790102
40977528634192
42652448752910
72254809979869
45697720967620
5774417719386
52660684839157
74567900401140
49116896173706
56435030046152
75352964697880
48628038763225
11490600721406
51128453419565
63211885266976
70617094069814
70067983692338
53326817930725
63047915466810
73991266970856
61780903980614
51978191655541
53717597654723
67873587849107
52266878883863
58711730280748
48613060105014
69052222043862
56471807314357
75501726990142
71086746291706
75513624385806
71062101672946
69983483666751
73005542488272
63081763455285
74287179382861
38624809178114
63247328644697
25328296479843
61226834874011
47763233793055
60195797805691
51517968006029
71314256801166
75591745075316
74684996564451
42150857402176
44590895489151
15115520672876
57785070967166
70205020351364
25375824906517
63067813575965
42190964707232
37514735662608
75689336064455
65294472667885
47061163539937
74163721005337
73300957693865
33510707318910
20731509574013
59601666731102
71751892339479
55159592197015
59458637681439
61867239171716
51566417644566
51619772661300
64749895210971
59396896142514
63953744961464
45992213469814
56767393233103
50185799191327
51679801590931
27145373402723
56362540412370
70362787042773
74142757106831
51493200784429
47016897339835
60161037602267
63432568582819
38774514901483
58930965986070
48433234039677
68480251498819
56933588078685
74067226967936
61895513829148
19058543951767
72325658359615
71200474251932
49486804253830
75602309075355
56811210689107
73973662731902
75462957669910
72776131447185
63087781040475
75765559149725
68525122625724
70772497767280
65887531485086
71834073174391
71023464170656
65614078166773
33186946270289
62035016401995
68624499120006
58131838892049
63472626993167
37177690804450
65037982721785
39800942928477
39285488227793
72960045584138
51826667397916
70691751124470
56774691122116
46472908007550
67605543037256
63940501858704
75354177878518
25151938683307
67019919351810
72788178207058
66300879424564
34558722370128
73652844467228
66189069693830
75072066047040
56950839080607
44254834690298
63893606051948
54620454777526
53457178714599
50688131502827
35939585038164
53885354722874
61328894077274
30900629460225
67006224363744
26647344373048
65672143779779
74273976902507
75058332038680
67419133901988
64550691388727
75410456883750
30765189128705
75285543125736
67399355033398
52487637641518
75010038695225
65569778408261
73046314180479
26707774053376
67449648834468
63246406601359
48109998915893
75372498947085
65255311908541
54728419437678
74502023882245
72403047631646
64019659739644
63429297936509
39339073949279
69722896677195
61015128702364
45178001918619
73486200878535
74014180278740
69011867489127
36082735509129
53258218992672
72961624013026
67768709461610
72933481993981
65191809450766
55388722559756
66915346198656
57947005537353
23967363786701
64796877724948
43272482666037
33903464385771
75182223133384
22148938997118
61020988437720
71598786330718
62979914992419
66376531900183
47509206646157
35794035905583
53062225901125
21387960529726
67679236460962
55111560192152
48817998631462
75602309075355
63865068470254
52269598300571
46551444555714
59298876783816
41566755545969
56644580300247
69990730682301
49983622150837
75052831276820
70197867768993
73230246573017
64727237294492
56217418022692
49878519880824
66469839846555
67726815742265
56539004696962
46791245618532
64428685896420
74461940244235
55194560831783
61633052784138
72842959263825
67634998368782
67375479408630
70863496810246
75121042808684
65277682674706
40014883153421
58838166577935
41835871931481
59574740994852
63151982577335
47011330655349
63040954943273
47736100519930
69473773246310
55870598430885
48977975408800
24179187345432
67708131505974
23402721966453
52472247488521
46283940130256
74640337122306
25957097109054
73273459193824
47666480150252
44961979920307
71101140347981
72282272004253
42842691923985
58197780157135
65977392952553
42847197216219
69686558973560
50398360243852
52837374544269
54264853079178
71396631653715
48996365580908
61645356187128
70579757606725
59260377050916
40646498268377
41469732276226
70491563118941
64242718372081
64596940032409
72396189095901
41906240248470
69960928751936
54456033434097
54140960202778
64729512959943
58571492073553
63390624646776
62715950100267
48267548962834
23428330157002
74799563339701
70413728579576
55662207085779
56068006179431
71539134852294
63576990592675
42161140621953
51664369152808
74014366710512
57800374591549
52816688864582
63454808437726
64953273481566
62795435038642
40092351763175
53126283654961
68152706023855
60622278857453
74344078606270
64371632114975
70493680088703
57828584527045
66421892314429
44282217424863
75641911468955
75664868497554
64269891183263
64712920066073
75444358713126
27730412163869
20976163219083
50296822482180
40518715199268
30533406246277
61928567360458
64804404400088
68543155486665
44981471712347
67486942436296
65125194374752
72851762083508
75491170018441
52908957941614
67361459177691
32636445961664
75082924872874
74035558541132
51189518685252
47923960612154
70263528514552
36082699254417
44317043452022
43799183780878
55560088338699
42992591500571
68804499240583
70069612029558
24630405271580
65969484738689
52380717520136
71124209472260
73427287959579
28393092300334
61239974651963
68192798509494
27733913487555
28997920201026
66944913605259
75004525968824
62534181957714
24561733311176
75094789366580
73713477698779
42303175354950
34229978058104
74521227685969
63104095353407
49725638734637
71972381008345
75161682615084
39626186250513
62365855474275
49903944281138
72302350858696
54026116433422
42761168354812
13881710943773
73098055710873
31595325741853
69601051774853
33964025618185
28835555286997
66742573826508
34821214204760
70503411753315
67102446541198
47064866733417
62265357229404
66555972551008
58799942125488
37332587222331
45896356736574
48895449330117
29988639272287
43661027072024
70086416928529
54654435175989
69082818212242
47754344962794
34950546163560
72923836244416
55748569467892
68408362605398
62154493530822
43956389438371
29945290088382
69568148062491
36512749498053
73966341694202
54025864112038
57243315737931
58898313380422
37295190554416
59063356624393
74664828488711
49454522521951
75035897170664
41416779199487
68061988430293
68256727637137
30810222928125
73230397788428
53515063605822
33980137985212
61271306326936
39504019585296
36819575032241
75227700533452
41169030272976
63109620287103
63699156069179
66851765131901
55175639368148
63654548487419
70951757438546
71255261672504
67173620501481
61987098054021
66406276177312
66512067683538
61377626018784
11595485625177
24497854383079
72553581225595
55922941149577
40336752798111
56401095424426
71101140347981
31977235679811
66172346487835
56316454731507
52255224509151
27998350784376
75518821226741
39479144888955
56406178986550
70892819025456
43690780932150
49729683023147
58243818442860
71435937684184
59396896142514
75641911468955
25370185450533
74350765171733
54611557198425
30671362065921
37444617354247
72731838492001
24541219853011
71438427090301
49677470972225
75214028266516
66477733966354
74832297181405
75042746448411
64613990527768
39922396966480
71542443928035
62669454977931
72004636414109
47605774643188
40710583229172
49402879505332
46253049549559
60747728443741
43527373558853
41699264599189
61628788556390
39019988497635
55007837340170
75600600335856
43960900602563
49553606529047
49204422695794
49819318809545
50189385893849
63298905252950
52443670441365
32262819867167
74334573323810
66753199065685
70241514911329
52194119191829
63004180529363
74140205456233
44999780960460
70729021182027
70157781902207
54638555641806
50725163159952
63375108110556
47735233153775
63937351756937
55165826954875
38509861441395
64156086937665
32028120449752
37955035680995
32639750668685
24155419184338
51464055636710
68362826692551
30852129843252
73937808330788
54256559060118
25589358357438
69918382954981
70951741030360
61310810026828
51908202387649
71935384590770
73885510009121
18339205598009
64866784949821
62523775000015
54663854338336
65665207902679
65545786447339
50069985673226
32836726843684
71441436701913
64779395335772
21684909931287
64958999196770
53871330876001
21565156210898
55270470573183
54664132556060
71593937949170
4340167778495
72517647030909
73651010167152
74601040647427
64488940180102
43380450087799
56362915702350
62331587931338
73485433405246
60838866368845
69942689486500
54479555686663
37189124820701
64327173095555
58168160311082
16338938205202
56330456456617
64359513384795
59096426219198
66962039317732
71594980089325
26394170148681
58517278232553
73420139812091
65214028020848
68732902078628
75589780836176
75570927392012
60076149042934
65430812396450
34243572719328
61565382116749
70966099612605
70533804805145
66627029130233
43559320629067
49349932416210
66436718499049
21575488842148
71736608235059
41336239021142
53852208553697
65489764754217
57452183467199
36325468652593
53424752032040
70856438555189
73582810281310
26947608940130
63656627658044
39128550855205
42506897856547
59835895632514
74141274406358
53483994391466
46617606451075
64104870298449
53837744576232
70706914708180
56701329802640
73953744851023
63988832261858
36063481788552
56597729949840
39204818568264
35002731065713
75016384135320
46876035628219
23805956428179
64501625307735
67590346849786
34446335378437
64672817598783
74254403868864
38720692803499
56033252371101
69457884148389
74156646557941
75191778090457
74746006229773
51506155030718
23967958585539
72622457943091
66863235516931
24928549054681
68291008165918
52427548327807
68873649195607
29023008050101
37316758171750
53517721432502
57852790089007
64143555566449
65255501032141
75189215299853
43585758908728
47760269715904
68802534321269
40304766516659
40772983623882
68078919675660
72547469519258
25441884490260
33892198367406
38883569191142
65240471951008
74265502918658
47135667525191
44615564733501
37268516160414
71088924487150
70484878976635
52615478946809
65252767942496
57394461053168
59086682569254
73342330351260
71722864719218
75036731074996
68802534321269
71217155849325
69269924671023
73600258308954
63144403720299
58884975304327
47400833909788
73876211157140
74450108035192
53148397862557
74136636126245
68455797588135
24997280111878
50999537470873
65851669174902
70121619761390
58931819659870
45732798728049
69211532198251
36049789057854
63753785132910
31446692184596
71524949259452
65259585413183
65334997919481
69943227093197
68626927983616
27171260511468
45036682811137
69019011917767
64046131783233
36226981738446
74514906401588
51681867390899
64515506050517
72726934604005
71052599855575
58220291400648
71009048932078
61831867974095
48878912418480
60744755619868
70006255183194
58803543213191
75088663457405
72469736954754
56464542472422
54388281196657
70982887066781
61814827600604
60687815437740
70644148648809
70185391593602
52880790873604
60622278857453
17162675764567
61775169536459
56852303445545
57658907807419
47855013042982
63737795835599
40562467113709
57836854585798
43787576845294
74726043725785
48721555131620
67825668401484
62440061410478
41825393100042
55039306880359
69028963115729
59051848650418
45698621643278
54186520778541
66850180693473
74968561556322
51694151768770
25127359448628
74404214894312
55047523996443
60442402911278
18221811082057
65771136133845
49282494472890
27090911606487
73178531856590
63333468468902
50503355001205
55270455831186
56365243404868
67030412269994
60925273686412
18937648359667
53356734889763
33387650193140
39642807808043
60077024736455
64412010008114
71879564501808
61671648192896
56697860043872
69458101021778
71307210597294
43126057190467
66665504656761
66461410687900
75001694465092
63823674821449
17839750297983
63740692688191
34742491995117
22600298173168
74234367935848
69308692682271
68195034268076
56811823700044
44018392320415
66540221882822
54656605785752
74940429538586
59989349285906
48191350267994
71705955888902
57053340965797
31192835036253
72742239294368
48783601890594
65629616621060
36811072285705
26349937593887
62595525769479
40292406363573
46317937090708
27818854842885
73661293070778
68046002854871
63210782833945
69739746547890
46038481738481
74526978503876
55344833604822
66328843400470
51309371922275
58799671695471
70881020379896
75713385919235
71696729069126
44139101901884
65384284764249
52720976017092
71040162475171
51649082300966
32649615687178
48273387822206
48135471536104
61039306975582
59660148823757
74715017905828
74240584296438
71801751364029
60908432994309
64905990480740
58753331798239
32692477939655
40827208488770
48616755724714
31874102996960
37753740617690
57176691409553
65553566756787
39008680800979
38362941733385
65235306028550
66983038583604
63691551251597
70398805634821
43090390008683
67736878828519
73126653476348
38787043544070
48966677795931
63666963207071
59284180808478
45408752202063
66795893487070
59154873762238
73955298386858
59344501824148
64009364495085
62800328058688
75146749074401
60332351242336
67977906929132
65745524588625
71490936001763
57036969415164
44320790089859
72133325862750
27548385328722
55717316114054
69826466164721
1052829499775
67605543037256
73869514675616
60168843110304
66844729847806
30373345762379
53706129516196
60168526060376
75600600335856
59404930320964
58915288753376
69930068112309
52449091815389
58738786288753
51401091484304
51451288500146
67430026146689
58806999343512
69527685797522
42015139902743
73604508604654
72390207448417
30046726113625
70124789792658
45055198370643
34812169876083
58455188542361
30928075411957
39349454998392
55264106169316
65260481296494
34923210219547
62956386761101
46131238681445
61080499311609
55965030598838
64677030737431
45048019932296
43909720190800
66402107533694
51987233171616
66337902781407
57731062346176
51635986569081
51496878926191
45219653880577
52932508399587
33737236709309
41936005949355
73259021977125
37364565474276
74921590428951
69822261442872
74887963987302
23944536211593
42820242551366
56627385265252
55678260002638
34318219981986
45731547569090
45880153348017
74008516774983
52992739992095
70755429606953
50653135776482
50259976098198
38454973179620
65159268099550
62722220309832
35651683942401
49893378623600
43528342067293
71537891724481
73080055114345
65943226380625
74383693474637
63838847908746
11746195256803
38435506235251
41603439106956
60345522670654
66292320486379
72926753854582
71954088786879
54588728288750
69502359712206
52297724660582
50068136293962
54606099281860
40296894713767
42512066333176
39491650472169
30603262025370
46718532993891
74418495982363
75689336064455
65346881691053
45165022328263
22896387242080
28875862557527
62702768777959
45376967950072
32311977391739
56224416363695
70743684623525
57730908112172
35608858380449
74840791146432
63582659343945
71313552548458
58439961098385
46454068083592
69621847788198
27018245558678
64770842422486
65404198706371
69171775170544
55665344752511
69575094435807
70737489754330
74122797172979
67264003005042
73897067195875
72281719675275
50335213649825
49927058905933
71653443499288
62841170351721
35132025844933
75281158114376
52603267199237
65452141357488
65015561094322
68502955555349
66263892557987
69557384257192
62470593980896
54026023582004
59223023784952
54174396712482
58952952185600
55308253788608
72760466584856
63715114361819
63180630562708
41140889433848
74590546825970
63617701194842
62051336399704
71019421499129
48361426819734
68278640326103
73277523361874
46317142278459
69603371584991
54859687809163
58385117060330
60931304210110
73581482473323
65375532030970
55281231722758
69981636891990
75071002539763
45723863655246
64512098972223
58304566853591
72695673095062
34947977001628
28672215540146
65831554638257
72437664883604
68931450344489
54434141178096
66639136106779
35642591094902
73020645731755
29520197001893
65259474724061
67057897519722
60725162577238
54976607282806
19207189743743
54087000260232
46091945489601
57825086095381
53675760349662
39432727415114
45454160794515
55072919692214
51363176737130
75579498941188
73558189732942
54968478057118
51046181388505
55388168768679
33131299348881
56527131873321
75347228463164
59698946328209
67084369033964
39165761585386
65035818163990
72224068204107
67773996792033
58047315916422
34581748231841
68523740990771
60380515416261
48287255341281
72234098675934
50145771927547
72925018902738
67669488053809
72025000567284
75032014098501
49120240370384
66107242334336
70685851690805
46509821616461
57389799588360
63420900719604
74531716631742
64087909609380
57639244777386
45764963554896
72364214458069
40384115155882
69977293453550
70059115366027
65745524588625
73133916273588
51792215092268
72294384951823
48938666025611
67807630317915
52847816507056
68123578006730
65467700857873
72959860158916
53722928180906
59149645631816
44860767999729
40296036275314
68512905680977
62269025224760
53186646874888
71110778098733
52713008638302
59091605602207
62187795721094
44214524355846
62615029332654
68103907338044
50824036453227
44476089365148
57943871696918
33912469333297
49799416998373
37039153377873
50752585918442
72550698625125
68649783284604
65295250266457
10579855963940
50997494965823
51897028535642
65126739496036
71870358251568
42991259111699
66861546538324
54707771200063
66763322270662
47101931451574
54850397288059
45060697616605
51373479566662
53090260732369
49451970692976
67749542814667
74058890279636
64124044123250
53320936433887
75107487455009
64332494255541
64905146618235
62831981490444
40625643762967
63719873416255
61256208505413
70055736461374
70077079734821
46094268011875
67954496732068
45011343983538
33667911601325
14161337524607
74236878484010
57494989019944
74024180040964
43936981719939
65098789622306
58910503926951
48759266885427
24700921843969
63242870430133
73014311175842
47789229270614
62523745339553
57820465803015
68865669887434
60838498915832
68266078220899
69423825830073
74462721032365
71862429224335
72927330540000
61779794489675
55881439720698
27966130778002
67019108839520
75510326144320
73618757909297
52067779893389
27561388842923
65522062370598
73819705519596
51198716762979
72390422135851
69338578102743
59933233586183
75588696091592
36106071073719
44710626708561
31581107412377
66988870176276
65487379718874
26249230903792
61307585386678
46977859915646
41174168590256
59881141695816
58257021089155
68521277513428
55364709204895
54989240488284
61624866596531
49583507734989
38384886620641
38067458764686
55904818379929
61810308201352
57214994074760
68412178405212
75765559149725
32981645357782
50789508035053
39720127943472
70316344472177
38840651534929
65784925936794
49299790503119
68492372259484
63201105880421
74380608380205
38893378663709
61644128353607
33376003253417
48652822638645
15345536576929
69387145638734
32403826855319
56423842115956
57801948225526
57445848903438
64526323095299
49558654293859
72528020441895
45207101584925
71507584958323
63636864201727
46612112163987
61382886508300
49890189032720
67112315574863
75382936336123
61611877406678
74207378147261
35058489665521
68436290057408
53315086723891
67729000823225
74050435869936
69913730752128
72784703252636
73106770261068
50268092533702
73718419867122
27059895038033
73565048954084
69972433648593
69392064368729
20742828744514
75550192092156
37600239920363
32741082898829
74537585499463
70405398022796
70955545205573
62654015602401
74254403868864
72680469720781
45293282730031
70249736441731
51115129326674
40207586493283
57403700912959
23424677615772
44332845350794
73210278458388
72431176277095
73373244506004
15519049249849
50346923109879
58570391189346
65403102018176
63929232925984
55516689512208
72078257511662
47229318908740
40935177827933
61143687645659
75316000840268
61796969392841
73351793125140
64411999697998
66888102716889
21189800850352
71411433543996
66756530486634
61470275722323
60454999921795
73534722658636
46546960137099
47000784286858
72965211039850
72368325333079
74613381314159
66921774610846
65457100626309
66939560938782
60543563722911
56708204013262
55692519410273
58853930573180
68116850993373
46877615669791
47352178369287
74559201290106
70215182322519
46162761580351
73196867343173
70016482967960
47966997402878
59536223149313
70420729846261
45331962377752
75676778737610
70975936926530
75510326144320
70023022873532
41054280041086
70476532278249
27173008586209
53902262754016
38703798476601
68431136747565
64495567128113
57373926920178
71038369461195
73872178833590
71380935472436
63712651994461
60561365990908
72761029722234
65377899956796
70883072653422
71674675583241
65293608585980
42341461536737
34887182263502
68963798798733
65755639937507
29229418385359
29755501637608
65742304978475
55680564828020
61313985947973
26873362008966
35335573051099
67188323261329
64796813000955
64532838507687
71800017149120
51394513686754
55702342486085
71235343405142
52665129800060
61982408530191
59796900292586
36173505157536
54016846142548
71794362414166
13187256178911
31994829529879
63951367595539
69613565379041
29014275364252
18325792273177
42138318829273
45225274966151
51165537989112
34243556669933
33498797617438
51867446537945
11076567210551
42083733226731
39559977983168
65329742201906
57389109274087
44694528500222
68057934771610
70774866085046
21577334527863
44850940178296
17472052491646
70820150581387
74481262011388
61939512474841
74625457672998
63808372457956
70896341574288
32854564688286
51863114361024
44040622903666
72720045204593
42373134909997
62454842404064
70412674243019
74311608587283
38124912865467
45893956046704
66107366333581
43194638358353
42702064024005
74921590428951
50534557420356
41339787206162
55415670424483
63874407242736
33485682825313
60648981763371
70342312065734
53492994185148
51657375259298
54163898147387
70893535902594
35927770110134
74273976902507
67092214455994
52898898171547
53116840160469
69221054559670
64696346366185
59563426377552
52749460273333
50418300716185
54739376115987
68456325419602
65076562263997
45962603452571
69920908115570
57662258071186
38936572262211
51664456229176
53532924940752
30008498658377
52590761709675
29016037871528
41735052558760
71440602785169
49655246940580
68924103056696
74245203724852
70507229200780
70974699049041
46628959396286
30152681973226
75457808881890
46492706683872
64325268616360
52333808635144
45368858994204
63593001915298
48797680670808
60640733260727
56972960701553
31645289722493
40025779927219
60160897751144
67669195089140
60351650686739
69656818423935
70735562615458
45074877975298
63288124952935
71572168983653
20945857831605
53778870189910
53658331853184
56516859581895
49463659759417
62926175221107
53939565870995
70876832777361
58603906034162
75553203550326
57951667388033
71294304902981
51286869352301
74314075663584
75470366187263
34315970499285
50155186481396
53395786572903
69047153718457
48640051586962
65874135998090
68443195379883
56270350717731
37252518192313
74639373562151
49801972909195
62536447721744
62743208929224
34633547383400
59096481217322
49989092744810
71991193010386
36085998537068
54456483580748
44492203511010
46012544430648
64428068638526
22882391252598
46033348853421
60649500925551
40768596496754
73723318212457
73953744851023
54323802126863
67043006943415
48560266742584
58055896609510
59558681444065
74970602067225
70752752376887
55022656227412
67328865815072
54799293446110
70828938695427
33925762326939
28894183212739
64749914720728
70512434773482
56349144837512
34276434393949
68795759766233
74242678484565
26278069367558
72306147175856
57225862291491
36043793916660
42679312788544
65956592652339
72267569123162
68921857001755
31325349826557
49815659136940
61730196765875
44170679601462
28348846119138
73178531856590
45341453032490
75148588428905
67304512004878
44556033710650
53192444408116
39242694917379
67388936392311
67933741350027
74019933627447
59719427630192
70718668866595
74240584296438
55604541093980
66881512437006
41527567586737
53774913226322
55398635517297
74442595388588
53816137004143
47279249505716
65167343370465
64262257405552
61785586958094
39651654080211
65381525884851
73532548437056
45995349040209
75550192092156
23780847056765
58193887603227
39974059285538
68563057916054
74245203724852
49019834620993
65110845692655
67293578859085
66826093756736
55010273554873
51082825731434
64261194532291
36675114317613
70079540236282
28698073538785
70583692916088
75533002737357
57482191058623
38676020865281
67283754726337
66829733883424
68813458463102
72180254500830
30452520258591
54934316774067
72264770770596
73586157363182
75553203550326
69248984557818
47971054785161
46771698492059
62018136143158
58511321158494
41693134618859
46806607275010
53786614694746
74552022348079
54984663044829
32456384628239
66347688248005
43029101780504
72547469519258
19867322659380
65165448964819
20470853798798
71414515506006
52413685200930
50836887147591
68775293405388
55570900179555
60092577975500
67422929373598
58477794090192
49350820893780
37709179619123
33978316221029
39821834450707
48870060262727
73878643509531
74798249282652
61002176070164
59468369551702
75689336064455
69970133585464
72323330897565
65614223283722
71993771792614
68762414105406
71983282000025
33941081680671
36999673089855
60412352945759
45497534926437
42979640842512
75641911468955
53582934304231
20941653859736
70138127451623
74779356635389
75285543125736
66628438086596
49752351790531
55849394208579
75281158114376
71313032807594
31294651735779
69647553136096
61296237899472
72645728134489
58076733547842
75376858828182
43781485675260
69648975028026
53585093742546
72353689077928
45061633069549
73037806789466
45761193723811
72124262144572
64413490843836
62089182428994
53190093922363
67252878817474
70498076522756
74624736744741
69409458192317
61585815314036
43718067225609
39267473159095
51317515074406
73425782288164
61663866606258
73080997756671
50487635885381
59439818719894
75591745075316
68742530071839
69532205136467
70020160648675
47098615981989
67092214455994
69114845964558
51740676960286
64315124042065
56269589809023
74481262011388
56821747423568
18124407362064
71456478756993
52393699664533
57798680317075
39923909573627
72116160632881
42699292061828
65939054534218
70942608197634
67109036978974
67708235833940
66070301548515
65541540334410
72347543966274
63152103457349
64049147155147
35815694429043
65375880044948
71334989683529
50749842645018
73921729847693
71089825140774
66101239414754
33770901624249
71380210890793
50534616869055
70044793379652
47393377560944
39105071581650
68791780823735
63591188225899
29616519198985
54696977546094
66385035571513
45213887680330
65415641179715
60628617591528
26222658407253
70921243618510
35117955006348
68434071309228
68318868593481
74218575160406
63766955216619
62521390074607
56872782732848
61132850451838
65765651256702
52781849190814
41794005362451
50959486212400
41304461548013
67242886027993
73050368820324
37411544546488
61006089365006
61999502452355
63734114708521
47797925646117
31178313920555
72698378472147
75641911468955
58444778279697
40999745234597
67822776277920
36449102925170
23781457502586
33044372051558
53105473552107
30118335724721
29276104679179
46197392108536
38708410691549
53335744869083
67247984463115
46141141332494
58468928631808
38074366270298
39777028233631
55306899733108
44794873003351
65455010455834
62821562872696
71037461130836
67783377592220
19565054476130
53451123415498
67060889130953
67171968744172
70603332295891
53232990688357
55161213531940
54034510779018
74852611230571
34955880674741
74287031305744
29656470319927
50333541062401
55080054367752
62633750164370
51882252686869
53764113780073
71047183984855
30655473179227
27951392932059
66675537085104
52076529988263
26256412317038
66865991562325
64201951656252
69310068959315
65134529400417
73918751230335
48599108726965
62949179562503
63840721789780
53752026342342
66399815398208
71537891724481
41278202901511
70794472719926
57955836343223
70692361799616
33177509117190
55234227420556
72640526371428
50190028117303
68952675916613
72367289067768
74134709954464
55430095556448
74948720286838
47092502374121
74369280170162
68356549390130
45846877124553
72499373822287
74296821616526
51478666743000
55662500931110
64945393087485
74412395074929
63005693581216
67508375840649
61970284262672
54315959902744
69860124250811
55158107329808
57739535747741
62593254705820
38488482886671
61885806339383
61339112068803
73625033437698
69403614373501
45309461468661
46156220431314
43016171419486
53348563510205
66358699711454
73276806509942
73106770261068
50169568708820
47368814435258
47477631874540
69147753392962
61334432408592
47923713948346
16256422914660
56803171142397
29541183655688
68278059472042
55686904318356
65381525884851
54457034822421
71276681750940
54091699979943
44066280829350
48169210874925
47395309488345
67060889130953
51260672197277
29799546616416
62954019444195
67001883347644
43956625271590
30574576874847
69936971333037
30720759140106
68907590296691
62523283102485
71750767643538
32048568310763
19627262167540
73055633685927
35631007232415
54804070547577
56459433503085
14142206413687
73916820859462
60250416938425
32955452308263
65339739722206
43954713054764
51131529448991
21938730244744
69188836910018
62617005451387
72592857382841
44382751637432
68357731848226
64039732475141
75098845975466
62169845277756
60216320561665
53630094982387
68066875495485
48111401483675
48432578240986
32571875934604
60917591771204
48737941788268
55543104513597
72183063281307
37516679604200
71225996864486
68742546075023
32606071850849
41400566133554
35440162873557
32594864054390
73767779560792
66856156343864
69577799777360
71991586181900
38821529365549
72201673335403
52558967934394
51219054773752
73934491624604
17441997201213
68944048340511
49102774877224
74497532215859
59901692587865
50681808776006
73707123884899
54635415818400
59522083952124
62779258031075
61292794460334
56506675089358
57458440236498
59479916568445
46479259203436
35615120771874
63507469760601
71349579343614
66260952984599
61145647865414
70700928029112
62859475145387
64457003399191
34182208059907
56713240810622
73694481081139
74909564680986
66030359598263
74642919959525
66527338859468
56030197552791
64507948697802
28027516456369
34434546605821
36470805476605
44619795186379
48277015875145
52078175141586
73323801235770
59183417293820
63434101553728
66458803431444
62272312779942
20934779070718
71985298433923
66901660707752
63282866559109
73087513606238
41740258663864
65304370441785
32496360889836
54505432921427
70229616203816
68688864397255
55169562129408
58241033479650
65674566506609
23860904038790
34484276457081
58294093565472
43733709987102
68479281098497
50412104826134
41440727885175
51592364857838
68170594576710
62372109304952
57453584100905
74587471204178
66502823242169
64132528716975
44419556886216
64501358979304
15322560925056
48553092658983
65598208868239
48366855717036
57298942517293
46344276885549
53755626451075
74053212506019
36451247987203
66599100292001
64486072821127
43048748352721
50555425482605
65407360737562
74396732314175
28595566148708
59901623942249
71696742006093
61088679689032
69243829275615
66879023013793
65480712633983
60019935842614
70673878083818
71644534978017
48706453250556
49734932365171
43233683921514
49620981997148
61196213758341
57249541025846
31086397821978
73978809330546
73831919723115
40790855805585
67175930370091
66220216184120
59788795739458
73693750390529
56877584059388
56312998678986
70265118108904
59831538111903
65474307187373
50346403373434
49654022747586
57462692742873
72650767265635
36522754299726
63425595885134
25138105013260
56474775886173
63674868692537
56261816927367
74299086952430
65823376474868
70363142962890
61031046057790
65584433032106
48133162382319
64011204444299
59072506308379
72468459930496
75010038695225
31261494591626
53465225508409
70376263505199
51990277362995
66017785373758
49510528431279
41053464848078
75360367305839
61473045600999
39383233765644
69336413938533
57250840248614
37227714159047
67537289178387
64970088576762
69190271481623
64171801410509
62770380653779
72637743280605
27775725324211
71819867609184
63377394018303
42880040471566
57796451917181
50198428176229
62374317581999
65959540522783
75281158114376
72584375376835
66703645260196
68616415307148
48133162382319
32425636603471
70697366440057
58515992087401
73350933438458
51192799285291
46196116015033
39019321131694
39494715028436
70472286102739
55137389976510
70441110926629
44798299262412
72145602123313
62451621761991
67125024658390
54826930139900
59862428546162
48202998745242
68936899528995
50432951488341
71566443469524
63714288407543
23489322633430
46580985367047
50592275260017
71691004345712
46048070012673
33422910774132
58960177515523
72389018267130
65950797768522
54455981451075
42942077162132
46424143534223
53889102929810
67228298312293
66675390125258
54263197386451
60233364572405
26299137747769
56226387314735
56622061115587
36896230514363
61928030141400
69560304084051
31531731376719
35348043870959
64716059279402
40166558715616
46055160605741
51759057980463
61865836582439
73186932160324
17535720779976
65487026285854
47087872674588
37311010112996
74458690131277
61469076882469
72128068270457
52794045936236
32506078900545
60844389823906
58950573363114
58756329470203
66649595037823
62362359609142
67931810320785
14206682257662
71751464062385
72573335365116
40054882185859
67602712334785
31126333765882
67488186966742
38819140364226
60833553640771
58080138893388
75586459057338
60421292359549
73084069370631
74306513024058
69722896677195
55509414424253
70591162470511
56561307874327
69489057373599
48756361814448
34254125443823
64445054208805
75043212806725
74255831929037
39207583528932
68850826416838
64972966317743
63144496069073
48974273461933
64370049902336
57021033160162
73110785062266
26921846108639
58560538176341
74651125203133
38706712348322
44207496071368
68608773353402
38992312278399
39686646771222
43290980364292
36164782845080
48248809106066
73008645069451
71142725160657
46440113908573
24510241805652
22090707064065
45176189481771
68138355163623
52157215912663
45071077643012
37913426446522
49550378828396
40825501554085
29490883762540
70030922505042
68403429336978
72687612978005
43742616377284
65779093323397
67031284097088
55170588720377
36760409320006
65356393935365
69223345370303
65687921911754
66626063403221
64721690802129
60038883469073
73134928828961
51325332378141
68090737139779
61328940106589
56486411757553
68540849376472
58362584002756
72042297600652
67524194695760
60652624727997
35512231122591
61639473164097
56577632171719
62113143907809
62937938232157
57294663923390
73762016483473
75198634477007
13637163700354
55067756895308
74216870937860
60319901309450
71302344484894
54242938649095
45915755361342
42924833654633
59845335111405
70602689368144
70915353075451
63077885520494
72951616689190
44392030901320
70488736527352
63223113038391
73200206609748
27703536852491
63430976936101
67908680534617
72230796642583
58352480891053
42280052032853
72032437928089
56195849991689
51734594308507
54548263279482
65335907098726
73608361290248
72919541331472
63377877340541
49957911346170
18862097276698
20923441600482
75430676003371
67169082375567
15833571111303
67672076344515
49628980994231
71658424451160
37690765221177
57148310685009
44625882148062
40691592673261
56551477241292
75765559149725
69564971399225
65480712633983
42128266297687
39395249186914
43276459509111
71254608644931
70849887053392
42722889440085
25562729629109
57106195371903
68279345084376
64112365927522
49671539002679
57654480093816
55195967478503
63751279414476
57843904958304
62710520161896
51261960756276
51376233746647
63919425163141
31284824701555
47159986136565
53475028573127
19492181405126
39769132315660
71843566373834
50629002634840
66504184827049
50336510385968
66231192410207
42551895630109
63140094746504
50543930606965
39654746627795
52722806296530
61326369109590
57414652253839
74460683855551
35528901049225
55139943708679
53389407050084
60592262724427
63911328262458
68487017336728
56507964074229
50796090094479
16690454967868
62489879310580
73275013560881
75144298157426
75533002737357
64949113563753
65491089418722
57786470450054
43672400276284
51663446106793
37649212986980
67755281758455
45748544222984
69552313314096
74991429716778
60996894302202
71246115667400
66294804927463
27191950871425
23959038409509
44003157871063
61409244479945
40496120716522
62450173763057
66398935917077
53513313662179
68283968781879
75300440659454
38693643190829
21629057660027
20554765557664
73506250427323
29543342584571
55055511726747
66837226399351
66390266696071
68594997999072
53280545736524
39425527733189
36885647454602
59746838481858
74893787957565
57175760099783
71583418874742
24965515748302
62865041213091
26892024219742
69616454494588
43298173807714
54999792549575
63924257994568
52957465222968
52263369713904
34401121922487
75191186431698
31777138634499
49572971646502
37524220771082
38014433571956
56068703575139
64548410689905
57674841522181
61365573288075
41135588161184
50062556332000
66104665585926
53589118036425
40024510911678
50250720907276
33490172880033
73258656707693
62786477604811
70506599457359
65383003830804
51570324642217
39934358438788
70271448840155
68061130484785
62846481821235
56299165018754
65639982420863
35366577532025
58971665938441
57660293148859
45505812502751
51687805761020
49586791668085
72759762432027
19598610633199
72732878771957
75689336064455
29951087151443
60225825539268
50674645883222
51416632070306
73943742490170
11118812642749
63585235173352
62301256939273
72101516845159
56639088065505
69344871820046
48796923622635
49486208987971
60289880259511
74620296811963
23810647533959
63907619589109
71664310090193
61907037564383
63822292014204
73687019548599
64592845924868
75319019504936
71300188449525
44214524355846
72878881595788
69017093645196
68262494734856
71897758055034
57595735205720
57267503735230
49362935143840
72721612983618
61123298522088
63089858132136
75119194126729
59791528849093
70594322583696
43228798185844
28561668470403
54434839314661
70628440409727
64418115080287
54453095046550
65647675556707
43328316696639
37406218838405
69101037006096
57140595735666
27516105515066
48869080465386
63441846474537
28198481045305
57846004906502
67710066424033
57967862137177
48751266157076
61355180411287
69984760632795
53615297009399
59380090671799
53014735215946
72891651648426
50338378369505
67927436622400
32316677980437
71243592711123
59692088401231
65960146346823
73978710790102
69481001885746
71052880469332
53225990253796
31208748000954
38804399828727
72272937865128
70140448446290
60758842351016
28435938608806
51674431281445
45860394997882
52922364591843
58263789767222
35895420880231
48576019570382
57240798443400
26315031446670
58402499340833
71197653564223
60802913802096
62653608366991
55206925372405
71149233772847
71270387528404
73968045261428
60958823542314
63439109239822
45016127398284
66030176999509
63004166079520
71102789993605
74689651579813
62710227525731
60099602830000
56693222453200
33071662935537
71276681750940
71801629403943
61477544000897
46729640528305
75501726990142
55345990951542
49927621397791
70263631416885
70676000930421
72851265520037
66089207173698
58285185788278
16029131524385
17334289111783
70301971921410
59167255498108
60798844069357
69415838552085
75637189090331
72348003826389
75600600335856
16638236195315
63585032640174
45653773025806
51002918690638
69357621139693
75389885215475
49878404833876
72092831741659
69538216988646
71712063703415
74468637643059
48828834913624
70558672750146
54112850795005
61411152890154
65160207239130
48635627686283
59137800470448
63644347146672
62200033513215
75394269906468
65404017837877
41479263157662
40568379197717
70409111159558
39304739388641
72526993973424
67993755005698
64054081932458
72612320703300
71118750727205
72465988867400
62641013256894
67199640337982
27302406485143
71801034836936
34236094180997
22102812004412
62135844766029
53210070181730
73675771693779
72486138788384
67456294616277
56027372416007
74054377576729
37004767681831
66429831861088
16871317449365
53677915907004
53225292601832
47288993399829
72465534636154
54278384570327
39469820818564
60117577160589
62177489595110
31187251598513
65505909425576
75057264835325
71709952701067
71431051902993
28194950279380
54296291587033
39570963861986
57880672767682
67022097460764
72071563686773
23932195638949
57523594375900
70387750480934
44975069734881
57785608975742
72214098342685
70502882323127
49065576033997
68567845400572
67721462987467
61460334976499
64145915351844
26451851459391
64405437490151
71908595997397
70492179169298
72968636732983
75257246690914
47215567576494
70177039287822
62332751853168
47315236484792
41113457331871
73652844467228
71930399912376
54135409266414
52742548421044
48829706983889
42138428707869
63144455620473
32941700242124
36671648749332
55371164861757
73908963676076
46846484672047
61179171653984
73307044293069
71961997270826
69892730327685
36304572144227
46578282933644
61159399195276
68576570317709
69769270158484
19842107942326
57044607793055
63804574555573
71593731531437
43162280496688
72832037267214
64366477195151
43700635377880
58971238239523
69152370582209
60047613361106
40897799212565
40382252687193
67762077698975
73285184481282
75394269906468
58825497565350
56504523195132
73379931761371
69849354507889
64086597360028
54735879056769
47609115599421
67597572487442
69987848272562
60902997970319
66729718445728
72999477951363
51955317297523
57786579246995
46800851612670
74577056963104
65455543050258
15959665919796
46698728862348
49990555329965
65949148023886
71821047773300
62419083524730
45869489952440
58967073141388
67749231687540
59610616980009
74740543496433
69379531695109
50437811667502
61977411914678
73978809330546
61162101121290
39097782807268
56558898954625
60413427468643
48314876205074
72029944610002
60920617382044
55558941521905
62152808455427
64940673263923
74940429538586
58478313578146
29133928989255
50406106771212
72096474406195
53363862108746
24543505660134
46379830822572
66404674079842
27235512854890
57535709814962
61873179751063
67957528610413
68299070494331
56254294843434
75260927759314
68602126753724
75347228463164
55419729077336
34895623736419
74507467732925
43874694298824
67553926944213
65107552833701
70230696539861
64418282927384
24656103493644
72091336775989
62086328714072
74995904482779
64314049095551
52159149328297
48008579257321
64721004912256
70582811143215
74020779423127
25416269258880
75300440659454
67598104087035
72678340195550
39066321569411
54826493874598
57326019678703
70498438409677
69298501122964
44888442969485
52131197122903
55765856815041
71787863693398
30703700915364
72850877922313
70280327512580
42333001691064
74186842561043
35000742478807
63087550316916
48703327418486
58600296455587
73955298386858
55658114202562
74215222846552
74292917951608
47202404262301
47060287860796
69146502338018
62200372967409
43114333508111
56807898338690
69371879822371
61576875638925
48517713830244
53214073395307
61351717030206
74227050193294
68552531203682
49410325064584
29721029273018
47891711037626
63966463305353
57703082881725
47744966998478
19509906716838
64584349837990
69826466164721
42796719780411
62329922096573
66222320020764
61088226758706
57305098673912
60651028139350
56397789729713
55833663530477
69996435464088
45240134473425
70336917638359
58985519423279
55104498432008
68489328760064
56359260946270
65996396140091
74396732314175
70421842914699
66094561280325
43660865852828
35014970895254
68675364863044
50659405953597
22170085960299
70331729302141
62082427934786
74754865968577
38748901590640
28897602297707
60271636013275
27253389628946
74822410085702
71749112807991
67308002586375
51896347333463
54623235258219
72343369796745
61589081138966
44872218831445
68015567917659
42390334453279
41159725920062
53568303786811
45566524657842
51708797370714
46178284944282
71600866259117
48840562955547
61052202493681
75245858251696
75088663457405
55784867773287
66052783022438
39227602402309
74481262011388
38371630270695
39105300260509
71736608235059
71009174486085
50522590335028
54511009891819
65946458031685
57645724313891
10882696223548
64942138665837
64692986874152
49179169650235
47340753132759
67289929080632
38219167294115
56939530319515
48194956915237
67860091944964
31378998806697
72125799435964
45255049463889
59458904667334
42795138740588
57877493399759
